[0.011s] Invoking command in '/home/wuliu/code/rtabmap/build/rtabmap_conversions': AMENT_PREFIX_PATH=/home/wuliu/code/rtabmap/install/rtabmap_msgs:${AMENT_PREFIX_PATH} CMAKE_PREFIX_PATH=/home/wuliu/code/rtabmap/install/rtabmap_msgs:/home/wuliu/code/rtabmap/install/rtabmap:/opt/ros/humble LD_LIBRARY_PATH=/home/wuliu/code/rtabmap/install/rtabmap_msgs/lib:/home/wuliu/code/rtabmap/install/rtabmap/lib:${LD_LIBRARY_PATH} PATH=/home/wuliu/code/rtabmap/install/rtabmap/bin:${PATH} PKG_CONFIG_PATH=/home/wuliu/code/rtabmap/install/rtabmap/lib/x86_64-linux-gnu/pkgconfig:/home/wuliu/code/rtabmap/install/rtabmap/lib/pkgconfig PYTHONPATH=/home/wuliu/code/rtabmap/install/rtabmap_msgs/local/lib/python3.10/dist-packages:${PYTHONPATH} /usr/bin/cmake /home/wuliu/code/rtabmap/src/rtabmap_ros/rtabmap_conversions -DCMAKE_BUILD_TYPE=Release -DAMENT_CMAKE_SYMLINK_INSTALL=1 -DCMAKE_INSTALL_PREFIX=/home/wuliu/code/rtabmap/install/rtabmap_conversions
[0.058s] -- The C compiler identification is GNU 11.4.0
[0.101s] -- The CXX compiler identification is GNU 11.4.0
[0.108s] -- Detecting C compiler ABI info
[0.169s] -- Detecting C compiler ABI info - done
[0.174s] -- Check for working C compiler: /usr/bin/cc - skipped
[0.174s] -- Detecting C compile features
[0.174s] -- Detecting C compile features - done
[0.176s] -- Detecting CXX compiler ABI info
[0.244s] -- Detecting CXX compiler ABI info - done
[0.248s] -- Check for working CXX compiler: /usr/bin/c++ - skipped
[0.249s] -- Detecting CXX compile features
[0.249s] -- Detecting CXX compile features - done
[0.251s] -- Found ament_cmake: 1.3.11 (/opt/ros/humble/share/ament_cmake/cmake)
[0.356s] -- Found Python3: /usr/bin/python3 (found version "3.10.12") found components: Interpreter 
[0.399s] -- Override CMake install command with custom implementation using symlinks instead of copying resources
[0.422s] -- Found cv_bridge: 3.2.1 (/opt/ros/humble/share/cv_bridge/cmake)
[0.457s] -- Found rosidl_generator_c: 3.1.6 (/opt/ros/humble/share/rosidl_generator_c/cmake)
[0.461s] -- Found rosidl_adapter: 3.1.6 (/opt/ros/humble/share/rosidl_adapter/cmake)
[0.467s] -- Found rosidl_generator_cpp: 3.1.6 (/opt/ros/humble/share/rosidl_generator_cpp/cmake)
[0.476s] -- Using all available rosidl_typesupport_c: rosidl_typesupport_fastrtps_c;rosidl_typesupport_introspection_c
[0.487s] -- Using all available rosidl_typesupport_cpp: rosidl_typesupport_fastrtps_cpp;rosidl_typesupport_introspection_cpp
[0.528s] -- Found image_geometry: 3.2.1 (/opt/ros/humble/share/image_geometry/cmake)
[0.531s] -- Found laser_geometry: 2.4.0 (/opt/ros/humble/share/laser_geometry/cmake)
[0.577s] -- Found rmw_implementation_cmake: 6.1.2 (/opt/ros/humble/share/rmw_implementation_cmake/cmake)
[0.579s] -- Found rmw_cyclonedds_cpp: 1.3.4 (/opt/ros/humble/share/rmw_cyclonedds_cpp/cmake)
[0.595s] -- Using RMW implementation 'rmw_cyclonedds_cpp' as default
[0.602s] -- Looking for pthread.h
[0.665s] -- Looking for pthread.h - found
[0.665s] -- Performing Test CMAKE_HAVE_LIBC_PTHREAD
[0.730s] -- Performing Test CMAKE_HAVE_LIBC_PTHREAD - Success
[0.730s] -- Found Threads: TRUE  
[0.770s] -- Found pcl_conversions: 2.4.5 (/opt/ros/humble/share/pcl_conversions/cmake)
[0.800s] -- Checking for module 'eigen3'
[0.813s] --   Found eigen3, version 3.4.0
[0.845s] -- Found Eigen: /usr/include/eigen3 (Required is at least version "3.1") 
[0.845s] -- Eigen found (include: /usr/include/eigen3, version: 3.4.0)
[0.875s] -- Checking for module 'flann'
[0.888s] --   Found flann, version 1.9.1
[0.928s] -- Found FLANN: /usr/lib/x86_64-linux-gnu/libflann_cpp.so  
[0.928s] -- FLANN found (include: /usr/include, lib: /usr/lib/x86_64-linux-gnu/libflann_cpp.so)
[1.721s] -- Checking for module 'libusb-1.0'
[1.735s] --   Found libusb-1.0, version 1.0.25
[1.772s] -- Found libusb: /usr/lib/x86_64-linux-gnu/libusb-1.0.so  
[1.773s] -- OpenNI found (version: 1.5.4.0, include: /usr/include/ni, lib: /usr/lib/libOpenNI.so;libusb::libusb)
[1.837s] -- OpenNI2 found (version: 2.2.0.33, include: /usr/include/openni2, lib: /usr/lib/x86_64-linux-gnu/libOpenNI2.so;libusb::libusb)
[1.947s] -- Eigen found (include: /usr/include/eigen3, version: 3.4.0)
[1.953s] -- OpenNI found (version: 1.5.4.0, include: /usr/include/ni, lib: /usr/lib/libOpenNI.so;libusb::libusb)
[1.958s] -- OpenNI2 found (version: 2.2.0.33, include: /usr/include/openni2, lib: /usr/lib/x86_64-linux-gnu/libOpenNI2.so;libusb::libusb)
[2.061s] -- Found Qhull version 8.0.2
[2.168s] -- OpenNI found (version: 1.5.4.0, include: /usr/include/ni, lib: /usr/lib/libOpenNI.so;libusb::libusb)
[2.270s] -- Found PCL_COMMON: /usr/lib/x86_64-linux-gnu/libpcl_common.so  
[2.271s] -- Found PCL_KDTREE: /usr/lib/x86_64-linux-gnu/libpcl_kdtree.so  
[2.271s] -- Found PCL_OCTREE: /usr/lib/x86_64-linux-gnu/libpcl_octree.so  
[2.272s] -- Found PCL_SEARCH: /usr/lib/x86_64-linux-gnu/libpcl_search.so  
[2.273s] -- Found PCL_SAMPLE_CONSENSUS: /usr/lib/x86_64-linux-gnu/libpcl_sample_consensus.so  
[2.273s] -- Found PCL_FILTERS: /usr/lib/x86_64-linux-gnu/libpcl_filters.so  
[2.273s] -- Found PCL_2D: /usr/include/pcl-1.12  
[2.274s] -- Found PCL_GEOMETRY: /usr/include/pcl-1.12  
[2.274s] -- Found PCL_IO: /usr/lib/x86_64-linux-gnu/libpcl_io.so  
[2.275s] -- Found PCL_FEATURES: /usr/lib/x86_64-linux-gnu/libpcl_features.so  
[2.276s] -- Found PCL_ML: /usr/lib/x86_64-linux-gnu/libpcl_ml.so  
[2.276s] -- Found PCL_SEGMENTATION: /usr/lib/x86_64-linux-gnu/libpcl_segmentation.so  
[2.277s] -- Found PCL_VISUALIZATION: /usr/lib/x86_64-linux-gnu/libpcl_visualization.so  
[2.278s] -- Found PCL_SURFACE: /usr/lib/x86_64-linux-gnu/libpcl_surface.so  
[2.278s] -- Found PCL_REGISTRATION: /usr/lib/x86_64-linux-gnu/libpcl_registration.so  
[2.279s] -- Found PCL_KEYPOINTS: /usr/lib/x86_64-linux-gnu/libpcl_keypoints.so  
[2.280s] -- Found PCL_TRACKING: /usr/lib/x86_64-linux-gnu/libpcl_tracking.so  
[2.280s] -- Found PCL_RECOGNITION: /usr/lib/x86_64-linux-gnu/libpcl_recognition.so  
[2.281s] -- Found PCL_STEREO: /usr/lib/x86_64-linux-gnu/libpcl_stereo.so  
[2.282s] -- Found PCL_APPS: /usr/lib/x86_64-linux-gnu/libpcl_apps.so  
[2.282s] -- Found PCL_IN_HAND_SCANNER: /usr/include/pcl-1.12  
[2.282s] -- Found PCL_MODELER: /usr/include/pcl-1.12  
[2.291s] -- Found PCL_POINT_CLOUD_EDITOR: /usr/include/pcl-1.12  
[2.291s] -- Found PCL_OUTOFCORE: /usr/lib/x86_64-linux-gnu/libpcl_outofcore.so  
[2.292s] -- Found PCL_PEOPLE: /usr/lib/x86_64-linux-gnu/libpcl_people.so  
[2.294s] -- Found rtabmap_msgs: 0.21.10 (/home/wuliu/code/rtabmap/install/rtabmap_msgs/share/rtabmap_msgs/cmake)
[2.312s] -- Found tf2_eigen: 0.25.12 (/opt/ros/humble/share/tf2_eigen/cmake)
[2.376s] -- Found tf2_geometry_msgs: 0.25.12 (/opt/ros/humble/share/tf2_geometry_msgs/cmake)
[2.384s] -- Found Eigen3: TRUE (found version "3.4.0") 
[2.384s] -- Ensuring Eigen3 include directory is part of orocos-kdl CMake target
[2.386s] -- Found OpenCV: /usr (found version "4.5.4") found components: core calib3d imgproc highgui stitching photo video aruco objdetect missing components: xfeatures2d nonfree gpu cudafeatures2d
[2.386s] [33mCMake Warning (dev) at /usr/share/cmake-3.22/Modules/CMakeFindDependencyMacro.cmake:47 (find_package):
[2.386s]   Policy CMP0074 is not set: find_package uses <PackageName>_ROOT variables.
[2.386s]   Run "cmake --help-policy CMP0074" for policy details.  Use the cmake_policy
[2.386s]   command to set the policy and suppress this warning.
[2.386s] 
[2.386s]   CMake variable PCL_ROOT is set to:
[2.386s] 
[2.386s]     /usr
[2.386s] 
[2.387s]   For compatibility, CMake is ignoring the variable.
[2.387s] Call Stack (most recent call first):
[2.387s]   /home/wuliu/code/rtabmap/install/rtabmap/lib/rtabmap-0.21/RTABMapConfig.cmake:7 (find_dependency)
[2.387s]   CMakeLists.txt:22 (find_package)
[2.387s] This warning is for project developers.  Use -Wno-dev to suppress it.
[2.387s] [0m
[2.454s] -- Configuring done
[2.501s] -- Generating done
[2.510s] -- Build files have been written to: /home/wuliu/code/rtabmap/build/rtabmap_conversions
[2.524s] Invoked command in '/home/wuliu/code/rtabmap/build/rtabmap_conversions' returned '0': AMENT_PREFIX_PATH=/home/wuliu/code/rtabmap/install/rtabmap_msgs:${AMENT_PREFIX_PATH} CMAKE_PREFIX_PATH=/home/wuliu/code/rtabmap/install/rtabmap_msgs:/home/wuliu/code/rtabmap/install/rtabmap:/opt/ros/humble LD_LIBRARY_PATH=/home/wuliu/code/rtabmap/install/rtabmap_msgs/lib:/home/wuliu/code/rtabmap/install/rtabmap/lib:${LD_LIBRARY_PATH} PATH=/home/wuliu/code/rtabmap/install/rtabmap/bin:${PATH} PKG_CONFIG_PATH=/home/wuliu/code/rtabmap/install/rtabmap/lib/x86_64-linux-gnu/pkgconfig:/home/wuliu/code/rtabmap/install/rtabmap/lib/pkgconfig PYTHONPATH=/home/wuliu/code/rtabmap/install/rtabmap_msgs/local/lib/python3.10/dist-packages:${PYTHONPATH} /usr/bin/cmake /home/wuliu/code/rtabmap/src/rtabmap_ros/rtabmap_conversions -DCMAKE_BUILD_TYPE=Release -DAMENT_CMAKE_SYMLINK_INSTALL=1 -DCMAKE_INSTALL_PREFIX=/home/wuliu/code/rtabmap/install/rtabmap_conversions
[2.526s] Invoking command in '/home/wuliu/code/rtabmap/build/rtabmap_conversions': AMENT_PREFIX_PATH=/home/wuliu/code/rtabmap/install/rtabmap_msgs:${AMENT_PREFIX_PATH} CMAKE_PREFIX_PATH=/home/wuliu/code/rtabmap/install/rtabmap_msgs:/home/wuliu/code/rtabmap/install/rtabmap:/opt/ros/humble LD_LIBRARY_PATH=/home/wuliu/code/rtabmap/install/rtabmap_msgs/lib:/home/wuliu/code/rtabmap/install/rtabmap/lib:${LD_LIBRARY_PATH} PATH=/home/wuliu/code/rtabmap/install/rtabmap/bin:${PATH} PKG_CONFIG_PATH=/home/wuliu/code/rtabmap/install/rtabmap/lib/x86_64-linux-gnu/pkgconfig:/home/wuliu/code/rtabmap/install/rtabmap/lib/pkgconfig PYTHONPATH=/home/wuliu/code/rtabmap/install/rtabmap_msgs/local/lib/python3.10/dist-packages:${PYTHONPATH} /usr/bin/cmake --build /home/wuliu/code/rtabmap/build/rtabmap_conversions
[2.574s] [ 50%] [32mBuilding CXX object CMakeFiles/rtabmap_conversions.dir/src/MsgConversion.cpp.o[0m
[14.814s] [100%] [32m[1mLinking CXX shared library librtabmap_conversions.so[0m
[15.250s] [100%] Built target rtabmap_conversions
[15.261s] Invoked command in '/home/wuliu/code/rtabmap/build/rtabmap_conversions' returned '0': AMENT_PREFIX_PATH=/home/wuliu/code/rtabmap/install/rtabmap_msgs:${AMENT_PREFIX_PATH} CMAKE_PREFIX_PATH=/home/wuliu/code/rtabmap/install/rtabmap_msgs:/home/wuliu/code/rtabmap/install/rtabmap:/opt/ros/humble LD_LIBRARY_PATH=/home/wuliu/code/rtabmap/install/rtabmap_msgs/lib:/home/wuliu/code/rtabmap/install/rtabmap/lib:${LD_LIBRARY_PATH} PATH=/home/wuliu/code/rtabmap/install/rtabmap/bin:${PATH} PKG_CONFIG_PATH=/home/wuliu/code/rtabmap/install/rtabmap/lib/x86_64-linux-gnu/pkgconfig:/home/wuliu/code/rtabmap/install/rtabmap/lib/pkgconfig PYTHONPATH=/home/wuliu/code/rtabmap/install/rtabmap_msgs/local/lib/python3.10/dist-packages:${PYTHONPATH} /usr/bin/cmake --build /home/wuliu/code/rtabmap/build/rtabmap_conversions
[15.262s] Invoking command in '/home/wuliu/code/rtabmap/build/rtabmap_conversions': AMENT_PREFIX_PATH=/home/wuliu/code/rtabmap/install/rtabmap_msgs:${AMENT_PREFIX_PATH} CMAKE_PREFIX_PATH=/home/wuliu/code/rtabmap/install/rtabmap_msgs:/home/wuliu/code/rtabmap/install/rtabmap:/opt/ros/humble LD_LIBRARY_PATH=/home/wuliu/code/rtabmap/install/rtabmap_msgs/lib:/home/wuliu/code/rtabmap/install/rtabmap/lib:${LD_LIBRARY_PATH} PATH=/home/wuliu/code/rtabmap/install/rtabmap/bin:${PATH} PKG_CONFIG_PATH=/home/wuliu/code/rtabmap/install/rtabmap/lib/x86_64-linux-gnu/pkgconfig:/home/wuliu/code/rtabmap/install/rtabmap/lib/pkgconfig PYTHONPATH=/home/wuliu/code/rtabmap/install/rtabmap_msgs/local/lib/python3.10/dist-packages:${PYTHONPATH} /usr/bin/cmake --install /home/wuliu/code/rtabmap/build/rtabmap_conversions
[15.268s] -- Install configuration: "Release"
[15.268s] -- Execute custom install script
[15.269s] -- Symlinking: /home/wuliu/code/rtabmap/install/rtabmap_conversions/share/rtabmap_conversions/environment/library_path.sh
[15.276s] -- Symlinking: /home/wuliu/code/rtabmap/install/rtabmap_conversions/share/rtabmap_conversions/environment/library_path.dsv
[15.283s] -- Symlinking: /home/wuliu/code/rtabmap/install/rtabmap_conversions/share/ament_index/resource_index/package_run_dependencies/rtabmap_conversions
[15.291s] -- Symlinking: /home/wuliu/code/rtabmap/install/rtabmap_conversions/share/ament_index/resource_index/parent_prefix_path/rtabmap_conversions
[15.299s] -- Symlinking: /home/wuliu/code/rtabmap/install/rtabmap_conversions/share/rtabmap_conversions/environment/ament_prefix_path.sh
[15.307s] -- Symlinking: /home/wuliu/code/rtabmap/install/rtabmap_conversions/share/rtabmap_conversions/environment/ament_prefix_path.dsv
[15.313s] -- Symlinking: /home/wuliu/code/rtabmap/install/rtabmap_conversions/share/rtabmap_conversions/environment/path.sh
[15.320s] -- Symlinking: /home/wuliu/code/rtabmap/install/rtabmap_conversions/share/rtabmap_conversions/environment/path.dsv
[15.327s] -- Symlinking: /home/wuliu/code/rtabmap/install/rtabmap_conversions/share/rtabmap_conversions/local_setup.bash
[15.334s] -- Symlinking: /home/wuliu/code/rtabmap/install/rtabmap_conversions/share/rtabmap_conversions/local_setup.sh
[15.341s] -- Symlinking: /home/wuliu/code/rtabmap/install/rtabmap_conversions/share/rtabmap_conversions/local_setup.zsh
[15.348s] -- Symlinking: /home/wuliu/code/rtabmap/install/rtabmap_conversions/share/rtabmap_conversions/local_setup.dsv
[15.354s] -- Symlinking: /home/wuliu/code/rtabmap/install/rtabmap_conversions/share/rtabmap_conversions/package.dsv
[15.361s] -- Symlinking: /home/wuliu/code/rtabmap/install/rtabmap_conversions/share/ament_index/resource_index/packages/rtabmap_conversions
[15.368s] -- Symlinking: /home/wuliu/code/rtabmap/install/rtabmap_conversions/share/rtabmap_conversions/cmake/ament_cmake_export_dependencies-extras.cmake
[15.375s] -- Symlinking: /home/wuliu/code/rtabmap/install/rtabmap_conversions/share/rtabmap_conversions/cmake/ament_cmake_export_include_directories-extras.cmake
[15.382s] -- Symlinking: /home/wuliu/code/rtabmap/install/rtabmap_conversions/share/rtabmap_conversions/cmake/ament_cmake_export_targets-extras.cmake
[15.389s] -- Symlinking: /home/wuliu/code/rtabmap/install/rtabmap_conversions/share/rtabmap_conversions/cmake/ament_cmake_export_libraries-extras.cmake
[15.397s] -- Symlinking: /home/wuliu/code/rtabmap/install/rtabmap_conversions/share/rtabmap_conversions/cmake/rtabmap_conversionsConfig.cmake
[15.404s] -- Symlinking: /home/wuliu/code/rtabmap/install/rtabmap_conversions/share/rtabmap_conversions/cmake/rtabmap_conversionsConfig-version.cmake
[15.411s] -- Symlinking: /home/wuliu/code/rtabmap/install/rtabmap_conversions/share/rtabmap_conversions/package.xml
[15.419s] -- Installing: /home/wuliu/code/rtabmap/install/rtabmap_conversions/lib/librtabmap_conversions.so
[15.420s] -- Set runtime path of "/home/wuliu/code/rtabmap/install/rtabmap_conversions/lib/librtabmap_conversions.so" to ""
[15.420s] -- Installing: /home/wuliu/code/rtabmap/install/rtabmap_conversions/include
[15.420s] -- Installing: /home/wuliu/code/rtabmap/install/rtabmap_conversions/include/rtabmap_conversions
[15.420s] -- Installing: /home/wuliu/code/rtabmap/install/rtabmap_conversions/include/rtabmap_conversions/MsgConversion.h
[15.420s] -- Installing: /home/wuliu/code/rtabmap/install/rtabmap_conversions/share/rtabmap_conversions/cmake/rtabmap_conversionsExport.cmake
[15.420s] -- Installing: /home/wuliu/code/rtabmap/install/rtabmap_conversions/share/rtabmap_conversions/cmake/rtabmap_conversionsExport-release.cmake
[15.422s] Invoked command in '/home/wuliu/code/rtabmap/build/rtabmap_conversions' returned '0': AMENT_PREFIX_PATH=/home/wuliu/code/rtabmap/install/rtabmap_msgs:${AMENT_PREFIX_PATH} CMAKE_PREFIX_PATH=/home/wuliu/code/rtabmap/install/rtabmap_msgs:/home/wuliu/code/rtabmap/install/rtabmap:/opt/ros/humble LD_LIBRARY_PATH=/home/wuliu/code/rtabmap/install/rtabmap_msgs/lib:/home/wuliu/code/rtabmap/install/rtabmap/lib:${LD_LIBRARY_PATH} PATH=/home/wuliu/code/rtabmap/install/rtabmap/bin:${PATH} PKG_CONFIG_PATH=/home/wuliu/code/rtabmap/install/rtabmap/lib/x86_64-linux-gnu/pkgconfig:/home/wuliu/code/rtabmap/install/rtabmap/lib/pkgconfig PYTHONPATH=/home/wuliu/code/rtabmap/install/rtabmap_msgs/local/lib/python3.10/dist-packages:${PYTHONPATH} /usr/bin/cmake --install /home/wuliu/code/rtabmap/build/rtabmap_conversions
