[0.008s] Invoking command in '/home/wuliu/code/rtabmap/build/rtabmap': CMAKE_PREFIX_PATH=/opt/ros/humble /usr/bin/cmake /home/wuliu/code/rtabmap/src/rtabmap -DCMAKE_BUILD_TYPE=Release -DCMAKE_INSTALL_PREFIX=/home/wuliu/code/rtabmap/install/rtabmap
[0.066s] -- The C compiler identification is GNU 11.4.0
[0.112s] -- The CXX compiler identification is GNU 11.4.0
[0.118s] -- Detecting C compiler ABI info
[0.178s] -- Detecting C compiler ABI info - done
[0.183s] -- Check for working C compiler: /usr/bin/cc - skipped
[0.183s] -- Detecting C compile features
[0.183s] -- Detecting C compile features - done
[0.185s] -- Detecting CXX compiler ABI info
[0.250s] -- Detecting CXX compiler ABI info - done
[0.255s] -- Check for working CXX compiler: /usr/bin/c++ - skipped
[0.255s] -- Detecting CXX compile features
[0.255s] -- Detecting CXX compile features - done
[0.258s] -- MOBILE_BUILD=OFF
[0.281s] -- Checking for module 'eigen3'
[0.293s] --   Found eigen3, version 3.4.0
[0.323s] -- Found Eigen: /usr/include/eigen3 (Required is at least version "3.1") 
[0.324s] -- Eigen found (include: /usr/include/eigen3, version: 3.4.0)
[0.392s] -- Checking for module 'libusb-1.0'
[0.403s] --   Found libusb-1.0, version 1.0.25
[0.442s] -- Found libusb: /usr/lib/x86_64-linux-gnu/libusb-1.0.so  
[0.443s] -- OpenNI found (version: 1.5.4.0, include: /usr/include/ni, lib: /usr/lib/libOpenNI.so;libusb::libusb)
[1.297s] -- Eigen found (include: /usr/include/eigen3, version: 3.4.0)
[1.311s] -- Checking for module 'flann'
[1.329s] --   Found flann, version 1.9.1
[1.369s] -- Found FLANN: /usr/lib/x86_64-linux-gnu/libflann_cpp.so  
[1.369s] -- FLANN found (include: /usr/include, lib: /usr/lib/x86_64-linux-gnu/libflann_cpp.so)
[1.372s] -- Found Qhull version 8.0.2
[1.670s] -- OpenNI found (version: 1.5.4.0, include: /usr/include/ni, lib: /usr/lib/libOpenNI.so;libusb::libusb)
[1.768s] -- Found PCL_COMMON: /usr/lib/x86_64-linux-gnu/libpcl_common.so  
[1.769s] -- Found PCL_OCTREE: /usr/lib/x86_64-linux-gnu/libpcl_octree.so  
[1.769s] -- Found PCL_IO: /usr/lib/x86_64-linux-gnu/libpcl_io.so  
[1.770s] -- Found PCL_KDTREE: /usr/lib/x86_64-linux-gnu/libpcl_kdtree.so  
[1.771s] -- Found PCL_SEARCH: /usr/lib/x86_64-linux-gnu/libpcl_search.so  
[1.771s] -- Found PCL_SURFACE: /usr/lib/x86_64-linux-gnu/libpcl_surface.so  
[1.772s] -- Found PCL_FILTERS: /usr/lib/x86_64-linux-gnu/libpcl_filters.so  
[1.772s] -- Found PCL_2D: /usr/include/pcl-1.12  
[1.773s] -- Found PCL_FEATURES: /usr/lib/x86_64-linux-gnu/libpcl_features.so  
[1.774s] -- Found PCL_REGISTRATION: /usr/lib/x86_64-linux-gnu/libpcl_registration.so  
[1.774s] -- Found PCL_SAMPLE_CONSENSUS: /usr/lib/x86_64-linux-gnu/libpcl_sample_consensus.so  
[1.775s] -- Found PCL_GEOMETRY: /usr/include/pcl-1.12  
[1.775s] -- Found PCL_ML: /usr/lib/x86_64-linux-gnu/libpcl_ml.so  
[1.776s] -- Found PCL_SEGMENTATION: /usr/lib/x86_64-linux-gnu/libpcl_segmentation.so  
[1.777s] -- Found PCL_VISUALIZATION: /usr/lib/x86_64-linux-gnu/libpcl_visualization.so  
[1.777s] -- PCL definitions don't contain "-march=native", make sure all libraries using Eigen are also compiled without that flag to avoid some segmentation faults (with gdb referring to some Eigen functions).
[1.781s] -- Found SQLite3: /usr/include /usr/lib/x86_64-linux-gnu/libsqlite3.so
[1.982s] -- Found OpenMP_C: -fopenmp (found version "4.5") 
[2.054s] -- Found OpenMP_CXX: -fopenmp (found version "4.5") 
[2.054s] -- Found OpenMP: TRUE (found version "4.5") found components: C CXX 
[2.055s] -- Found OpenMP: /usr/lib/gcc/x86_64-linux-gnu/11/libgomp.so;/usr/lib/x86_64-linux-gnu/libpthread.a
[2.055s] -- Add PCL_OMP to definitions
[2.055s] -- Found OpenCV: /usr/include/opencv4
[2.055s] -- Found PCL: /usr/include/pcl-1.12;/usr/include/eigen3;/usr/include;/usr/include/ni
[2.055s] -- Found ZLIB: /usr/include
[2.065s] -- Found Threads: TRUE  
[2.066s] -- Found GLEW: /usr/lib/x86_64-linux-gnu/libGLEW.so  
[2.067s] -- Found OpenGL: /usr/lib/x86_64-linux-gnu/libOpenGL.so  found components: OpenGL GLX 
[2.273s] -- Found Python3: /usr/bin/python3.10 (found suitable version "3.10.12", minimum required is "3.10") found components: Interpreter Development.Module Development.Embed 
[2.281s] -- Found MPI_C: /usr/lib/x86_64-linux-gnu/libmpi.so (found version "3.1") 
[2.282s] -- Found MPI: TRUE (found version "3.1") found components: C 
[2.462s] -- Found HDF5: /usr/lib/x86_64-linux-gnu/hdf5/serial/libhdf5.so;/usr/lib/x86_64-linux-gnu/libcrypto.so;/usr/lib/x86_64-linux-gnu/libcurl.so;/usr/lib/x86_64-linux-gnu/libpthread.a;/usr/lib/x86_64-linux-gnu/libsz.so;/usr/lib/x86_64-linux-gnu/libz.so;/usr/lib/x86_64-linux-gnu/libdl.a;/usr/lib/x86_64-linux-gnu/libm.so (found version "1.10.7") found components: C HL 
[2.465s] -- Found NetCDF: /usr/include (found version "4.8.1") 
[2.466s] -- Found OGG: /usr/lib/x86_64-linux-gnu/libogg.so  
[2.468s] -- Found THEORA: /usr/lib/x86_64-linux-gnu/libtheora.so  
[2.469s] -- Found JsonCpp: /usr/lib/x86_64-linux-gnu/libjsoncpp.so (found suitable version "1.9.5", minimum required is "0.7.0") 
[2.524s] -- Found LibXml2: /usr/lib/x86_64-linux-gnu/libxml2.so (found version "2.9.13") 
[2.532s] -- Found ZLIB: /usr/lib/x86_64-linux-gnu/libz.so (found version "1.2.11") 
[2.535s] -- Found GL2PS: /usr/lib/x86_64-linux-gnu/libgl2ps.so (found suitable version "1.4.2", minimum required is "1.4.2") 
[2.539s] -- Found PNG: /usr/lib/x86_64-linux-gnu/libpng.so (found version "1.6.37") 
[2.540s] -- Found SQLite3: /usr/include (found version "3.37.2") 
[2.544s] -- Found LibPROJ: /usr/lib/x86_64-linux-gnu/libproj.so (found version "8.2.1") 
[2.545s] -- Found Eigen3: /usr/include/eigen3 (found version "3.4.0") 
[2.560s] -- Found X11: /usr/include   
[2.582s] -- Found EXPAT: /usr/lib/x86_64-linux-gnu/libexpat.so (found version "2.4.7") 
[2.583s] -- Found double-conversion: /usr/lib/x86_64-linux-gnu/libdouble-conversion.so  
[2.584s] -- Found LZ4: /usr/lib/x86_64-linux-gnu/liblz4.so (found version "1.9.3") 
[2.585s] -- Found LZMA: /usr/lib/x86_64-linux-gnu/liblzma.so (found version "5.2.5") 
[2.592s] -- Found JPEG: /usr/lib/x86_64-linux-gnu/libjpeg.so (found version "80") 
[2.592s] -- Found TIFF: /usr/lib/x86_64-linux-gnu/libtiff.so (found version "4.3.0")  
[2.595s] -- Found Freetype: /usr/lib/x86_64-linux-gnu/libfreetype.so (found version "2.11.1") 
[2.598s] -- Found utf8cpp: /usr/include/utf8cpp  
[2.606s] -- VTK>=9 detected, will use VTK_QT_VERSION=5 for Qt version.
[2.609s] -- VTK_RENDERING_BACKEND=
[2.648s] -- Found OpenNI2: /usr/include/openni2
[2.650s] -- Found DC1394: /usr/include/dc1394
[2.662s] -- Found Eigen3: /usr/include/eigen3 (Required is at least version "2.91.0") 
[2.663s] -- Found OpenGL: /usr/lib/x86_64-linux-gnu/libOpenGL.so   
[2.664s] -- Found g2o (targets)
[2.664s] -- g2o include dir: /opt/ros/humble/include
[2.664s] -- Latest g2o factory version detected with shared ptr (factory file: /opt/ros/humble/include/g2o/core/factory.h).
[2.683s] -- GTSAM include directory:  /opt/ros/humble/lib/cmake/GTSAM/../../../include
[2.692s] -- FlyCapture2_INCLUDE_DIR=FlyCapture2_INCLUDE_DIR-NOTFOUND
[2.692s] -- FlyCapture2_LIBRARY=FlyCapture2_LIBRARY-NOTFOUND
[2.692s] -- Triclops_INCLUDE_DIR=Triclops_INCLUDE_DIR-NOTFOUND
[2.692s] -- Triclops_LIBRARY=Triclops_LIBRARY-NOTFOUND
[2.692s] -- FlyCaptureBridge_LIBRARY=FlyCaptureBridge_LIBRARY-NOTFOUND
[2.699s] -- Found Boost: /usr/lib/x86_64-linux-gnu/cmake/Boost-1.74.0/BoostConfig.cmake (found version "1.74.0") found components: thread filesystem system program_options date_time 
[2.702s] -- Found Boost: /usr/lib/x86_64-linux-gnu/cmake/Boost-1.74.0/BoostConfig.cmake (found version "1.74.0") found components: thread filesystem system program_options date_time chrono 
[2.704s] -- Found libpointmatcher: /opt/ros/humble/include;/usr/include/eigen3
[2.707s] -- Found Boost: /usr/lib/x86_64-linux-gnu/cmake/Boost-1.74.0/BoostConfig.cmake (found version "1.74.0") found components: thread filesystem system program_options date_time 
[2.711s] -- Found Boost: /usr/lib/x86_64-linux-gnu/cmake/Boost-1.74.0/BoostConfig.cmake (found version "1.74.0") found components: thread filesystem system program_options date_time chrono timer serialization 
[2.726s] -- Found RealSense2: 
[2.740s] -- Found octomap 1.9.7: /usr/include
[2.785s] -- Found grid_map_core 2.0.1: /usr/include/eigen3
[2.791s] -- Architecture: x86_64
[2.801s] -- Performing Test COMPILER_SUPPORTS_CXX17
[2.869s] -- Performing Test COMPILER_SUPPORTS_CXX17 - Success
[2.875s] -- Found Pthreads
[2.876s] -- Performing Test COMPILER_HAS_HIDDEN_VISIBILITY
[2.943s] -- Performing Test COMPILER_HAS_HIDDEN_VISIBILITY - Success
[2.943s] -- Performing Test COMPILER_HAS_HIDDEN_INLINE_VISIBILITY
[3.009s] -- Performing Test COMPILER_HAS_HIDDEN_INLINE_VISIBILITY - Success
[3.009s] -- Performing Test COMPILER_HAS_DEPRECATED_ATTR
[3.076s] -- Performing Test COMPILER_HAS_DEPRECATED_ATTR - Success
[3.110s] [0mCMake Deprecation Warning at examples/LidarMapping/CMakeLists.txt:1 (cmake_minimum_required):
[3.110s]   Compatibility with CMake < 2.8.12 will be removed from a future version of
[3.110s]   CMake.
[3.110s] 
[3.110s]   Update the VERSION argument <min> value or use a ...<max> suffix to tell
[3.111s]   CMake that the project does not need compatibility with older versions.
[3.111s] 
[3.111s] [0m
[3.124s] -- --------------------------------------------
[3.124s] -- Info :
[3.124s] --   RTAB-Map Version =     0.21.10
[3.124s] --   CMAKE_VERSION =        3.22.1
[3.125s] --   CMAKE_INSTALL_PREFIX = /home/wuliu/code/rtabmap/install/rtabmap
[3.125s] --   CMAKE_BUILD_TYPE =     Release
[3.125s] --   CMAKE_INSTALL_LIBDIR = lib
[3.125s] --   BUILD_APP =            ON
[3.125s] --   BUILD_TOOLS =          ON
[3.125s] --   BUILD_EXAMPLES =       ON
[3.125s] --   BUILD_SHARED_LIBS =    ON
[3.125s] --   CMAKE_CXX_FLAGS =  -fmessage-length=0 -fopenmp -std=c++17
[3.125s] --   FLANN_KDTREE_MEM_OPT = OFF
[3.125s] --   PCL_DEFINITIONS = -DDISABLE_OPENNI2;-DDISABLE_PCAP;-DDISABLE_PNG
[3.125s] --   PCL_VERSION = 1.12.1
[3.125s] -- 
[3.125s] -- Optional dependencies ('*' affects some default parameters) :
[3.125s] --  *With OpenCV 4.5.4 xfeatures2d = NO, nonfree = NO (License: Apache 2)
[3.125s] --   With Qt 5.15.3            = YES (License: Open Source or Commercial)
[3.125s] --   With VTK 9.1              = YES (License: BSD)
[3.125s] --   With external SQLite3     = YES (License: Public Domain)
[3.125s] --   With ORB OcTree           = YES (License: GPLv3)
[3.125s] --   With SupertPoint          = NO (WITH_TORCH=OFF)
[3.125s] --   With Python3              = NO (WITH_PYTHON=OFF)
[3.125s] --   With Madgwick             = YES (License: GPL)
[3.125s] --   With FastCV               = NO (FastCV not found)
[3.125s] --   With PDAL                 = NO (PDAL not found)
[3.125s] --   With libLAS               = NO (WITH_LIBLAS=OFF)
[3.125s] --   With CudaSift             = NO (WITH_CUDASIFT=OFF)
[3.126s] -- 
[3.126s] --  Solvers:
[3.126s] --   With TORO                 = YES (License: Creative Commons [Attribution-NonCommercial-ShareAlike])
[3.126s] --  *With g2o 1.0.0            = YES (License: BSD)
[3.126s] --  *With GTSAM 4.2.0          = YES (License: BSD)
[3.126s] --  *With Ceres                = NO (WITH_CERES=OFF)
[3.126s] --   With MRPT                 = NO (MRPT not found)
[3.126s] --   With VERTIGO              = YES (License: GPLv3)
[3.126s] --   With cvsba                = NO (WITH_CVSBA=OFF)
[3.126s] --  *With libpointmatcher 1.3.1 = YES (License: BSD)
[3.126s] --   With CCCoreLib            = NO (WITH_CCCORELIB=OFF)
[3.126s] --   With Open3D               = NO (WITH_OPEN3D=OFF)
[3.126s] --   With OpenGV               = NO (OpenGV not found)
[3.126s] -- 
[3.126s] --  Reconstruction Approaches:
[3.126s] --   With OctoMap 1.9.7        = YES (License: BSD)
[3.126s] --   With GridMap 2.0.1        = YES (License: BSD)
[3.126s] --   With CPUTSDF              = NO (WITH_CPUTSDF=OFF)
[3.126s] --   With OpenChisel           = NO (WITH_OPENCHISEL=OFF)
[3.126s] --   With AliceVision          = NO (WITH_ALICE_VISION=OFF)
[3.126s] -- 
[3.126s] --  Camera Drivers:
[3.126s] --   With Freenect             = NO (libfreenect not found)
[3.126s] --   With OpenNI               = YES (License: Apache v2)
[3.126s] --   With OpenNI2              = YES (License: Apache v2)
[3.126s] --   With Freenect2            = NO (libfreenect2 not found)
[3.126s] --   With Kinect for Windows 2 = NO (Kinect for Windows 2 SDK not found)
[3.126s] --   With Kinect for Azure     = NO (Kinect for Azure SDK not found)
[3.126s] --   With dc1394               = YES (License: LGPL)
[3.126s] --   With FlyCapture2/Triclops = NO (Point Grey SDK not found)
[3.126s] --   With ZED                  = NO (ZED sdk and/or cuda not found)
[3.126s] --   With ZEDOC                = NO (ZED Open Capture not found)
[3.127s] --   With RealSense            = NO (librealsense not found)
[3.127s] --   With RealSense2 2.55.1    = YES (License: Apache-2)
[3.127s] --   With MyntEyeS             = NO (mynteye s sdk not found)
[3.127s] --   With DepthAI              = NO (WITH_DEPTHAI=OFF)
[3.127s] --   With XVisio SDK           = NO (WITH_XVSDK=OFF)
[3.127s] -- 
[3.127s] --  Odometry Approaches:
[3.127s] --   With loam_velodyne        = NO (WITH_LOAM=OFF)
[3.127s] --   With floam                = NO (WITH_FLOAM=OFF)
[3.127s] --   With libfovis             = NO (WITH_FOVIS=OFF)
[3.127s] --   With libviso2             = NO (WITH_VISO2=OFF)
[3.127s] --   With dvo_core             = NO (WITH_DVO=OFF)
[3.127s] --   With okvis                = NO (WITH_OKVIS=OFF)
[3.127s] --   With msckf_vio            = NO (WITH_MSCKF_VIO=OFF)
[3.127s] --   With VINS-Fusion          = NO (WITH_VINS=OFF)
[3.127s] --   With OpenVINS             = NO (WITH_OPENVINS=OFF)
[3.127s] --   With ORB_SLAM             = NO (WITH_ORB_SLAM=OFF)
[3.127s] -- Show all options with: cmake -LA | grep WITH_
[3.127s] -- --------------------------------------------
[3.127s] -- Configuring done
[3.478s] -- Generating done
[3.528s] -- Build files have been written to: /home/wuliu/code/rtabmap/build/rtabmap
[3.560s] Invoked command in '/home/wuliu/code/rtabmap/build/rtabmap' returned '0': CMAKE_PREFIX_PATH=/opt/ros/humble /usr/bin/cmake /home/wuliu/code/rtabmap/src/rtabmap -DCMAKE_BUILD_TYPE=Release -DCMAKE_INSTALL_PREFIX=/home/wuliu/code/rtabmap/install/rtabmap
[3.562s] Invoking command in '/home/wuliu/code/rtabmap/build/rtabmap': CMAKE_PREFIX_PATH=/opt/ros/humble /usr/bin/cmake --build /home/wuliu/code/rtabmap/build/rtabmap
[3.606s] [  3%] [32mBuilding CXX object utilite/src/CMakeFiles/rtabmap_utilite.dir/UEventsManager.cpp.o[0m
[3.606s] [  3%] [32mBuilding CXX object utilite/src/CMakeFiles/rtabmap_utilite.dir/UEventsSender.cpp.o[0m
[3.606s] [  3%] [32mBuilding CXX object utilite/src/CMakeFiles/rtabmap_utilite.dir/UConversion.cpp.o[0m
[3.607s] [  3%] [32mBuilding CXX object utilite/src/CMakeFiles/rtabmap_utilite.dir/UDirectory.cpp.o[0m
[3.607s] [  3%] [32mBuilding CXX object utilite/src/CMakeFiles/rtabmap_utilite.dir/UFile.cpp.o[0m
[3.607s] [  3%] [32mBuilding CXX object utilite/src/CMakeFiles/rtabmap_utilite.dir/UEventsHandler.cpp.o[0m
[3.823s] [  4%] [32mBuilding CXX object utilite/src/CMakeFiles/rtabmap_utilite.dir/ULogger.cpp.o[0m
[3.823s] [  4%] [32mBuilding CXX object utilite/src/CMakeFiles/rtabmap_utilite.dir/UThread.cpp.o[0m
[4.027s] [  4%] [32mBuilding CXX object utilite/src/CMakeFiles/rtabmap_utilite.dir/UTimer.cpp.o[0m
[4.061s] [  4%] [32mBuilding CXX object utilite/src/CMakeFiles/rtabmap_utilite.dir/UProcessInfo.cpp.o[0m
[4.102s] [  5%] [32mBuilding CXX object utilite/src/CMakeFiles/rtabmap_utilite.dir/UVariant.cpp.o[0m
[4.588s] [  5%] [32m[1mLinking CXX shared library ../../bin/librtabmap_utilite.so[0m
[4.659s] [  5%] Built target rtabmap_utilite
[4.676s] [  5%] [32mBuilding CXX object utilite/resource_generator/CMakeFiles/res_tool.dir/main.cpp.o[0m
[5.187s] [  6%] [32m[1mLinking CXX executable ../../bin/rtabmap-res_tool[0m
[5.251s] [  6%] Built target res_tool
[5.261s] [  6%] [34m[1m[Creating resources][0m
[5.264s]  Using namespace=rtabmap
[5.265s]  Using target directory=/home/wuliu/code/rtabmap/build/rtabmap/corelib/src
[5.265s] Input file "/home/wuliu/code/rtabmap/src/rtabmap/corelib/src/resources/DatabaseSchema.sql" size = 5901 bytes
[5.265s] Output file "/home/wuliu/code/rtabmap/build/rtabmap/corelib/src/DatabaseSchema_sql.h" size = 12029 bytes
[5.265s] Input file "/home/wuliu/code/rtabmap/src/rtabmap/corelib/src/resources/backward_compatibility/DatabaseSchema_0_18_3.sql" size = 5749 bytes
[5.265s] Output file "/home/wuliu/code/rtabmap/build/rtabmap/corelib/src/DatabaseSchema_0_18_3_sql.h" size = 11753 bytes
[5.265s] Input file "/home/wuliu/code/rtabmap/src/rtabmap/corelib/src/resources/backward_compatibility/DatabaseSchema_0_18_0.sql" size = 5749 bytes
[5.265s] Output file "/home/wuliu/code/rtabmap/build/rtabmap/corelib/src/DatabaseSchema_0_18_0_sql.h" size = 11753 bytes
[5.265s] Input file "/home/wuliu/code/rtabmap/src/rtabmap/corelib/src/resources/backward_compatibility/DatabaseSchema_0_17_0.sql" size = 5432 bytes
[5.266s] Output file "/home/wuliu/code/rtabmap/build/rtabmap/corelib/src/DatabaseSchema_0_17_0_sql.h" size = 11119 bytes
[5.266s] Input file "/home/wuliu/code/rtabmap/src/rtabmap/corelib/src/resources/backward_compatibility/DatabaseSchema_0_16_2.sql" size = 5362 bytes
[5.266s] Output file "/home/wuliu/code/rtabmap/build/rtabmap/corelib/src/DatabaseSchema_0_16_2_sql.h" size = 10979 bytes
[5.266s] Input file "/home/wuliu/code/rtabmap/src/rtabmap/corelib/src/resources/backward_compatibility/DatabaseSchema_0_16_1.sql" size = 5286 bytes
[5.266s] Output file "/home/wuliu/code/rtabmap/build/rtabmap/corelib/src/DatabaseSchema_0_16_1_sql.h" size = 10827 bytes
[5.266s] Input file "/home/wuliu/code/rtabmap/src/rtabmap/corelib/src/resources/backward_compatibility/DatabaseSchema_0_16_0.sql" size = 5273 bytes
[5.266s] Output file "/home/wuliu/code/rtabmap/build/rtabmap/corelib/src/DatabaseSchema_0_16_0_sql.h" size = 10801 bytes
[5.292s] [  8%] [32mBuilding CXX object corelib/src/CMakeFiles/rtabmap_core.dir/DBDriver.cpp.o[0m
[5.292s] [  8%] [32mBuilding CXX object corelib/src/CMakeFiles/rtabmap_core.dir/Memory.cpp.o[0m
[5.292s] [  8%] [32mBuilding CXX object corelib/src/CMakeFiles/rtabmap_core.dir/RtabmapThread.cpp.o[0m
[5.292s] [  8%] [32mBuilding CXX object corelib/src/CMakeFiles/rtabmap_core.dir/Rtabmap.cpp.o[0m
[5.292s] [  8%] [32mBuilding CXX object corelib/src/CMakeFiles/rtabmap_core.dir/Statistics.cpp.o[0m
[5.292s] [  9%] [32mBuilding CXX object corelib/src/CMakeFiles/rtabmap_core.dir/DBDriverSqlite3.cpp.o[0m
[9.415s] [  9%] [32mBuilding CXX object corelib/src/CMakeFiles/rtabmap_core.dir/DBReader.cpp.o[0m
[11.404s] [  9%] [32mBuilding CXX object corelib/src/CMakeFiles/rtabmap_core.dir/Recovery.cpp.o[0m
[11.490s] [ 10%] [32mBuilding CXX object corelib/src/CMakeFiles/rtabmap_core.dir/SensorCapture.cpp.o[0m
[13.456s] [ 10%] [32mBuilding CXX object corelib/src/CMakeFiles/rtabmap_core.dir/SensorCaptureThread.cpp.o[0m
[15.293s] [ 11%] [32mBuilding CXX object corelib/src/CMakeFiles/rtabmap_core.dir/Camera.cpp.o[0m
[16.093s] [ 11%] [32mBuilding CXX object corelib/src/CMakeFiles/rtabmap_core.dir/CameraModel.cpp.o[0m
[16.806s] [ 11%] [32mBuilding CXX object corelib/src/CMakeFiles/rtabmap_core.dir/camera/CameraFreenect.cpp.o[0m
[18.886s] [ 12%] [32mBuilding CXX object corelib/src/CMakeFiles/rtabmap_core.dir/camera/CameraFreenect2.cpp.o[0m
[19.260s] [ 12%] [32mBuilding CXX object corelib/src/CMakeFiles/rtabmap_core.dir/camera/CameraImages.cpp.o[0m
[20.469s] [ 13%] [32mBuilding CXX object corelib/src/CMakeFiles/rtabmap_core.dir/camera/CameraK4W2.cpp.o[0m
[20.650s] [ 13%] [32mBuilding CXX object corelib/src/CMakeFiles/rtabmap_core.dir/camera/CameraK4A.cpp.o[0m
[21.760s] [ 13%] [32mBuilding CXX object corelib/src/CMakeFiles/rtabmap_core.dir/camera/CameraOpenni.cpp.o[0m
[22.277s] [ 14%] [32mBuilding CXX object corelib/src/CMakeFiles/rtabmap_core.dir/camera/CameraOpenNI2.cpp.o[0m
[22.674s] [ 14%] [32mBuilding CXX object corelib/src/CMakeFiles/rtabmap_core.dir/camera/CameraOpenNICV.cpp.o[0m
[24.255s] [ 14%] [32mBuilding CXX object corelib/src/CMakeFiles/rtabmap_core.dir/camera/CameraRealSense.cpp.o[0m
[24.418s] [ 15%] [32mBuilding CXX object corelib/src/CMakeFiles/rtabmap_core.dir/camera/CameraRealSense2.cpp.o[0m
[25.004s] [ 15%] [32mBuilding CXX object corelib/src/CMakeFiles/rtabmap_core.dir/camera/CameraRGBDImages.cpp.o[0m
[25.327s] [ 16%] [32mBuilding CXX object corelib/src/CMakeFiles/rtabmap_core.dir/camera/CameraStereoDC1394.cpp.o[0m
[26.459s] [ 16%] [32mBuilding CXX object corelib/src/CMakeFiles/rtabmap_core.dir/camera/CameraStereoFlyCapture2.cpp.o[0m
[26.828s] [ 16%] [32mBuilding CXX object corelib/src/CMakeFiles/rtabmap_core.dir/camera/CameraStereoImages.cpp.o[0m
[27.289s] [ 17%] [32mBuilding CXX object corelib/src/CMakeFiles/rtabmap_core.dir/camera/CameraStereoVideo.cpp.o[0m
[27.796s] [ 17%] [32mBuilding CXX object corelib/src/CMakeFiles/rtabmap_core.dir/camera/CameraStereoZed.cpp.o[0m
[28.096s] [ 18%] [32mBuilding CXX object corelib/src/CMakeFiles/rtabmap_core.dir/camera/CameraStereoZedOC.cpp.o[0m
[28.412s] [ 18%] [32mBuilding CXX object corelib/src/CMakeFiles/rtabmap_core.dir/camera/CameraStereoTara.cpp.o[0m
[29.374s] [ 18%] [32mBuilding CXX object corelib/src/CMakeFiles/rtabmap_core.dir/camera/CameraVideo.cpp.o[0m
[29.779s] [ 19%] [32mBuilding CXX object corelib/src/CMakeFiles/rtabmap_core.dir/camera/CameraMyntEye.cpp.o[0m
[29.811s] [ 19%] [32mBuilding CXX object corelib/src/CMakeFiles/rtabmap_core.dir/camera/CameraDepthAI.cpp.o[0m
[30.109s] [ 20%] [32mBuilding CXX object corelib/src/CMakeFiles/rtabmap_core.dir/camera/CameraSeerSense.cpp.o[0m
[30.847s] [ 20%] [32mBuilding CXX object corelib/src/CMakeFiles/rtabmap_core.dir/EpipolarGeometry.cpp.o[0m
[30.899s] [ 20%] [32mBuilding CXX object corelib/src/CMakeFiles/rtabmap_core.dir/VisualWord.cpp.o[0m
[31.445s] [ 21%] [32mBuilding CXX object corelib/src/CMakeFiles/rtabmap_core.dir/VWDictionary.cpp.o[0m
[31.651s] [ 21%] [32mBuilding CXX object corelib/src/CMakeFiles/rtabmap_core.dir/BayesFilter.cpp.o[0m
[31.747s] [ 22%] [32mBuilding CXX object corelib/src/CMakeFiles/rtabmap_core.dir/Parameters.cpp.o[0m
[32.051s] [ 22%] [32mBuilding CXX object corelib/src/CMakeFiles/rtabmap_core.dir/Signature.cpp.o[0m
[33.570s] [ 22%] [32mBuilding CXX object corelib/src/CMakeFiles/rtabmap_core.dir/Features2d.cpp.o[0m
[35.937s] [ 23%] [32mBuilding CXX object corelib/src/CMakeFiles/rtabmap_core.dir/Transform.cpp.o[0m
[36.838s] [ 23%] [32mBuilding CXX object corelib/src/CMakeFiles/rtabmap_core.dir/GeodeticCoords.cpp.o[0m
[37.059s] [ 24%] [32mBuilding CXX object corelib/src/CMakeFiles/rtabmap_core.dir/util2d.cpp.o[0m
[37.241s] [ 24%] [32mBuilding CXX object corelib/src/CMakeFiles/rtabmap_core.dir/util3d.cpp.o[0m
[37.514s] [ 24%] [32mBuilding CXX object corelib/src/CMakeFiles/rtabmap_core.dir/util3d_filtering.cpp.o[0m
[39.745s] [ 25%] [32mBuilding CXX object corelib/src/CMakeFiles/rtabmap_core.dir/util3d_mapping.cpp.o[0m
[41.846s] [ 25%] [32mBuilding CXX object corelib/src/CMakeFiles/rtabmap_core.dir/util3d_transforms.cpp.o[0m
[43.256s] [ 26%] [32mBuilding CXX object corelib/src/CMakeFiles/rtabmap_core.dir/util3d_registration.cpp.o[0m
[43.466s] [ 26%] [32mBuilding CXX object corelib/src/CMakeFiles/rtabmap_core.dir/util3d_surface.cpp.o[0m
[45.508s] [ 26%] [32mBuilding CXX object corelib/src/CMakeFiles/rtabmap_core.dir/util3d_features.cpp.o[0m
[45.707s] [ 27%] [32mBuilding CXX object corelib/src/CMakeFiles/rtabmap_core.dir/util3d_correspondences.cpp.o[0m
[47.867s] [ 27%] [32mBuilding CXX object corelib/src/CMakeFiles/rtabmap_core.dir/util3d_motion_estimation.cpp.o[0m
[50.613s] [ 28%] [32mBuilding CXX object corelib/src/CMakeFiles/rtabmap_core.dir/rvl_codec.cpp.o[0m
[50.664s] [ 28%] [32mBuilding CXX object corelib/src/CMakeFiles/rtabmap_core.dir/SensorData.cpp.o[0m
[51.031s] [ 28%] [32mBuilding CXX object corelib/src/CMakeFiles/rtabmap_core.dir/Graph.cpp.o[0m
[51.732s] [ 29%] [32mBuilding CXX object corelib/src/CMakeFiles/rtabmap_core.dir/Compression.cpp.o[0m
[53.217s] [ 29%] [32mBuilding CXX object corelib/src/CMakeFiles/rtabmap_core.dir/Link.cpp.o[0m
[53.528s] [ 30%] [32mBuilding CXX object corelib/src/CMakeFiles/rtabmap_core.dir/LaserScan.cpp.o[0m
[54.599s] [ 30%] [32mBuilding CXX object corelib/src/CMakeFiles/rtabmap_core.dir/Optimizer.cpp.o[0m
[54.698s] [ 30%] [32mBuilding CXX object corelib/src/CMakeFiles/rtabmap_core.dir/optimizer/OptimizerTORO.cpp.o[0m
[55.161s] [ 31%] [32mBuilding CXX object corelib/src/CMakeFiles/rtabmap_core.dir/optimizer/OptimizerG2O.cpp.o[0m
[59.732s] [ 31%] [32mBuilding CXX object corelib/src/CMakeFiles/rtabmap_core.dir/optimizer/OptimizerGTSAM.cpp.o[0m
[59.984s] [ 31%] [32mBuilding CXX object corelib/src/CMakeFiles/rtabmap_core.dir/optimizer/OptimizerCVSBA.cpp.o[0m
[60.541s] [ 32%] [32mBuilding CXX object corelib/src/CMakeFiles/rtabmap_core.dir/optimizer/OptimizerCeres.cpp.o[0m
[61.003s] [ 32%] [32mBuilding CXX object corelib/src/CMakeFiles/rtabmap_core.dir/Registration.cpp.o[0m
[63.055s] [ 33%] [32mBuilding CXX object corelib/src/CMakeFiles/rtabmap_core.dir/RegistrationIcp.cpp.o[0m
[64.335s] [ 33%] [32mBuilding CXX object corelib/src/CMakeFiles/rtabmap_core.dir/RegistrationVis.cpp.o[0m
[64.929s] [ 33%] [32mBuilding CXX object corelib/src/CMakeFiles/rtabmap_core.dir/Odometry.cpp.o[0m
[65.778s] [ 34%] [32mBuilding CXX object corelib/src/CMakeFiles/rtabmap_core.dir/OdometryThread.cpp.o[0m
[70.483s] [ 34%] [32mBuilding CXX object corelib/src/CMakeFiles/rtabmap_core.dir/odometry/OdometryF2M.cpp.o[0m
[73.865s] [ 35%] [32mBuilding CXX object corelib/src/CMakeFiles/rtabmap_core.dir/odometry/OdometryMono.cpp.o[0m
[77.341s] [ 35%] [32mBuilding CXX object corelib/src/CMakeFiles/rtabmap_core.dir/odometry/OdometryF2F.cpp.o[0m
[78.260s] [ 35%] [32mBuilding CXX object corelib/src/CMakeFiles/rtabmap_core.dir/odometry/OdometryFovis.cpp.o[0m
[80.341s] [ 36%] [32mBuilding CXX object corelib/src/CMakeFiles/rtabmap_core.dir/odometry/OdometryViso2.cpp.o[0m
[81.374s] [ 36%] [32mBuilding CXX object corelib/src/CMakeFiles/rtabmap_core.dir/odometry/OdometryDVO.cpp.o[0m
[82.292s] [ 37%] [32mBuilding CXX object corelib/src/CMakeFiles/rtabmap_core.dir/odometry/OdometryOkvis.cpp.o[0m
[83.279s] [ 37%] [32mBuilding CXX object corelib/src/CMakeFiles/rtabmap_core.dir/odometry/OdometryORBSLAM2.cpp.o[0m
[84.247s] [ 37%] [32mBuilding CXX object corelib/src/CMakeFiles/rtabmap_core.dir/odometry/OdometryORBSLAM3.cpp.o[0m
[85.218s] [ 38%] [32mBuilding CXX object corelib/src/CMakeFiles/rtabmap_core.dir/odometry/OdometryLOAM.cpp.o[0m
[85.376s] [ 38%] [32mBuilding CXX object corelib/src/CMakeFiles/rtabmap_core.dir/odometry/OdometryFLOAM.cpp.o[0m
[86.071s] [ 39%] [32mBuilding CXX object corelib/src/CMakeFiles/rtabmap_core.dir/odometry/OdometryMSCKF.cpp.o[0m
[86.887s] [ 39%] [32mBuilding CXX object corelib/src/CMakeFiles/rtabmap_core.dir/odometry/OdometryVINS.cpp.o[0m
[88.513s] [ 39%] [32mBuilding CXX object corelib/src/CMakeFiles/rtabmap_core.dir/odometry/OdometryOpenVINS.cpp.o[0m
[89.540s] [ 40%] [32mBuilding CXX object corelib/src/CMakeFiles/rtabmap_core.dir/odometry/OdometryOpen3D.cpp.o[0m
[90.372s] [ 40%] [32mBuilding CXX object corelib/src/CMakeFiles/rtabmap_core.dir/IMU.cpp.o[0m
[90.456s] [ 41%] [32mBuilding CXX object corelib/src/CMakeFiles/rtabmap_core.dir/IMUThread.cpp.o[0m
[90.560s] [ 41%] [32mBuilding CXX object corelib/src/CMakeFiles/rtabmap_core.dir/IMUFilter.cpp.o[0m
[91.418s] [ 41%] [32mBuilding CXX object corelib/src/CMakeFiles/rtabmap_core.dir/imufilter/ComplementaryFilter.cpp.o[0m
[91.621s] [ 42%] [32mBuilding CXX object corelib/src/CMakeFiles/rtabmap_core.dir/Stereo.cpp.o[0m
[92.889s] [ 42%] [32mBuilding CXX object corelib/src/CMakeFiles/rtabmap_core.dir/StereoDense.cpp.o[0m
[93.168s] [ 43%] [32mBuilding CXX object corelib/src/CMakeFiles/rtabmap_core.dir/StereoCameraModel.cpp.o[0m
[93.250s] [ 43%] [32mBuilding CXX object corelib/src/CMakeFiles/rtabmap_core.dir/stereo/StereoBM.cpp.o[0m
[93.258s] [ 43%] [32mBuilding CXX object corelib/src/CMakeFiles/rtabmap_core.dir/stereo/StereoSGBM.cpp.o[0m
[93.810s] [ 44%] [32mBuilding CXX object corelib/src/CMakeFiles/rtabmap_core.dir/GlobalMap.cpp.o[0m
[95.066s] [ 44%] [32mBuilding CXX object corelib/src/CMakeFiles/rtabmap_core.dir/LocalGridMaker.cpp.o[0m
[95.316s] [ 45%] [32mBuilding CXX object corelib/src/CMakeFiles/rtabmap_core.dir/LocalGrid.cpp.o[0m
[95.822s] [ 45%] [32mBuilding CXX object corelib/src/CMakeFiles/rtabmap_core.dir/global_map/OccupancyGrid.cpp.o[0m
[95.827s] [ 45%] [32mBuilding CXX object corelib/src/CMakeFiles/rtabmap_core.dir/global_map/CloudMap.cpp.o[0m
[96.571s] [ 46%] [32mBuilding CXX object corelib/src/CMakeFiles/rtabmap_core.dir/MarkerDetector.cpp.o[0m
[96.590s] [ 46%] [32mBuilding CXX object corelib/src/CMakeFiles/rtabmap_core.dir/GlobalDescriptorExtractor.cpp.o[0m
[98.027s] [ 47%] [32mBuilding CXX object corelib/src/CMakeFiles/rtabmap_core.dir/GainCompensator.cpp.o[0m
[100.097s] [ 47%] [32mBuilding C object corelib/src/CMakeFiles/rtabmap_core.dir/rtflann/ext/lz4.c.o[0m
[100.561s] [ 47%] [32mBuilding C object corelib/src/CMakeFiles/rtabmap_core.dir/rtflann/ext/lz4hc.c.o[0m
[100.871s] [ 48%] [32mBuilding CXX object corelib/src/CMakeFiles/rtabmap_core.dir/FlannIndex.cpp.o[0m
[101.317s] [ 48%] [32mBuilding CXX object corelib/src/CMakeFiles/rtabmap_core.dir/clams/discrete_depth_distortion_model_helpers.cpp.o[0m
[101.394s] [ 48%] [32mBuilding CXX object corelib/src/CMakeFiles/rtabmap_core.dir/clams/discrete_depth_distortion_model.cpp.o[0m
[101.477s] [ 49%] [32mBuilding CXX object corelib/src/CMakeFiles/rtabmap_core.dir/clams/frame_projector.cpp.o[0m
[102.742s] [ 49%] [32mBuilding CXX object corelib/src/CMakeFiles/rtabmap_core.dir/clams/slam_calibrator.cpp.o[0m
[103.359s] [ 50%] [32mBuilding CXX object corelib/src/CMakeFiles/rtabmap_core.dir/opencv/ORBextractor.cc.o[0m
[103.422s] [ 50%] [32mBuilding CXX object corelib/src/CMakeFiles/rtabmap_core.dir/opencv/solvepnp.cpp.o[0m
[104.623s] [ 50%] [32mBuilding CXX object corelib/src/CMakeFiles/rtabmap_core.dir/opencv/five-point.cpp.o[0m
[105.085s] [ 51%] [32mBuilding CXX object corelib/src/CMakeFiles/rtabmap_core.dir/lidar/LidarVLP16.cpp.o[0m
[105.224s] [ 51%] [32mBuilding CXX object corelib/src/CMakeFiles/rtabmap_core.dir/optimizer/toro3d/posegraph3.cpp.o[0m
[105.864s] [ 52%] [32mBuilding CXX object corelib/src/CMakeFiles/rtabmap_core.dir/optimizer/toro3d/treeoptimizer3_iteration.cpp.o[0m
[106.386s] [ 52%] [32mBuilding CXX object corelib/src/CMakeFiles/rtabmap_core.dir/optimizer/toro3d/treeoptimizer3.cpp.o[0m
[106.657s] [ 52%] [32mBuilding CXX object corelib/src/CMakeFiles/rtabmap_core.dir/optimizer/toro3d/posegraph2.cpp.o[0m
[106.664s] [ 53%] [32mBuilding CXX object corelib/src/CMakeFiles/rtabmap_core.dir/optimizer/toro3d/treeoptimizer2.cpp.o[0m
[107.379s] [ 53%] [32mBuilding CXX object corelib/src/CMakeFiles/rtabmap_core.dir/optimizer/vertigo/g2o/edge_se2Switchable.cpp.o[0m
[107.401s] [ 54%] [32mBuilding CXX object corelib/src/CMakeFiles/rtabmap_core.dir/optimizer/vertigo/g2o/edge_se3Switchable.cpp.o[0m
[107.647s] [ 54%] [32mBuilding CXX object corelib/src/CMakeFiles/rtabmap_core.dir/optimizer/vertigo/g2o/edge_switchPrior.cpp.o[0m
[107.731s] [ 54%] [32mBuilding CXX object corelib/src/CMakeFiles/rtabmap_core.dir/optimizer/vertigo/g2o/types_g2o_robust.cpp.o[0m
[109.093s] [ 55%] [32mBuilding CXX object corelib/src/CMakeFiles/rtabmap_core.dir/optimizer/vertigo/g2o/vertex_switchLinear.cpp.o[0m
[110.676s] [ 55%] [32mBuilding CXX object corelib/src/CMakeFiles/rtabmap_core.dir/global_map/OctoMap.cpp.o[0m
[110.814s] [ 56%] [32mBuilding CXX object corelib/src/CMakeFiles/rtabmap_core.dir/global_map/GridMap.cpp.o[0m
[111.169s] [ 56%] [32mBuilding CXX object corelib/src/CMakeFiles/rtabmap_core.dir/optimizer/gtsam/GravityFactor.cpp.o[0m
[111.420s] [ 56%] [32mBuilding CXX object corelib/src/CMakeFiles/rtabmap_core.dir/imufilter/MadgwickFilter.cpp.o[0m
[118.196s] [ 57%] [32m[1mLinking CXX shared library ../../bin/librtabmap_core.so[0m
[123.210s] [ 57%] Built target rtabmap_core
[123.228s] [ 59%] [32mBuilding CXX object tools/ConsoleApp/CMakeFiles/consoleApp.dir/main.cpp.o[0m
[123.228s] [ 59%] [32mBuilding CXX object tools/StereoEval/CMakeFiles/stereoEval.dir/main.cpp.o[0m
[123.228s] [ 59%] [32mBuilding CXX object tools/ImagesJoiner/CMakeFiles/imagesJoiner.dir/main.cpp.o[0m
[123.228s] [ 59%] [32mBuilding CXX object tools/Camera/CMakeFiles/camera.dir/main.cpp.o[0m
[123.228s] [ 59%] [32mBuilding CXX object tools/ExtractObject/CMakeFiles/extractObject.dir/main.cpp.o[0m
[123.228s] [ 59%] [34m[1mAutomatic MOC and UIC for target rtabmap_gui[0m
[124.646s] [ 60%] [32m[1mLinking CXX executable ../../bin/rtabmap-imagesJoiner[0m
[127.032s] [ 61%] [32m[1mLinking CXX executable ../../bin/rtabmap-camera[0m
[128.238s] [ 61%] Built target imagesJoiner
[128.333s] [ 62%] [32mBuilding CXX object tools/KittiDataset/CMakeFiles/kitti_dataset.dir/main.cpp.o[0m
[131.030s] [ 62%] Built target camera
[131.058s] [ 62%] [32mBuilding CXX object tools/RgbdDataset/CMakeFiles/rgbd_dataset.dir/main.cpp.o[0m
[131.796s] [ 62%] [32m[1mLinking CXX executable ../../bin/rtabmap-stereoEval[0m
[131.894s] [ 62%] Built target rtabmap_gui_autogen
[131.915s] [ 62%] [32mBuilding CXX object tools/EurocDataset/CMakeFiles/euroc_dataset.dir/main.cpp.o[0m
[132.864s] [ 62%] Built target stereoEval
[132.884s] [ 62%] [32mBuilding CXX object tools/Recovery/CMakeFiles/recovery.dir/main.cpp.o[0m
[133.146s] [ 62%] [32m[1mLinking CXX executable ../../bin/rtabmap-recovery[0m
[133.353s] [ 62%] [32m[1mLinking CXX executable ../../bin/rtabmap-console[0m
[134.215s] [ 62%] Built target recovery
[134.236s] [ 63%] [32mBuilding CXX object tools/Reprocess/CMakeFiles/reprocess.dir/main.cpp.o[0m
[134.411s] [ 63%] Built target consoleApp
[134.433s] [ 63%] [32mBuilding CXX object tools/DetectMoreLoopClosures/CMakeFiles/detectMoreLoopClosures.dir/main.cpp.o[0m
[136.718s] [ 63%] [32m[1mLinking CXX executable ../../bin/rtabmap-kitti_dataset[0m
[137.805s] [ 63%] Built target kitti_dataset
[137.826s] [ 64%] [32mBuilding CXX object tools/Export/CMakeFiles/export.dir/main.cpp.o[0m
[138.588s] [ 64%] [32m[1mLinking CXX executable ../../bin/rtabmap-extractObject[0m
[139.227s] [ 64%] [32m[1mLinking CXX executable ../../bin/rtabmap-rgbd_dataset[0m
[140.199s] [ 64%] Built target extractObject
[140.220s] [ 64%] [32mBuilding CXX object tools/Info/CMakeFiles/info.dir/main.cpp.o[0m
[140.305s] [ 64%] Built target rgbd_dataset
[140.326s] [ 64%] [32mBuilding CXX object tools/CleanupLocalGrids/CMakeFiles/cleanupLocalGrids.dir/main.cpp.o[0m
[140.715s] [ 64%] [32m[1mLinking CXX executable ../../bin/rtabmap-euroc_dataset[0m
[141.212s] [ 65%] [32m[1mLinking CXX executable ../../bin/rtabmap-detectMoreLoopClosures[0m
[141.812s] [ 65%] Built target euroc_dataset
[141.832s] [ 65%] [32mBuilding CXX object tools/GlobalBundleAdjustment/CMakeFiles/globalBundleAdjustment.dir/main.cpp.o[0m
[142.287s] [ 65%] Built target detectMoreLoopClosures
[142.307s] [ 65%] [32mBuilding CXX object tools/LidarViewer/CMakeFiles/lidar_viewer.dir/main.cpp.o[0m
[143.264s] [ 65%] [32m[1mLinking CXX executable ../../bin/rtabmap-reprocess[0m
[144.375s] [ 65%] Built target reprocess
[144.387s] [ 66%] [34m[1mAutomatic RCC for GuiLib.qrc[0m
[144.430s] [ 66%] [34m[1m[Creating resources][0m
[144.433s]  Using namespace=rtabmap
[144.434s]  Using target directory=/home/wuliu/code/rtabmap/build/rtabmap/guilib/src
[144.434s] Input file "/home/wuliu/code/rtabmap/src/rtabmap/data/presets/camera_tof_icp.ini" size = 687 bytes
[144.434s] Output file "/home/wuliu/code/rtabmap/build/rtabmap/guilib/src/camera_tof_icp_ini.h" size = 1571 bytes
[144.434s] Input file "/home/wuliu/code/rtabmap/src/rtabmap/data/presets/lidar3d_icp.ini" size = 1137 bytes
[144.434s] Output file "/home/wuliu/code/rtabmap/build/rtabmap/guilib/src/lidar3d_icp_ini.h" size = 2465 bytes
[144.461s] [ 66%] [32mBuilding CXX object guilib/src/CMakeFiles/rtabmap_gui.dir/rtabmap_gui_autogen/mocs_compilation.cpp.o[0m
[145.201s] [ 67%] [32m[1mLinking CXX executable ../../bin/rtabmap-cleanupLocalGrids[0m
[145.755s] [ 67%] [32m[1mLinking CXX executable ../../bin/rtabmap-info[0m
[146.328s] [ 67%] Built target cleanupLocalGrids
[146.337s] [ 67%] [32mBuilding CXX object guilib/src/CMakeFiles/rtabmap_gui.dir/MainWindow.cpp.o[0m
[146.745s] [ 68%] [32m[1mLinking CXX executable ../../bin/rtabmap-globalBundleAdjustment[0m
[146.853s] [ 68%] Built target info
[146.861s] [ 69%] [32mBuilding CXX object guilib/src/CMakeFiles/rtabmap_gui.dir/PreferencesDialog.cpp.o[0m
[147.806s] [ 69%] Built target globalBundleAdjustment
[147.814s] [ 69%] [32mBuilding CXX object guilib/src/CMakeFiles/rtabmap_gui.dir/KeypointItem.cpp.o[0m
[149.040s] [ 70%] [32mBuilding CXX object guilib/src/CMakeFiles/rtabmap_gui.dir/ImageView.cpp.o[0m
[150.945s] [ 70%] [32m[1mLinking CXX executable ../../bin/rtabmap-export[0m
[152.086s] [ 71%] [32m[1mLinking CXX executable ../../bin/rtabmap-lidar_viewer[0m
[152.472s] [ 71%] Built target export
[152.481s] [ 71%] [32mBuilding CXX object guilib/src/CMakeFiles/rtabmap_gui.dir/PdfPlot.cpp.o[0m
[153.227s] [ 71%] Built target lidar_viewer
[153.236s] [ 71%] [32mBuilding CXX object guilib/src/CMakeFiles/rtabmap_gui.dir/StatsToolBox.cpp.o[0m
[153.501s] [ 72%] [32mBuilding CXX object guilib/src/CMakeFiles/rtabmap_gui.dir/ProgressDialog.cpp.o[0m
[154.483s] [ 72%] [32mBuilding CXX object guilib/src/CMakeFiles/rtabmap_gui.dir/AboutDialog.cpp.o[0m
[154.883s] [ 73%] [32mBuilding CXX object guilib/src/CMakeFiles/rtabmap_gui.dir/ConsoleWidget.cpp.o[0m
[155.454s] [ 73%] [32mBuilding CXX object guilib/src/CMakeFiles/rtabmap_gui.dir/DatabaseViewer.cpp.o[0m
[155.964s] [ 73%] [32mBuilding CXX object guilib/src/CMakeFiles/rtabmap_gui.dir/utilite/UPlot.cpp.o[0m
[157.998s] [ 74%] [32mBuilding CXX object guilib/src/CMakeFiles/rtabmap_gui.dir/CloudViewer.cpp.o[0m
[158.675s] [ 74%] [32mBuilding CXX object guilib/src/CMakeFiles/rtabmap_gui.dir/CloudViewerCellPicker.cpp.o[0m
[159.399s] [ 75%] [32mBuilding CXX object guilib/src/CMakeFiles/rtabmap_gui.dir/CloudViewerInteractorStyle.cpp.o[0m
[162.307s] [ 75%] [32mBuilding CXX object guilib/src/CMakeFiles/rtabmap_gui.dir/OdometryViewer.cpp.o[0m
[165.305s] [ 75%] [32mBuilding CXX object guilib/src/CMakeFiles/rtabmap_gui.dir/LoopClosureViewer.cpp.o[0m
[170.652s] [ 76%] [32mBuilding CXX object guilib/src/CMakeFiles/rtabmap_gui.dir/DataRecorder.cpp.o[0m
[170.882s] [ 76%] [32mBuilding CXX object guilib/src/CMakeFiles/rtabmap_gui.dir/CameraViewer.cpp.o[0m
[171.782s] [ 76%] [32mBuilding CXX object guilib/src/CMakeFiles/rtabmap_gui.dir/CalibrationDialog.cpp.o[0m
[173.292s] [ 77%] [32mBuilding CXX object guilib/src/CMakeFiles/rtabmap_gui.dir/ExportDialog.cpp.o[0m
[174.438s] [ 77%] [32mBuilding CXX object guilib/src/CMakeFiles/rtabmap_gui.dir/ExportBundlerDialog.cpp.o[0m
[176.683s] [ 78%] [32mBuilding CXX object guilib/src/CMakeFiles/rtabmap_gui.dir/PostProcessingDialog.cpp.o[0m
[179.274s] [ 78%] [32mBuilding CXX object guilib/src/CMakeFiles/rtabmap_gui.dir/ExportCloudsDialog.cpp.o[0m
[180.282s] [ 78%] [32mBuilding CXX object guilib/src/CMakeFiles/rtabmap_gui.dir/EditConstraintDialog.cpp.o[0m
[181.496s] [ 79%] [32mBuilding CXX object guilib/src/CMakeFiles/rtabmap_gui.dir/MapVisibilityWidget.cpp.o[0m
[182.343s] [ 79%] [32mBuilding CXX object guilib/src/CMakeFiles/rtabmap_gui.dir/GraphViewer.cpp.o[0m
[182.364s] [ 80%] [32mBuilding CXX object guilib/src/CMakeFiles/rtabmap_gui.dir/EditDepthArea.cpp.o[0m
[182.913s] [ 80%] [32mBuilding CXX object guilib/src/CMakeFiles/rtabmap_gui.dir/EditMapArea.cpp.o[0m
[183.292s] [ 80%] [32mBuilding CXX object guilib/src/CMakeFiles/rtabmap_gui.dir/MultiSessionLocWidget.cpp.o[0m
[184.692s] [ 81%] [32mBuilding CXX object guilib/src/CMakeFiles/rtabmap_gui.dir/MultiSessionLocSubView.cpp.o[0m
[185.179s] [ 81%] [32mBuilding CXX object guilib/src/CMakeFiles/rtabmap_gui.dir/CreateSimpleCalibrationDialog.cpp.o[0m
[187.282s] [ 82%] [32mBuilding CXX object guilib/src/CMakeFiles/rtabmap_gui.dir/ParametersToolBox.cpp.o[0m
[188.274s] [ 82%] [32mBuilding CXX object guilib/src/CMakeFiles/rtabmap_gui.dir/DepthCalibrationDialog.cpp.o[0m
[188.518s] [ 82%] [32mBuilding CXX object guilib/src/CMakeFiles/rtabmap_gui.dir/LinkRefiningDialog.cpp.o[0m
[189.321s] [ 83%] [32mBuilding CXX object guilib/src/CMakeFiles/rtabmap_gui.dir/3rdParty/QMultiComboBox.cpp.o[0m
[189.779s] [ 83%] [32mBuilding CXX object guilib/src/CMakeFiles/rtabmap_gui.dir/opencv/vtkImageMatSource.cpp.o[0m
[190.369s] [ 84%] [32mBuilding CXX object guilib/src/CMakeFiles/rtabmap_gui.dir/rtabmap_gui_autogen/EWIEGA46WW/qrc_GuiLib.cpp.o[0m
[199.491s] [ 84%] [32m[1mLinking CXX shared library ../../bin/librtabmap_gui.so[0m
[200.741s] [ 84%] Built target rtabmap_gui
[200.758s] [ 86%] [32mBuilding CXX object tools/CameraRGBD/CMakeFiles/rgbd_camera.dir/main.cpp.o[0m
[200.758s] [ 86%] [32mBuilding CXX object app/src/CMakeFiles/rtabmap_app.dir/main.cpp.o[0m
[200.759s] [ 86%] [32mBuilding CXX object tools/OdometryViewer/CMakeFiles/odometryViewer.dir/main.cpp.o[0m
[200.759s] [ 86%] [32mBuilding CXX object tools/Report/CMakeFiles/report.dir/main.cpp.o[0m
[200.759s] [ 86%] [32mBuilding CXX object tools/DatabaseViewer/CMakeFiles/databaseViewer.dir/main.cpp.o[0m
[200.759s] [ 86%] [32mBuilding CXX object tools/EpipolarGeometry/CMakeFiles/epipolar_geometry.dir/main.cpp.o[0m
[206.066s] [ 86%] [32m[1mLinking CXX executable ../../bin/rtabmap-databaseViewer[0m
[206.117s] [ 87%] [32m[1mLinking CXX executable ../../bin/rtabmap-odometryViewer[0m
[206.612s] [ 88%] [32m[1mLinking CXX executable ../../bin/rtabmap-epipolar_geometry[0m
[206.754s] [ 89%] [32m[1mLinking CXX executable ../../bin/rtabmap[0m
[207.651s] [ 89%] Built target databaseViewer
[207.671s] [ 90%] [32mBuilding CXX object tools/DataRecorder/CMakeFiles/dataRecorder.dir/main.cpp.o[0m
[207.672s] [ 90%] Built target odometryViewer
[207.691s] [ 91%] [32mBuilding CXX object tools/Calibration/CMakeFiles/calibration.dir/main.cpp.o[0m
[208.082s] [ 91%] Built target epipolar_geometry
[208.102s] [ 91%] [32mBuilding CXX object tools/Matcher/CMakeFiles/matcher.dir/main.cpp.o[0m
[208.202s] [ 91%] Built target rtabmap_app
[208.222s] [ 91%] [32mBuilding CXX object examples/BOWMapping/CMakeFiles/bow_mapping.dir/main.cpp.o[0m
[209.255s] [ 92%] [32m[1mLinking CXX executable ../../bin/rtabmap-rgbd_camera[0m
[210.423s] [ 92%] Built target rgbd_camera
[210.444s] [ 92%] [34m[1mAutomatic MOC and UIC for target rgbd_mapping[0m
[210.845s] [ 92%] [32m[1mLinking CXX executable ../../bin/rtabmap-report[0m
[210.882s] [ 92%] Built target rgbd_mapping_autogen
[210.905s] [ 93%] [34m[1mAutomatic MOC and UIC for target wifi_mapping[0m
[211.436s] [ 93%] Built target wifi_mapping_autogen
[211.457s] [ 94%] [34m[1mAutomatic MOC and UIC for target noEventsExample[0m
[211.613s] [ 94%] Built target noEventsExample_autogen
[211.632s] [ 95%] [34m[1mAutomatic MOC and UIC for target lidar_mapping[0m
[212.073s] [ 95%] Built target lidar_mapping_autogen
[212.095s] [ 96%] [32mBuilding CXX object examples/RGBDMapping/CMakeFiles/rgbd_mapping.dir/rgbd_mapping_autogen/mocs_compilation.cpp.o[0m
[212.343s] [ 96%] Built target report
[212.364s] [ 96%] [32mBuilding CXX object examples/WifiMapping/CMakeFiles/wifi_mapping.dir/wifi_mapping_autogen/mocs_compilation.cpp.o[0m
[213.086s] [ 96%] [32m[1mLinking CXX executable ../../bin/rtabmap-calibration[0m
[213.398s] [ 96%] [32m[1mLinking CXX executable ../../bin/rtabmap-dataRecorder[0m
[213.626s] [ 96%] [32m[1mLinking CXX executable ../../bin/rtabmap-bow_mapping[0m
[214.501s] [ 96%] Built target calibration
[214.522s] [ 97%] [32mBuilding CXX object examples/NoEventsExample/CMakeFiles/noEventsExample.dir/noEventsExample_autogen/mocs_compilation.cpp.o[0m
[214.754s] [ 97%] Built target bow_mapping
[214.776s] [ 98%] [32mBuilding CXX object examples/LidarMapping/CMakeFiles/lidar_mapping.dir/lidar_mapping_autogen/mocs_compilation.cpp.o[0m
[214.782s] [ 98%] Built target dataRecorder
[214.791s] [ 98%] [32mBuilding CXX object examples/RGBDMapping/CMakeFiles/rgbd_mapping.dir/main.cpp.o[0m
[216.932s] [ 98%] [32m[1mLinking CXX executable ../../bin/rtabmap-matcher[0m
[218.297s] [ 98%] Built target matcher
[218.305s] [ 98%] [32mBuilding CXX object examples/LidarMapping/CMakeFiles/lidar_mapping.dir/main.cpp.o[0m
[220.731s] [ 99%] [32mBuilding CXX object examples/WifiMapping/CMakeFiles/wifi_mapping.dir/main.cpp.o[0m
[220.755s] [ 99%] [32mBuilding CXX object examples/NoEventsExample/CMakeFiles/noEventsExample.dir/main.cpp.o[0m
[224.858s] [100%] [32m[1mLinking CXX executable ../../bin/rtabmap-rgbd_mapping[0m
[226.334s] [100%] Built target rgbd_mapping
[228.996s] [100%] [32m[1mLinking CXX executable ../../bin/rtabmap-wifi_mapping[0m
[229.030s] [100%] [32m[1mLinking CXX executable ../../bin/rtabmap-noEventsExample[0m
[229.038s] [100%] [32m[1mLinking CXX executable ../../bin/rtabmap-lidar_mapping[0m
[230.401s] [100%] Built target wifi_mapping
[230.449s] [100%] Built target noEventsExample
[230.521s] [100%] Built target lidar_mapping
[230.534s] Invoked command in '/home/wuliu/code/rtabmap/build/rtabmap' returned '0': CMAKE_PREFIX_PATH=/opt/ros/humble /usr/bin/cmake --build /home/wuliu/code/rtabmap/build/rtabmap
[230.543s] Invoking command in '/home/wuliu/code/rtabmap/build/rtabmap': CMAKE_PREFIX_PATH=/opt/ros/humble /usr/bin/cmake --install /home/wuliu/code/rtabmap/build/rtabmap
[230.548s] -- Install configuration: "Release"
[230.548s] -- Installing: /home/wuliu/code/rtabmap/install/rtabmap/lib/librtabmap_utilite.so.0.21.10
[230.549s] -- Installing: /home/wuliu/code/rtabmap/install/rtabmap/lib/librtabmap_utilite.so.0.21
[230.549s] -- Installing: /home/wuliu/code/rtabmap/install/rtabmap/lib/librtabmap_utilite.so
[230.549s] -- Installing: /home/wuliu/code/rtabmap/install/rtabmap/include/rtabmap-0.21/rtabmap
[230.549s] -- Installing: /home/wuliu/code/rtabmap/install/rtabmap/include/rtabmap-0.21/rtabmap/utilite
[230.549s] -- Installing: /home/wuliu/code/rtabmap/install/rtabmap/include/rtabmap-0.21/rtabmap/utilite/UProcessInfo.h
[230.549s] -- Installing: /home/wuliu/code/rtabmap/install/rtabmap/include/rtabmap-0.21/rtabmap/utilite/UtiLite.h
[230.549s] -- Installing: /home/wuliu/code/rtabmap/install/rtabmap/include/rtabmap-0.21/rtabmap/utilite/UThreadC.h
[230.549s] -- Installing: /home/wuliu/code/rtabmap/install/rtabmap/include/rtabmap-0.21/rtabmap/utilite/UConversion.h
[230.549s] -- Installing: /home/wuliu/code/rtabmap/install/rtabmap/include/rtabmap-0.21/rtabmap/utilite/UThread.h
[230.550s] -- Installing: /home/wuliu/code/rtabmap/install/rtabmap/include/rtabmap-0.21/rtabmap/utilite/UDestroyer.h
[230.550s] -- Installing: /home/wuliu/code/rtabmap/install/rtabmap/include/rtabmap-0.21/rtabmap/utilite/UEventsHandler.h
[230.550s] -- Installing: /home/wuliu/code/rtabmap/install/rtabmap/include/rtabmap-0.21/rtabmap/utilite/UThreadNode.h
[230.550s] -- Installing: /home/wuliu/code/rtabmap/install/rtabmap/include/rtabmap-0.21/rtabmap/utilite/UMath.h
[230.550s] -- Installing: /home/wuliu/code/rtabmap/install/rtabmap/include/rtabmap-0.21/rtabmap/utilite/ULogger.h
[230.550s] -- Installing: /home/wuliu/code/rtabmap/install/rtabmap/include/rtabmap-0.21/rtabmap/utilite/USemaphore.h
[230.550s] -- Installing: /home/wuliu/code/rtabmap/install/rtabmap/include/rtabmap-0.21/rtabmap/utilite/UStl.h
[230.550s] -- Installing: /home/wuliu/code/rtabmap/install/rtabmap/include/rtabmap-0.21/rtabmap/utilite/UEvent.h
[230.550s] -- Installing: /home/wuliu/code/rtabmap/install/rtabmap/include/rtabmap-0.21/rtabmap/utilite/UEventsSender.h
[230.550s] -- Installing: /home/wuliu/code/rtabmap/install/rtabmap/include/rtabmap-0.21/rtabmap/utilite/UMutex.h
[230.550s] -- Installing: /home/wuliu/code/rtabmap/install/rtabmap/include/rtabmap-0.21/rtabmap/utilite/Posix
[230.551s] -- Installing: /home/wuliu/code/rtabmap/install/rtabmap/include/rtabmap-0.21/rtabmap/utilite/Posix/UThreadC.h
[230.551s] -- Installing: /home/wuliu/code/rtabmap/install/rtabmap/include/rtabmap-0.21/rtabmap/utilite/Win32
[230.551s] -- Installing: /home/wuliu/code/rtabmap/install/rtabmap/include/rtabmap-0.21/rtabmap/utilite/Win32/UThreadC.h
[230.552s] -- Installing: /home/wuliu/code/rtabmap/install/rtabmap/include/rtabmap-0.21/rtabmap/utilite/Win32/UWin32.h
[230.552s] -- Installing: /home/wuliu/code/rtabmap/install/rtabmap/include/rtabmap-0.21/rtabmap/utilite/UTimer.h
[230.552s] -- Installing: /home/wuliu/code/rtabmap/install/rtabmap/include/rtabmap-0.21/rtabmap/utilite/UEventsManager.h
[230.552s] -- Installing: /home/wuliu/code/rtabmap/install/rtabmap/include/rtabmap-0.21/rtabmap/utilite/UDirectory.h
[230.552s] -- Installing: /home/wuliu/code/rtabmap/install/rtabmap/include/rtabmap-0.21/rtabmap/utilite/UException.h
[230.553s] -- Installing: /home/wuliu/code/rtabmap/install/rtabmap/include/rtabmap-0.21/rtabmap/utilite/UFile.h
[230.553s] -- Installing: /home/wuliu/code/rtabmap/install/rtabmap/include/rtabmap-0.21/rtabmap/utilite/UVariant.h
[230.553s] -- Installing: /home/wuliu/code/rtabmap/install/rtabmap/include/rtabmap-0.21/rtabmap/utilite/UObjDeletionThread.h
[230.553s] -- Up-to-date: /home/wuliu/code/rtabmap/install/rtabmap/include/rtabmap-0.21/rtabmap
[230.553s] -- Up-to-date: /home/wuliu/code/rtabmap/install/rtabmap/include/rtabmap-0.21/rtabmap/utilite
[230.553s] -- Installing: /home/wuliu/code/rtabmap/install/rtabmap/include/rtabmap-0.21/rtabmap/utilite/utilite_export.h
[230.553s] -- Installing: /home/wuliu/code/rtabmap/install/rtabmap/lib/rtabmap-0.21/RTABMap_utiliteTargets.cmake
[230.553s] -- Installing: /home/wuliu/code/rtabmap/install/rtabmap/lib/rtabmap-0.21/RTABMap_utiliteTargets-release.cmake
[230.554s] -- Installing: /home/wuliu/code/rtabmap/install/rtabmap/bin/rtabmap-res_tool-0.3.0
[230.554s] -- Installing: /home/wuliu/code/rtabmap/install/rtabmap/bin/rtabmap-res_tool
[230.554s] -- Set runtime path of "/home/wuliu/code/rtabmap/install/rtabmap/bin/rtabmap-res_tool-0.3.0" to ""
[230.554s] -- Installing: /home/wuliu/code/rtabmap/install/rtabmap/lib/librtabmap_core.so.0.21.10
[230.571s] -- Installing: /home/wuliu/code/rtabmap/install/rtabmap/lib/librtabmap_core.so.0.21
[230.571s] -- Set runtime path of "/home/wuliu/code/rtabmap/install/rtabmap/lib/librtabmap_core.so.0.21.10" to ""
[230.571s] -- Installing: /home/wuliu/code/rtabmap/install/rtabmap/lib/librtabmap_core.so
[230.571s] -- Up-to-date: /home/wuliu/code/rtabmap/install/rtabmap/include/rtabmap-0.21/rtabmap
[230.571s] -- Installing: /home/wuliu/code/rtabmap/install/rtabmap/include/rtabmap-0.21/rtabmap/core
[230.571s] -- Installing: /home/wuliu/code/rtabmap/install/rtabmap/include/rtabmap-0.21/rtabmap/core/CameraStereo.h
[230.572s] -- Installing: /home/wuliu/code/rtabmap/install/rtabmap/include/rtabmap-0.21/rtabmap/core/UserDataEvent.h
[230.572s] -- Installing: /home/wuliu/code/rtabmap/install/rtabmap/include/rtabmap-0.21/rtabmap/core/clams
[230.572s] -- Installing: /home/wuliu/code/rtabmap/install/rtabmap/include/rtabmap-0.21/rtabmap/core/clams/slam_calibrator.h
[230.572s] -- Installing: /home/wuliu/code/rtabmap/install/rtabmap/include/rtabmap-0.21/rtabmap/core/clams/discrete_depth_distortion_model.h
[230.572s] -- Installing: /home/wuliu/code/rtabmap/install/rtabmap/include/rtabmap-0.21/rtabmap/core/clams/frame_projector.h
[230.572s] -- Installing: /home/wuliu/code/rtabmap/install/rtabmap/include/rtabmap-0.21/rtabmap/core/CameraRGBD.h
[230.572s] -- Installing: /home/wuliu/code/rtabmap/install/rtabmap/include/rtabmap-0.21/rtabmap/core/LaserScan.h
[230.572s] -- Installing: /home/wuliu/code/rtabmap/install/rtabmap/include/rtabmap-0.21/rtabmap/core/VWDictionary.h
[230.572s] -- Installing: /home/wuliu/code/rtabmap/install/rtabmap/include/rtabmap-0.21/rtabmap/core/Compression.h
[230.572s] -- Installing: /home/wuliu/code/rtabmap/install/rtabmap/include/rtabmap-0.21/rtabmap/core/BayesFilter.h
[230.572s] -- Installing: /home/wuliu/code/rtabmap/install/rtabmap/include/rtabmap-0.21/rtabmap/core/LocalGridMaker.h
[230.573s] -- Installing: /home/wuliu/code/rtabmap/install/rtabmap/include/rtabmap-0.21/rtabmap/core/odometry
[230.573s] -- Installing: /home/wuliu/code/rtabmap/install/rtabmap/include/rtabmap-0.21/rtabmap/core/odometry/OdometryDVO.h
[230.573s] -- Installing: /home/wuliu/code/rtabmap/install/rtabmap/include/rtabmap-0.21/rtabmap/core/odometry/OdometryMono.h
[230.573s] -- Installing: /home/wuliu/code/rtabmap/install/rtabmap/include/rtabmap-0.21/rtabmap/core/odometry/OdometryMSCKF.h
[230.573s] -- Installing: /home/wuliu/code/rtabmap/install/rtabmap/include/rtabmap-0.21/rtabmap/core/odometry/OdometryOkvis.h
[230.573s] -- Installing: /home/wuliu/code/rtabmap/install/rtabmap/include/rtabmap-0.21/rtabmap/core/odometry/OdometryOpen3D.h
[230.573s] -- Installing: /home/wuliu/code/rtabmap/install/rtabmap/include/rtabmap-0.21/rtabmap/core/odometry/OdometryF2M.h
[230.573s] -- Installing: /home/wuliu/code/rtabmap/install/rtabmap/include/rtabmap-0.21/rtabmap/core/odometry/OdometryOpenVINS.h
[230.573s] -- Installing: /home/wuliu/code/rtabmap/install/rtabmap/include/rtabmap-0.21/rtabmap/core/odometry/OdometryORBSLAM3.h
[230.573s] -- Installing: /home/wuliu/code/rtabmap/install/rtabmap/include/rtabmap-0.21/rtabmap/core/odometry/OdometryF2F.h
[230.573s] -- Installing: /home/wuliu/code/rtabmap/install/rtabmap/include/rtabmap-0.21/rtabmap/core/odometry/OdometryLOAM.h
[230.574s] -- Installing: /home/wuliu/code/rtabmap/install/rtabmap/include/rtabmap-0.21/rtabmap/core/odometry/OdometryFovis.h
[230.574s] -- Installing: /home/wuliu/code/rtabmap/install/rtabmap/include/rtabmap-0.21/rtabmap/core/odometry/OdometryViso2.h
[230.574s] -- Installing: /home/wuliu/code/rtabmap/install/rtabmap/include/rtabmap-0.21/rtabmap/core/odometry/OdometryFLOAM.h
[230.574s] -- Installing: /home/wuliu/code/rtabmap/install/rtabmap/include/rtabmap-0.21/rtabmap/core/odometry/OdometryORBSLAM2.h
[230.574s] -- Installing: /home/wuliu/code/rtabmap/install/rtabmap/include/rtabmap-0.21/rtabmap/core/odometry/OdometryVINS.h
[230.574s] -- Installing: /home/wuliu/code/rtabmap/install/rtabmap/include/rtabmap-0.21/rtabmap/core/util3d_motion_estimation.h
[230.574s] -- Installing: /home/wuliu/code/rtabmap/install/rtabmap/include/rtabmap-0.21/rtabmap/core/Rtabmap.h
[230.574s] -- Installing: /home/wuliu/code/rtabmap/install/rtabmap/include/rtabmap-0.21/rtabmap/core/impl
[230.574s] -- Installing: /home/wuliu/code/rtabmap/install/rtabmap/include/rtabmap-0.21/rtabmap/core/impl/LocalMapMaker.hpp
[230.574s] -- Installing: /home/wuliu/code/rtabmap/install/rtabmap/include/rtabmap-0.21/rtabmap/core/impl/util3d_mapping.hpp
[230.574s] -- Installing: /home/wuliu/code/rtabmap/install/rtabmap/include/rtabmap-0.21/rtabmap/core/impl/util3d.hpp
[230.575s] -- Installing: /home/wuliu/code/rtabmap/install/rtabmap/include/rtabmap-0.21/rtabmap/core/impl/util3d_surface.hpp
[230.575s] -- Installing: /home/wuliu/code/rtabmap/install/rtabmap/include/rtabmap-0.21/rtabmap/core/stereo
[230.575s] -- Installing: /home/wuliu/code/rtabmap/install/rtabmap/include/rtabmap-0.21/rtabmap/core/stereo/StereoSGBM.h
[230.575s] -- Installing: /home/wuliu/code/rtabmap/install/rtabmap/include/rtabmap-0.21/rtabmap/core/stereo/StereoBM.h
[230.575s] -- Installing: /home/wuliu/code/rtabmap/install/rtabmap/include/rtabmap-0.21/rtabmap/core/stereo/stereoRectifyFisheye.h
[230.575s] -- Installing: /home/wuliu/code/rtabmap/install/rtabmap/include/rtabmap-0.21/rtabmap/core/OctoMap.h
[230.576s] -- Installing: /home/wuliu/code/rtabmap/install/rtabmap/include/rtabmap-0.21/rtabmap/core/EnvSensor.h
[230.577s] -- Installing: /home/wuliu/code/rtabmap/install/rtabmap/include/rtabmap-0.21/rtabmap/core/PDALWriter.h
[230.577s] -- Installing: /home/wuliu/code/rtabmap/install/rtabmap/include/rtabmap-0.21/rtabmap/core/Link.h
[230.577s] -- Installing: /home/wuliu/code/rtabmap/install/rtabmap/include/rtabmap-0.21/rtabmap/core/IMUThread.h
[230.577s] -- Installing: /home/wuliu/code/rtabmap/install/rtabmap/include/rtabmap-0.21/rtabmap/core/VisualWord.h
[230.577s] -- Installing: /home/wuliu/code/rtabmap/install/rtabmap/include/rtabmap-0.21/rtabmap/core/RtabmapThread.h
[230.577s] -- Installing: /home/wuliu/code/rtabmap/install/rtabmap/include/rtabmap-0.21/rtabmap/core/CameraInfo.h
[230.577s] -- Installing: /home/wuliu/code/rtabmap/install/rtabmap/include/rtabmap-0.21/rtabmap/core/SensorEvent.h
[230.577s] -- Installing: /home/wuliu/code/rtabmap/install/rtabmap/include/rtabmap-0.21/rtabmap/core/StereoCameraModel.h
[230.578s] -- Installing: /home/wuliu/code/rtabmap/install/rtabmap/include/rtabmap-0.21/rtabmap/core/RegistrationVis.h
[230.578s] -- Installing: /home/wuliu/code/rtabmap/install/rtabmap/include/rtabmap-0.21/rtabmap/core/GainCompensator.h
[230.578s] -- Installing: /home/wuliu/code/rtabmap/install/rtabmap/include/rtabmap-0.21/rtabmap/core/IMU.h
[230.578s] -- Installing: /home/wuliu/code/rtabmap/install/rtabmap/include/rtabmap-0.21/rtabmap/core/Lidar.h
[230.578s] -- Installing: /home/wuliu/code/rtabmap/install/rtabmap/include/rtabmap-0.21/rtabmap/core/SensorCaptureThread.h
[230.578s] -- Installing: /home/wuliu/code/rtabmap/install/rtabmap/include/rtabmap-0.21/rtabmap/core/util2d.h
[230.578s] -- Installing: /home/wuliu/code/rtabmap/install/rtabmap/include/rtabmap-0.21/rtabmap/core/CameraModel.h
[230.578s] -- Installing: /home/wuliu/code/rtabmap/install/rtabmap/include/rtabmap-0.21/rtabmap/core/Parameters.h
[230.578s] -- Installing: /home/wuliu/code/rtabmap/install/rtabmap/include/rtabmap-0.21/rtabmap/core/OccupancyGrid.h
[230.578s] -- Installing: /home/wuliu/code/rtabmap/install/rtabmap/include/rtabmap-0.21/rtabmap/core/FlannIndex.h
[230.579s] -- Installing: /home/wuliu/code/rtabmap/install/rtabmap/include/rtabmap-0.21/rtabmap/core/CameraEvent.h
[230.579s] -- Installing: /home/wuliu/code/rtabmap/install/rtabmap/include/rtabmap-0.21/rtabmap/core/camera
[230.579s] -- Installing: /home/wuliu/code/rtabmap/install/rtabmap/include/rtabmap-0.21/rtabmap/core/camera/CameraStereoImages.h
[230.579s] -- Installing: /home/wuliu/code/rtabmap/install/rtabmap/include/rtabmap-0.21/rtabmap/core/camera/CameraOpenNICV.h
[230.579s] -- Installing: /home/wuliu/code/rtabmap/install/rtabmap/include/rtabmap-0.21/rtabmap/core/camera/CameraVideo.h
[230.579s] -- Installing: /home/wuliu/code/rtabmap/install/rtabmap/include/rtabmap-0.21/rtabmap/core/camera/CameraStereoTara.h
[230.579s] -- Installing: /home/wuliu/code/rtabmap/install/rtabmap/include/rtabmap-0.21/rtabmap/core/camera/CameraOpenNI2.h
[230.579s] -- Installing: /home/wuliu/code/rtabmap/install/rtabmap/include/rtabmap-0.21/rtabmap/core/camera/CameraStereoVideo.h
[230.579s] -- Installing: /home/wuliu/code/rtabmap/install/rtabmap/include/rtabmap-0.21/rtabmap/core/camera/CameraImages.h
[230.579s] -- Installing: /home/wuliu/code/rtabmap/install/rtabmap/include/rtabmap-0.21/rtabmap/core/camera/CameraSeerSense.h
[230.579s] -- Installing: /home/wuliu/code/rtabmap/install/rtabmap/include/rtabmap-0.21/rtabmap/core/camera/CameraStereoZedOC.h
[230.580s] -- Installing: /home/wuliu/code/rtabmap/install/rtabmap/include/rtabmap-0.21/rtabmap/core/camera/CameraRealSense.h
[230.580s] -- Installing: /home/wuliu/code/rtabmap/install/rtabmap/include/rtabmap-0.21/rtabmap/core/camera/CameraFreenect2.h
[230.580s] -- Installing: /home/wuliu/code/rtabmap/install/rtabmap/include/rtabmap-0.21/rtabmap/core/camera/CameraStereoDC1394.h
[230.580s] -- Installing: /home/wuliu/code/rtabmap/install/rtabmap/include/rtabmap-0.21/rtabmap/core/camera/CameraOpenni.h
[230.580s] -- Installing: /home/wuliu/code/rtabmap/install/rtabmap/include/rtabmap-0.21/rtabmap/core/camera/CameraK4W2.h
[230.580s] -- Installing: /home/wuliu/code/rtabmap/install/rtabmap/include/rtabmap-0.21/rtabmap/core/camera/CameraRealSense2.h
[230.580s] -- Installing: /home/wuliu/code/rtabmap/install/rtabmap/include/rtabmap-0.21/rtabmap/core/camera/CameraDepthAI.h
[230.580s] -- Installing: /home/wuliu/code/rtabmap/install/rtabmap/include/rtabmap-0.21/rtabmap/core/camera/CameraFreenect.h
[230.580s] -- Installing: /home/wuliu/code/rtabmap/install/rtabmap/include/rtabmap-0.21/rtabmap/core/camera/CameraK4A.h
[230.580s] -- Installing: /home/wuliu/code/rtabmap/install/rtabmap/include/rtabmap-0.21/rtabmap/core/camera/CameraRGBDImages.h
[230.581s] -- Installing: /home/wuliu/code/rtabmap/install/rtabmap/include/rtabmap-0.21/rtabmap/core/camera/CameraStereoZed.h
[230.581s] -- Installing: /home/wuliu/code/rtabmap/install/rtabmap/include/rtabmap-0.21/rtabmap/core/camera/CameraMyntEye.h
[230.581s] -- Installing: /home/wuliu/code/rtabmap/install/rtabmap/include/rtabmap-0.21/rtabmap/core/camera/CameraStereoFlyCapture2.h
[230.581s] -- Installing: /home/wuliu/code/rtabmap/install/rtabmap/include/rtabmap-0.21/rtabmap/core/OdometryThread.h
[230.581s] -- Installing: /home/wuliu/code/rtabmap/install/rtabmap/include/rtabmap-0.21/rtabmap/core/Optimizer.h
[230.581s] -- Installing: /home/wuliu/code/rtabmap/install/rtabmap/include/rtabmap-0.21/rtabmap/core/IMUFilter.h
[230.581s] -- Installing: /home/wuliu/code/rtabmap/install/rtabmap/include/rtabmap-0.21/rtabmap/core/GlobalDescriptor.h
[230.581s] -- Installing: /home/wuliu/code/rtabmap/install/rtabmap/include/rtabmap-0.21/rtabmap/core/util3d_surface.h
[230.581s] -- Installing: /home/wuliu/code/rtabmap/install/rtabmap/include/rtabmap-0.21/rtabmap/core/ProgressState.h
[230.581s] -- Installing: /home/wuliu/code/rtabmap/install/rtabmap/include/rtabmap-0.21/rtabmap/core/util3d_filtering.h
[230.582s] -- Installing: /home/wuliu/code/rtabmap/install/rtabmap/include/rtabmap-0.21/rtabmap/core/StereoDense.h
[230.582s] -- Installing: /home/wuliu/code/rtabmap/install/rtabmap/include/rtabmap-0.21/rtabmap/core/global_map
[230.582s] -- Installing: /home/wuliu/code/rtabmap/install/rtabmap/include/rtabmap-0.21/rtabmap/core/global_map/CloudMap.h
[230.582s] -- Installing: /home/wuliu/code/rtabmap/install/rtabmap/include/rtabmap-0.21/rtabmap/core/global_map/OctoMap.h
[230.582s] -- Installing: /home/wuliu/code/rtabmap/install/rtabmap/include/rtabmap-0.21/rtabmap/core/global_map/OccupancyGrid.h
[230.582s] -- Installing: /home/wuliu/code/rtabmap/install/rtabmap/include/rtabmap-0.21/rtabmap/core/global_map/GridMap.h
[230.582s] -- Installing: /home/wuliu/code/rtabmap/install/rtabmap/include/rtabmap-0.21/rtabmap/core/SensorCapture.h
[230.582s] -- Installing: /home/wuliu/code/rtabmap/install/rtabmap/include/rtabmap-0.21/rtabmap/core/CameraThread.h
[230.582s] -- Installing: /home/wuliu/code/rtabmap/install/rtabmap/include/rtabmap-0.21/rtabmap/core/DBDriver.h
[230.583s] -- Installing: /home/wuliu/code/rtabmap/install/rtabmap/include/rtabmap-0.21/rtabmap/core/SensorData.h
[230.583s] -- Installing: /home/wuliu/code/rtabmap/install/rtabmap/include/rtabmap-0.21/rtabmap/core/DBReader.h
[230.583s] -- Installing: /home/wuliu/code/rtabmap/install/rtabmap/include/rtabmap-0.21/rtabmap/core/MarkerDetector.h
[230.583s] -- Installing: /home/wuliu/code/rtabmap/install/rtabmap/include/rtabmap-0.21/rtabmap/core/rvl_codec.h
[230.583s] -- Installing: /home/wuliu/code/rtabmap/install/rtabmap/include/rtabmap-0.21/rtabmap/core/GeodeticCoords.h
[230.583s] -- Installing: /home/wuliu/code/rtabmap/install/rtabmap/include/rtabmap-0.21/rtabmap/core/EpipolarGeometry.h
[230.583s] -- Installing: /home/wuliu/code/rtabmap/install/rtabmap/include/rtabmap-0.21/rtabmap/core/optimizer
[230.583s] -- Installing: /home/wuliu/code/rtabmap/install/rtabmap/include/rtabmap-0.21/rtabmap/core/optimizer/OptimizerCVSBA.h
[230.583s] -- Installing: /home/wuliu/code/rtabmap/install/rtabmap/include/rtabmap-0.21/rtabmap/core/optimizer/OptimizerGTSAM.h
[230.583s] -- Installing: /home/wuliu/code/rtabmap/install/rtabmap/include/rtabmap-0.21/rtabmap/core/optimizer/OptimizerTORO.h
[230.584s] -- Installing: /home/wuliu/code/rtabmap/install/rtabmap/include/rtabmap-0.21/rtabmap/core/optimizer/OptimizerCeres.h
[230.584s] -- Installing: /home/wuliu/code/rtabmap/install/rtabmap/include/rtabmap-0.21/rtabmap/core/optimizer/OptimizerG2O.h
[230.584s] -- Installing: /home/wuliu/code/rtabmap/install/rtabmap/include/rtabmap-0.21/rtabmap/core/RegistrationInfo.h
[230.584s] -- Installing: /home/wuliu/code/rtabmap/install/rtabmap/include/rtabmap-0.21/rtabmap/core/DBDriverSqlite3.h
[230.584s] -- Installing: /home/wuliu/code/rtabmap/install/rtabmap/include/rtabmap-0.21/rtabmap/core/Image.h
[230.584s] -- Installing: /home/wuliu/code/rtabmap/install/rtabmap/include/rtabmap-0.21/rtabmap/core/RtabmapEvent.h
[230.584s] -- Installing: /home/wuliu/code/rtabmap/install/rtabmap/include/rtabmap-0.21/rtabmap/core/Statistics.h
[230.584s] -- Installing: /home/wuliu/code/rtabmap/install/rtabmap/include/rtabmap-0.21/rtabmap/core/CameraRGB.h
[230.584s] -- Installing: /home/wuliu/code/rtabmap/install/rtabmap/include/rtabmap-0.21/rtabmap/core/ParticleFilter.h
[230.585s] -- Installing: /home/wuliu/code/rtabmap/install/rtabmap/include/rtabmap-0.21/rtabmap/core/ParamEvent.h
[230.585s] -- Installing: /home/wuliu/code/rtabmap/install/rtabmap/include/rtabmap-0.21/rtabmap/core/util3d_transforms.h
[230.585s] -- Installing: /home/wuliu/code/rtabmap/install/rtabmap/include/rtabmap-0.21/rtabmap/core/LASWriter.h
[230.585s] -- Installing: /home/wuliu/code/rtabmap/install/rtabmap/include/rtabmap-0.21/rtabmap/core/Recovery.h
[230.585s] -- Installing: /home/wuliu/code/rtabmap/install/rtabmap/include/rtabmap-0.21/rtabmap/core/Camera.h
[230.585s] -- Installing: /home/wuliu/code/rtabmap/install/rtabmap/include/rtabmap-0.21/rtabmap/core/Memory.h
[230.585s] -- Installing: /home/wuliu/code/rtabmap/install/rtabmap/include/rtabmap-0.21/rtabmap/core/GPS.h
[230.585s] -- Installing: /home/wuliu/code/rtabmap/install/rtabmap/include/rtabmap-0.21/rtabmap/core/OdometryEvent.h
[230.585s] -- Installing: /home/wuliu/code/rtabmap/install/rtabmap/include/rtabmap-0.21/rtabmap/core/GlobalMap.h
[230.586s] -- Installing: /home/wuliu/code/rtabmap/install/rtabmap/include/rtabmap-0.21/rtabmap/core/Transform.h
[230.586s] -- Installing: /home/wuliu/code/rtabmap/install/rtabmap/include/rtabmap-0.21/rtabmap/core/PythonInterface.h
[230.586s] -- Installing: /home/wuliu/code/rtabmap/install/rtabmap/include/rtabmap-0.21/rtabmap/core/GlobalDescriptorExtractor.h
[230.586s] -- Installing: /home/wuliu/code/rtabmap/install/rtabmap/include/rtabmap-0.21/rtabmap/core/SensorCaptureInfo.h
[230.586s] -- Installing: /home/wuliu/code/rtabmap/install/rtabmap/include/rtabmap-0.21/rtabmap/core/util3d.h
[230.586s] -- Installing: /home/wuliu/code/rtabmap/install/rtabmap/include/rtabmap-0.21/rtabmap/core/Stereo.h
[230.586s] -- Installing: /home/wuliu/code/rtabmap/install/rtabmap/include/rtabmap-0.21/rtabmap/core/OdometryInfo.h
[230.586s] -- Installing: /home/wuliu/code/rtabmap/install/rtabmap/include/rtabmap-0.21/rtabmap/core/util3d_registration.h
[230.586s] -- Installing: /home/wuliu/code/rtabmap/install/rtabmap/include/rtabmap-0.21/rtabmap/core/Signature.h
[230.587s] -- Installing: /home/wuliu/code/rtabmap/install/rtabmap/include/rtabmap-0.21/rtabmap/core/lidar
[230.587s] -- Installing: /home/wuliu/code/rtabmap/install/rtabmap/include/rtabmap-0.21/rtabmap/core/lidar/LidarVLP16.h
[230.587s] -- Installing: /home/wuliu/code/rtabmap/install/rtabmap/include/rtabmap-0.21/rtabmap/core/util3d_correspondences.h
[230.587s] -- Installing: /home/wuliu/code/rtabmap/install/rtabmap/include/rtabmap-0.21/rtabmap/core/util3d_mapping.h
[230.587s] -- Installing: /home/wuliu/code/rtabmap/install/rtabmap/include/rtabmap-0.21/rtabmap/core/Landmark.h
[230.587s] -- Installing: /home/wuliu/code/rtabmap/install/rtabmap/include/rtabmap-0.21/rtabmap/core/Registration.h
[230.587s] -- Installing: /home/wuliu/code/rtabmap/install/rtabmap/include/rtabmap-0.21/rtabmap/core/LocalGrid.h
[230.587s] -- Installing: /home/wuliu/code/rtabmap/install/rtabmap/include/rtabmap-0.21/rtabmap/core/Graph.h
[230.587s] -- Installing: /home/wuliu/code/rtabmap/install/rtabmap/include/rtabmap-0.21/rtabmap/core/util3d_features.h
[230.588s] -- Installing: /home/wuliu/code/rtabmap/install/rtabmap/include/rtabmap-0.21/rtabmap/core/Features2d.h
[230.588s] -- Installing: /home/wuliu/code/rtabmap/install/rtabmap/include/rtabmap-0.21/rtabmap/core/Odometry.h
[230.588s] -- Installing: /home/wuliu/code/rtabmap/install/rtabmap/include/rtabmap-0.21/rtabmap/core/RegistrationIcp.h
[230.588s] -- Up-to-date: /home/wuliu/code/rtabmap/install/rtabmap/include/rtabmap-0.21/rtabmap
[230.588s] -- Up-to-date: /home/wuliu/code/rtabmap/install/rtabmap/include/rtabmap-0.21/rtabmap/core
[230.588s] -- Installing: /home/wuliu/code/rtabmap/install/rtabmap/include/rtabmap-0.21/rtabmap/core/Version.h
[230.588s] -- Installing: /home/wuliu/code/rtabmap/install/rtabmap/include/rtabmap-0.21/rtabmap/core/rtabmap_core_export.h
[230.588s] -- Installing: /home/wuliu/code/rtabmap/install/rtabmap/lib/rtabmap-0.21/RTABMap_coreTargets.cmake
[230.588s] -- Installing: /home/wuliu/code/rtabmap/install/rtabmap/lib/rtabmap-0.21/RTABMap_coreTargets-release.cmake
[230.589s] -- Installing: /home/wuliu/code/rtabmap/install/rtabmap/lib/librtabmap_gui.so.0.21.10
[230.595s] -- Installing: /home/wuliu/code/rtabmap/install/rtabmap/lib/librtabmap_gui.so.0.21
[230.595s] -- Set runtime path of "/home/wuliu/code/rtabmap/install/rtabmap/lib/librtabmap_gui.so.0.21.10" to ""
[230.596s] -- Installing: /home/wuliu/code/rtabmap/install/rtabmap/lib/librtabmap_gui.so
[230.596s] -- Up-to-date: /home/wuliu/code/rtabmap/install/rtabmap/include/rtabmap-0.21/rtabmap
[230.596s] -- Up-to-date: /home/wuliu/code/rtabmap/install/rtabmap/include/rtabmap-0.21/rtabmap/utilite
[230.596s] -- Installing: /home/wuliu/code/rtabmap/install/rtabmap/include/rtabmap-0.21/rtabmap/utilite/UPlot.h
[230.596s] -- Installing: /home/wuliu/code/rtabmap/install/rtabmap/include/rtabmap-0.21/rtabmap/utilite/UCv2Qt.h
[230.596s] -- Installing: /home/wuliu/code/rtabmap/install/rtabmap/include/rtabmap-0.21/rtabmap/utilite/UImageView.h
[230.596s] -- Installing: /home/wuliu/code/rtabmap/install/rtabmap/include/rtabmap-0.21/rtabmap/gui
[230.596s] -- Installing: /home/wuliu/code/rtabmap/install/rtabmap/include/rtabmap-0.21/rtabmap/gui/MultiSessionLocSubView.h
[230.596s] -- Installing: /home/wuliu/code/rtabmap/install/rtabmap/include/rtabmap-0.21/rtabmap/gui/CloudViewerCellPicker.h
[230.596s] -- Installing: /home/wuliu/code/rtabmap/install/rtabmap/include/rtabmap-0.21/rtabmap/gui/MapVisibilityWidget.h
[230.596s] -- Installing: /home/wuliu/code/rtabmap/install/rtabmap/include/rtabmap-0.21/rtabmap/gui/ParametersToolBox.h
[230.596s] -- Installing: /home/wuliu/code/rtabmap/install/rtabmap/include/rtabmap-0.21/rtabmap/gui/DatabaseViewer.h
[230.596s] -- Installing: /home/wuliu/code/rtabmap/install/rtabmap/include/rtabmap-0.21/rtabmap/gui/DepthCalibrationDialog.h
[230.597s] -- Installing: /home/wuliu/code/rtabmap/install/rtabmap/include/rtabmap-0.21/rtabmap/gui/DataRecorder.h
[230.597s] -- Installing: /home/wuliu/code/rtabmap/install/rtabmap/include/rtabmap-0.21/rtabmap/gui/LinkRefiningDialog.h
[230.597s] -- Installing: /home/wuliu/code/rtabmap/install/rtabmap/include/rtabmap-0.21/rtabmap/gui/EditDepthArea.h
[230.597s] -- Installing: /home/wuliu/code/rtabmap/install/rtabmap/include/rtabmap-0.21/rtabmap/gui/PreferencesDialog.h
[230.597s] -- Installing: /home/wuliu/code/rtabmap/install/rtabmap/include/rtabmap-0.21/rtabmap/gui/ExportCloudsDialog.h
[230.597s] -- Installing: /home/wuliu/code/rtabmap/install/rtabmap/include/rtabmap-0.21/rtabmap/gui/StatsToolBox.h
[230.597s] -- Installing: /home/wuliu/code/rtabmap/install/rtabmap/include/rtabmap-0.21/rtabmap/gui/AboutDialog.h
[230.597s] -- Installing: /home/wuliu/code/rtabmap/install/rtabmap/include/rtabmap-0.21/rtabmap/gui/LoopClosureViewer.h
[230.597s] -- Installing: /home/wuliu/code/rtabmap/install/rtabmap/include/rtabmap-0.21/rtabmap/gui/EditMapArea.h
[230.597s] -- Installing: /home/wuliu/code/rtabmap/install/rtabmap/include/rtabmap-0.21/rtabmap/gui/GraphViewer.h
[230.598s] -- Installing: /home/wuliu/code/rtabmap/install/rtabmap/include/rtabmap-0.21/rtabmap/gui/PdfPlot.h
[230.598s] -- Installing: /home/wuliu/code/rtabmap/install/rtabmap/include/rtabmap-0.21/rtabmap/gui/CalibrationDialog.h
[230.598s] -- Installing: /home/wuliu/code/rtabmap/install/rtabmap/include/rtabmap-0.21/rtabmap/gui/RecoveryState.h
[230.598s] -- Installing: /home/wuliu/code/rtabmap/install/rtabmap/include/rtabmap-0.21/rtabmap/gui/CreateSimpleCalibrationDialog.h
[230.598s] -- Installing: /home/wuliu/code/rtabmap/install/rtabmap/include/rtabmap-0.21/rtabmap/gui/CloudViewer.h
[230.598s] -- Installing: /home/wuliu/code/rtabmap/install/rtabmap/include/rtabmap-0.21/rtabmap/gui/TexturingState.h
[230.598s] -- Installing: /home/wuliu/code/rtabmap/install/rtabmap/include/rtabmap-0.21/rtabmap/gui/PostProcessingDialog.h
[230.598s] -- Installing: /home/wuliu/code/rtabmap/install/rtabmap/include/rtabmap-0.21/rtabmap/gui/ConsoleWidget.h
[230.598s] -- Installing: /home/wuliu/code/rtabmap/install/rtabmap/include/rtabmap-0.21/rtabmap/gui/ProgressDialog.h
[230.598s] -- Installing: /home/wuliu/code/rtabmap/install/rtabmap/include/rtabmap-0.21/rtabmap/gui/CloudViewerInteractorStyle.h
[230.598s] -- Installing: /home/wuliu/code/rtabmap/install/rtabmap/include/rtabmap-0.21/rtabmap/gui/KeypointItem.h
[230.599s] -- Installing: /home/wuliu/code/rtabmap/install/rtabmap/include/rtabmap-0.21/rtabmap/gui/ImageView.h
[230.599s] -- Installing: /home/wuliu/code/rtabmap/install/rtabmap/include/rtabmap-0.21/rtabmap/gui/ExportDialog.h
[230.599s] -- Installing: /home/wuliu/code/rtabmap/install/rtabmap/include/rtabmap-0.21/rtabmap/gui/EditConstraintDialog.h
[230.599s] -- Installing: /home/wuliu/code/rtabmap/install/rtabmap/include/rtabmap-0.21/rtabmap/gui/OdometryViewer.h
[230.599s] -- Installing: /home/wuliu/code/rtabmap/install/rtabmap/include/rtabmap-0.21/rtabmap/gui/ExportBundlerDialog.h
[230.599s] -- Installing: /home/wuliu/code/rtabmap/install/rtabmap/include/rtabmap-0.21/rtabmap/gui/CameraViewer.h
[230.599s] -- Installing: /home/wuliu/code/rtabmap/install/rtabmap/include/rtabmap-0.21/rtabmap/gui/MultiSessionLocWidget.h
[230.599s] -- Installing: /home/wuliu/code/rtabmap/install/rtabmap/include/rtabmap-0.21/rtabmap/gui/MainWindow.h
[230.599s] -- Up-to-date: /home/wuliu/code/rtabmap/install/rtabmap/include/rtabmap-0.21/rtabmap
[230.599s] -- Up-to-date: /home/wuliu/code/rtabmap/install/rtabmap/include/rtabmap-0.21/rtabmap/gui
[230.599s] -- Installing: /home/wuliu/code/rtabmap/install/rtabmap/include/rtabmap-0.21/rtabmap/gui/rtabmap_gui_export.h
[230.600s] -- Installing: /home/wuliu/code/rtabmap/install/rtabmap/lib/rtabmap-0.21/RTABMap_guiTargets.cmake
[230.600s] -- Installing: /home/wuliu/code/rtabmap/install/rtabmap/lib/rtabmap-0.21/RTABMap_guiTargets-release.cmake
[230.600s] -- Installing: /home/wuliu/code/rtabmap/install/rtabmap/bin/rtabmap
[230.600s] -- Set runtime path of "/home/wuliu/code/rtabmap/install/rtabmap/bin/rtabmap" to ""
[230.600s] -- Installing: /home/wuliu/code/rtabmap/install/rtabmap/bin/rtabmap-console
[230.601s] -- Set runtime path of "/home/wuliu/code/rtabmap/install/rtabmap/bin/rtabmap-console" to ""
[230.601s] -- Installing: /home/wuliu/code/rtabmap/install/rtabmap/bin/rtabmap-extractObject
[230.601s] -- Set runtime path of "/home/wuliu/code/rtabmap/install/rtabmap/bin/rtabmap-extractObject" to ""
[230.601s] -- Installing: /home/wuliu/code/rtabmap/install/rtabmap/bin/rtabmap-camera
[230.602s] -- Set runtime path of "/home/wuliu/code/rtabmap/install/rtabmap/bin/rtabmap-camera" to ""
[230.602s] -- Installing: /home/wuliu/code/rtabmap/install/rtabmap/bin/rtabmap-kitti_dataset
[230.602s] -- Set runtime path of "/home/wuliu/code/rtabmap/install/rtabmap/bin/rtabmap-kitti_dataset" to ""
[230.602s] -- Installing: /home/wuliu/code/rtabmap/install/rtabmap/bin/rtabmap-rgbd_dataset
[230.603s] -- Set runtime path of "/home/wuliu/code/rtabmap/install/rtabmap/bin/rtabmap-rgbd_dataset" to ""
[230.603s] -- Installing: /home/wuliu/code/rtabmap/install/rtabmap/bin/rtabmap-euroc_dataset
[230.603s] -- Set runtime path of "/home/wuliu/code/rtabmap/install/rtabmap/bin/rtabmap-euroc_dataset" to ""
[230.603s] -- Installing: /home/wuliu/code/rtabmap/install/rtabmap/bin/rtabmap-recovery
[230.604s] -- Set runtime path of "/home/wuliu/code/rtabmap/install/rtabmap/bin/rtabmap-recovery" to ""
[230.604s] -- Installing: /home/wuliu/code/rtabmap/install/rtabmap/bin/rtabmap-reprocess
[230.604s] -- Set runtime path of "/home/wuliu/code/rtabmap/install/rtabmap/bin/rtabmap-reprocess" to ""
[230.604s] -- Installing: /home/wuliu/code/rtabmap/install/rtabmap/bin/rtabmap-detectMoreLoopClosures
[230.605s] -- Set runtime path of "/home/wuliu/code/rtabmap/install/rtabmap/bin/rtabmap-detectMoreLoopClosures" to ""
[230.605s] -- Installing: /home/wuliu/code/rtabmap/install/rtabmap/bin/rtabmap-export
[230.605s] -- Set runtime path of "/home/wuliu/code/rtabmap/install/rtabmap/bin/rtabmap-export" to ""
[230.605s] -- Installing: /home/wuliu/code/rtabmap/install/rtabmap/bin/rtabmap-report
[230.606s] -- Set runtime path of "/home/wuliu/code/rtabmap/install/rtabmap/bin/rtabmap-report" to ""
[230.606s] -- Installing: /home/wuliu/code/rtabmap/install/rtabmap/bin/rtabmap-info
[230.606s] -- Set runtime path of "/home/wuliu/code/rtabmap/install/rtabmap/bin/rtabmap-info" to ""
[230.606s] -- Installing: /home/wuliu/code/rtabmap/install/rtabmap/bin/rtabmap-cleanupLocalGrids
[230.607s] -- Set runtime path of "/home/wuliu/code/rtabmap/install/rtabmap/bin/rtabmap-cleanupLocalGrids" to ""
[230.607s] -- Installing: /home/wuliu/code/rtabmap/install/rtabmap/bin/rtabmap-globalBundleAdjustment
[230.607s] -- Set runtime path of "/home/wuliu/code/rtabmap/install/rtabmap/bin/rtabmap-globalBundleAdjustment" to ""
[230.607s] -- Installing: /home/wuliu/code/rtabmap/install/rtabmap/bin/rtabmap-rgbd_camera
[230.607s] -- Set runtime path of "/home/wuliu/code/rtabmap/install/rtabmap/bin/rtabmap-rgbd_camera" to ""
[230.608s] -- Installing: /home/wuliu/code/rtabmap/install/rtabmap/bin/rtabmap-lidar_viewer
[230.608s] -- Set runtime path of "/home/wuliu/code/rtabmap/install/rtabmap/bin/rtabmap-lidar_viewer" to ""
[230.608s] -- Installing: /home/wuliu/code/rtabmap/install/rtabmap/bin/rtabmap-databaseViewer
[230.608s] -- Set runtime path of "/home/wuliu/code/rtabmap/install/rtabmap/bin/rtabmap-databaseViewer" to ""
[230.608s] -- Installing: /home/wuliu/code/rtabmap/install/rtabmap/bin/rtabmap-odometryViewer
[230.609s] -- Set runtime path of "/home/wuliu/code/rtabmap/install/rtabmap/bin/rtabmap-odometryViewer" to ""
[230.609s] -- Installing: /home/wuliu/code/rtabmap/install/rtabmap/bin/rtabmap-dataRecorder
[230.609s] -- Set runtime path of "/home/wuliu/code/rtabmap/install/rtabmap/bin/rtabmap-dataRecorder" to ""
[230.609s] -- Installing: /home/wuliu/code/rtabmap/install/rtabmap/bin/rtabmap-calibration
[230.610s] -- Set runtime path of "/home/wuliu/code/rtabmap/install/rtabmap/bin/rtabmap-calibration" to ""
[230.610s] -- Installing: /home/wuliu/code/rtabmap/install/rtabmap/lib/rtabmap-0.21/RTABMapTargets.cmake
[230.610s] -- Installing: /home/wuliu/code/rtabmap/install/rtabmap/lib/rtabmap-0.21/RTABMapConfig.cmake
[230.610s] -- Installing: /home/wuliu/code/rtabmap/install/rtabmap/lib/rtabmap-0.21/RTABMapConfigVersion.cmake
[230.610s] -- Installing: /home/wuliu/code/rtabmap/install/rtabmap/share/rtabmap/package.xml
[230.613s] Invoked command in '/home/wuliu/code/rtabmap/build/rtabmap' returned '0': CMAKE_PREFIX_PATH=/opt/ros/humble /usr/bin/cmake --install /home/wuliu/code/rtabmap/build/rtabmap
