[0.013s] Invoking command in '/home/wuliu/code/rtabmap/build/rtabmap_sync': AMENT_PREFIX_PATH=/home/wuliu/code/rtabmap/install/rtabmap_conversions:/home/wuliu/code/rtabmap/install/rtabmap_msgs:${AMENT_PREFIX_PATH} CMAKE_PREFIX_PATH=/home/wuliu/code/rtabmap/install/rtabmap_conversions:/home/wuliu/code/rtabmap/install/rtabmap_msgs:/home/wuliu/code/rtabmap/install/rtabmap:/opt/ros/humble LD_LIBRARY_PATH=/home/wuliu/code/rtabmap/install/rtabmap_conversions/lib:/home/wuliu/code/rtabmap/install/rtabmap_msgs/lib:/home/wuliu/code/rtabmap/install/rtabmap/lib:${LD_LIBRARY_PATH} PATH=/home/wuliu/code/rtabmap/install/rtabmap/bin:${PATH} PKG_CONFIG_PATH=/home/wuliu/code/rtabmap/install/rtabmap/lib/x86_64-linux-gnu/pkgconfig:/home/wuliu/code/rtabmap/install/rtabmap/lib/pkgconfig PYTHONPATH=/home/wuliu/code/rtabmap/install/rtabmap_msgs/local/lib/python3.10/dist-packages:${PYTHONPATH} /usr/bin/cmake /home/wuliu/code/rtabmap/src/rtabmap_ros/rtabmap_sync -DCMAKE_BUILD_TYPE=Release -DAMENT_CMAKE_SYMLINK_INSTALL=1 -DCMAKE_INSTALL_PREFIX=/home/wuliu/code/rtabmap/install/rtabmap_sync
[0.059s] -- The C compiler identification is GNU 11.4.0
[0.103s] -- The CXX compiler identification is GNU 11.4.0
[0.110s] -- Detecting C compiler ABI info
[0.172s] -- Detecting C compiler ABI info - done
[0.177s] -- Check for working C compiler: /usr/bin/cc - skipped
[0.177s] -- Detecting C compile features
[0.177s] -- Detecting C compile features - done
[0.179s] -- Detecting CXX compiler ABI info
[0.246s] -- Detecting CXX compiler ABI info - done
[0.251s] -- Check for working CXX compiler: /usr/bin/c++ - skipped
[0.251s] -- Detecting CXX compile features
[0.251s] -- Detecting CXX compile features - done
[0.253s] -- Found cv_bridge: 3.2.1 (/opt/ros/humble/share/cv_bridge/cmake)
[0.360s] -- Found Python3: /usr/bin/python3 (found version "3.10.12") found components: Interpreter 
[0.401s] -- Override CMake install command with custom implementation using symlinks instead of copying resources
[0.461s] -- Found rosidl_generator_c: 3.1.6 (/opt/ros/humble/share/rosidl_generator_c/cmake)
[0.466s] -- Found rosidl_adapter: 3.1.6 (/opt/ros/humble/share/rosidl_adapter/cmake)
[0.472s] -- Found rosidl_generator_cpp: 3.1.6 (/opt/ros/humble/share/rosidl_generator_cpp/cmake)
[0.480s] -- Using all available rosidl_typesupport_c: rosidl_typesupport_fastrtps_c;rosidl_typesupport_introspection_c
[0.492s] -- Using all available rosidl_typesupport_cpp: rosidl_typesupport_fastrtps_cpp;rosidl_typesupport_introspection_cpp
[0.534s] -- Found image_transport: 3.1.10 (/opt/ros/humble/share/image_transport/cmake)
[0.566s] -- Found rmw_implementation_cmake: 6.1.2 (/opt/ros/humble/share/rmw_implementation_cmake/cmake)
[0.568s] -- Found rmw_cyclonedds_cpp: 1.3.4 (/opt/ros/humble/share/rmw_cyclonedds_cpp/cmake)
[0.584s] -- Using RMW implementation 'rmw_cyclonedds_cpp' as default
[0.591s] -- Looking for pthread.h
[0.654s] -- Looking for pthread.h - found
[0.654s] -- Performing Test CMAKE_HAVE_LIBC_PTHREAD
[0.718s] -- Performing Test CMAKE_HAVE_LIBC_PTHREAD - Success
[0.719s] -- Found Threads: TRUE  
[0.772s] -- Found nav_msgs: 4.2.4 (/opt/ros/humble/share/nav_msgs/cmake)
[0.783s] -- Found rclcpp_components: 16.0.11 (/opt/ros/humble/share/rclcpp_components/cmake)
[0.795s] -- Found rtabmap_conversions: 0.21.10 (/home/wuliu/code/rtabmap/install/rtabmap_conversions/share/rtabmap_conversions/cmake)
[0.842s] -- Checking for module 'eigen3'
[0.855s] --   Found eigen3, version 3.4.0
[0.888s] -- Found Eigen: /usr/include/eigen3 (Required is at least version "3.1") 
[0.888s] -- Eigen found (include: /usr/include/eigen3, version: 3.4.0)
[0.919s] -- Checking for module 'flann'
[0.934s] --   Found flann, version 1.9.1
[0.976s] -- Found FLANN: /usr/lib/x86_64-linux-gnu/libflann_cpp.so  
[0.976s] -- FLANN found (include: /usr/include, lib: /usr/lib/x86_64-linux-gnu/libflann_cpp.so)
[1.768s] -- Checking for module 'libusb-1.0'
[1.784s] --   Found libusb-1.0, version 1.0.25
[1.822s] -- Found libusb: /usr/lib/x86_64-linux-gnu/libusb-1.0.so  
[1.822s] -- OpenNI found (version: 1.5.4.0, include: /usr/include/ni, lib: /usr/lib/libOpenNI.so;libusb::libusb)
[1.878s] -- OpenNI2 found (version: 2.2.0.33, include: /usr/include/openni2, lib: /usr/lib/x86_64-linux-gnu/libOpenNI2.so;libusb::libusb)
[1.988s] -- Eigen found (include: /usr/include/eigen3, version: 3.4.0)
[1.994s] -- OpenNI found (version: 1.5.4.0, include: /usr/include/ni, lib: /usr/lib/libOpenNI.so;libusb::libusb)
[2.000s] -- OpenNI2 found (version: 2.2.0.33, include: /usr/include/openni2, lib: /usr/lib/x86_64-linux-gnu/libOpenNI2.so;libusb::libusb)
[2.102s] -- Found Qhull version 8.0.2
[2.208s] -- OpenNI found (version: 1.5.4.0, include: /usr/include/ni, lib: /usr/lib/libOpenNI.so;libusb::libusb)
[2.309s] -- Found PCL_COMMON: /usr/lib/x86_64-linux-gnu/libpcl_common.so  
[2.310s] -- Found PCL_KDTREE: /usr/lib/x86_64-linux-gnu/libpcl_kdtree.so  
[2.310s] -- Found PCL_OCTREE: /usr/lib/x86_64-linux-gnu/libpcl_octree.so  
[2.311s] -- Found PCL_SEARCH: /usr/lib/x86_64-linux-gnu/libpcl_search.so  
[2.312s] -- Found PCL_SAMPLE_CONSENSUS: /usr/lib/x86_64-linux-gnu/libpcl_sample_consensus.so  
[2.312s] -- Found PCL_FILTERS: /usr/lib/x86_64-linux-gnu/libpcl_filters.so  
[2.313s] -- Found PCL_2D: /usr/include/pcl-1.12  
[2.313s] -- Found PCL_GEOMETRY: /usr/include/pcl-1.12  
[2.313s] -- Found PCL_IO: /usr/lib/x86_64-linux-gnu/libpcl_io.so  
[2.314s] -- Found PCL_FEATURES: /usr/lib/x86_64-linux-gnu/libpcl_features.so  
[2.315s] -- Found PCL_ML: /usr/lib/x86_64-linux-gnu/libpcl_ml.so  
[2.315s] -- Found PCL_SEGMENTATION: /usr/lib/x86_64-linux-gnu/libpcl_segmentation.so  
[2.316s] -- Found PCL_VISUALIZATION: /usr/lib/x86_64-linux-gnu/libpcl_visualization.so  
[2.317s] -- Found PCL_SURFACE: /usr/lib/x86_64-linux-gnu/libpcl_surface.so  
[2.317s] -- Found PCL_REGISTRATION: /usr/lib/x86_64-linux-gnu/libpcl_registration.so  
[2.318s] -- Found PCL_KEYPOINTS: /usr/lib/x86_64-linux-gnu/libpcl_keypoints.so  
[2.319s] -- Found PCL_TRACKING: /usr/lib/x86_64-linux-gnu/libpcl_tracking.so  
[2.319s] -- Found PCL_RECOGNITION: /usr/lib/x86_64-linux-gnu/libpcl_recognition.so  
[2.320s] -- Found PCL_STEREO: /usr/lib/x86_64-linux-gnu/libpcl_stereo.so  
[2.320s] -- Found PCL_APPS: /usr/lib/x86_64-linux-gnu/libpcl_apps.so  
[2.321s] -- Found PCL_IN_HAND_SCANNER: /usr/include/pcl-1.12  
[2.321s] -- Found PCL_MODELER: /usr/include/pcl-1.12  
[2.321s] -- Found PCL_POINT_CLOUD_EDITOR: /usr/include/pcl-1.12  
[2.322s] -- Found PCL_OUTOFCORE: /usr/lib/x86_64-linux-gnu/libpcl_outofcore.so  
[2.323s] -- Found PCL_PEOPLE: /usr/lib/x86_64-linux-gnu/libpcl_people.so  
[2.401s] -- Found Eigen3: TRUE (found version "3.4.0") 
[2.401s] -- Ensuring Eigen3 include directory is part of orocos-kdl CMake target
[2.404s] [33mCMake Warning (dev) at /usr/share/cmake-3.22/Modules/CMakeFindDependencyMacro.cmake:47 (find_package):
[2.404s]   Policy CMP0074 is not set: find_package uses <PackageName>_ROOT variables.
[2.404s]   Run "cmake --help-policy CMP0074" for policy details.  Use the cmake_policy
[2.405s]   command to set the policy and suppress this warning.
[2.405s] 
[2.405s]   CMake variable PCL_ROOT is set to:
[2.405s] 
[2.405s]     /usr
[2.405s] 
[2.405s]   For compatibility, CMake is ignoring the variable.
[2.405s] Call Stack (most recent call first):
[2.405s]   /home/wuliu/code/rtabmap/install/rtabmap/lib/rtabmap-0.21/RTABMapConfig.cmake:7 (find_dependency)
[2.405s]   /home/wuliu/code/rtabmap/install/rtabmap_conversions/share/rtabmap_conversions/cmake/ament_cmake_export_dependencies-extras.cmake:21 (find_package)
[2.405s]   /home/wuliu/code/rtabmap/install/rtabmap_conversions/share/rtabmap_conversions/cmake/rtabmap_conversionsConfig.cmake:41 (include)
[2.405s]   CMakeLists.txt:10 (find_package)
[2.405s] This warning is for project developers.  Use -Wno-dev to suppress it.
[2.405s] [0m
[2.431s] -- Found diagnostic_updater: 4.0.2 (/opt/ros/humble/share/diagnostic_updater/cmake)
[2.447s] -- RTABMAP_SYNC_MULTI_RGBD = OFF
[2.448s] -- RTABMAP_SYNC_USER_DATA  = OFF
[2.508s] -- Configuring done
[2.657s] -- Generating done
[2.695s] -- Build files have been written to: /home/wuliu/code/rtabmap/build/rtabmap_sync
[2.712s] Invoked command in '/home/wuliu/code/rtabmap/build/rtabmap_sync' returned '0': AMENT_PREFIX_PATH=/home/wuliu/code/rtabmap/install/rtabmap_conversions:/home/wuliu/code/rtabmap/install/rtabmap_msgs:${AMENT_PREFIX_PATH} CMAKE_PREFIX_PATH=/home/wuliu/code/rtabmap/install/rtabmap_conversions:/home/wuliu/code/rtabmap/install/rtabmap_msgs:/home/wuliu/code/rtabmap/install/rtabmap:/opt/ros/humble LD_LIBRARY_PATH=/home/wuliu/code/rtabmap/install/rtabmap_conversions/lib:/home/wuliu/code/rtabmap/install/rtabmap_msgs/lib:/home/wuliu/code/rtabmap/install/rtabmap/lib:${LD_LIBRARY_PATH} PATH=/home/wuliu/code/rtabmap/install/rtabmap/bin:${PATH} PKG_CONFIG_PATH=/home/wuliu/code/rtabmap/install/rtabmap/lib/x86_64-linux-gnu/pkgconfig:/home/wuliu/code/rtabmap/install/rtabmap/lib/pkgconfig PYTHONPATH=/home/wuliu/code/rtabmap/install/rtabmap_msgs/local/lib/python3.10/dist-packages:${PYTHONPATH} /usr/bin/cmake /home/wuliu/code/rtabmap/src/rtabmap_ros/rtabmap_sync -DCMAKE_BUILD_TYPE=Release -DAMENT_CMAKE_SYMLINK_INSTALL=1 -DCMAKE_INSTALL_PREFIX=/home/wuliu/code/rtabmap/install/rtabmap_sync
[2.713s] Invoking command in '/home/wuliu/code/rtabmap/build/rtabmap_sync': AMENT_PREFIX_PATH=/home/wuliu/code/rtabmap/install/rtabmap_conversions:/home/wuliu/code/rtabmap/install/rtabmap_msgs:${AMENT_PREFIX_PATH} CMAKE_PREFIX_PATH=/home/wuliu/code/rtabmap/install/rtabmap_conversions:/home/wuliu/code/rtabmap/install/rtabmap_msgs:/home/wuliu/code/rtabmap/install/rtabmap:/opt/ros/humble LD_LIBRARY_PATH=/home/wuliu/code/rtabmap/install/rtabmap_conversions/lib:/home/wuliu/code/rtabmap/install/rtabmap_msgs/lib:/home/wuliu/code/rtabmap/install/rtabmap/lib:${LD_LIBRARY_PATH} PATH=/home/wuliu/code/rtabmap/install/rtabmap/bin:${PATH} PKG_CONFIG_PATH=/home/wuliu/code/rtabmap/install/rtabmap/lib/x86_64-linux-gnu/pkgconfig:/home/wuliu/code/rtabmap/install/rtabmap/lib/pkgconfig PYTHONPATH=/home/wuliu/code/rtabmap/install/rtabmap_msgs/local/lib/python3.10/dist-packages:${PYTHONPATH} /usr/bin/cmake --build /home/wuliu/code/rtabmap/build/rtabmap_sync
[2.762s] [ 26%] [32mBuilding CXX object CMakeFiles/rtabmap_sync.dir/src/impl/CommonDataSubscriberDepth.cpp.o[0m
[2.762s] [ 26%] [32mBuilding CXX object CMakeFiles/rtabmap_sync_plugins.dir/src/nodelets/rgbdx_sync.cpp.o[0m
[2.762s] [ 26%] [32mBuilding CXX object CMakeFiles/rtabmap_sync.dir/src/CommonDataSubscriber.cpp.o[0m
[2.762s] [ 26%] [32mBuilding CXX object CMakeFiles/rtabmap_sync.dir/src/impl/CommonDataSubscriberStereo.cpp.o[0m
[2.763s] [ 26%] [32mBuilding CXX object CMakeFiles/rtabmap_sync_plugins.dir/src/nodelets/stereo_sync.cpp.o[0m
[2.763s] [ 26%] [32mBuilding CXX object CMakeFiles/rtabmap_sync_plugins.dir/src/nodelets/rgbd_sync.cpp.o[0m
[21.380s] [ 30%] [32mBuilding CXX object CMakeFiles/rtabmap_sync_plugins.dir/src/nodelets/rgb_sync.cpp.o[0m
[22.925s] [ 34%] [32mBuilding CXX object CMakeFiles/rtabmap_sync.dir/src/impl/CommonDataSubscriberRGB.cpp.o[0m
[30.733s] [ 39%] [32mBuilding CXX object CMakeFiles/rtabmap_sync.dir/src/impl/CommonDataSubscriberRGBD.cpp.o[0m
[30.861s] [ 43%] [32mBuilding CXX object CMakeFiles/rtabmap_sync.dir/src/impl/CommonDataSubscriberRGBDX.cpp.o[0m
[41.554s] [ 47%] [32m[1mLinking CXX shared library librtabmap_sync_plugins.so[0m
[42.649s] [ 47%] Built target rtabmap_sync_plugins
[42.658s] [ 52%] [32mBuilding CXX object CMakeFiles/rtabmap_sync.dir/src/impl/CommonDataSubscriberScan.cpp.o[0m
[48.120s] [ 56%] [32mBuilding CXX object CMakeFiles/rtabmap_rgbd_sync.dir/src/RGBDSyncNode.cpp.o[0m
[55.408s] [ 60%] [32m[1mLinking CXX executable rgbd_sync[0m
[56.663s] [ 60%] Built target rtabmap_rgbd_sync
[56.686s] [ 65%] [32mBuilding CXX object CMakeFiles/rtabmap_rgbdx_sync.dir/src/RGBDXSyncNode.cpp.o[0m
[64.046s] [ 69%] [32mBuilding CXX object CMakeFiles/rtabmap_stereo_sync.dir/src/StereoSyncNode.cpp.o[0m
[64.538s] [ 73%] [32m[1mLinking CXX executable rgbdx_sync[0m
[65.754s] [ 73%] Built target rtabmap_rgbdx_sync
[65.782s] [ 78%] [32mBuilding CXX object CMakeFiles/rtabmap_rgb_sync.dir/src/RGBSyncNode.cpp.o[0m
[71.418s] [ 82%] [32m[1mLinking CXX executable stereo_sync[0m
[72.497s] [ 82%] Built target rtabmap_stereo_sync
[72.505s] [ 86%] [32mBuilding CXX object CMakeFiles/rtabmap_sync.dir/src/impl/CommonDataSubscriberOdom.cpp.o[0m
[73.076s] [ 91%] [32m[1mLinking CXX executable rgb_sync[0m
[74.149s] [ 91%] Built target rtabmap_rgb_sync
[74.158s] [ 95%] [32mBuilding CXX object CMakeFiles/rtabmap_sync.dir/src/impl/CommonDataSubscriberSensorData.cpp.o[0m
[97.662s] [100%] [32m[1mLinking CXX shared library librtabmap_sync.so[0m
[99.713s] [100%] Built target rtabmap_sync
[99.764s] Invoked command in '/home/wuliu/code/rtabmap/build/rtabmap_sync' returned '0': AMENT_PREFIX_PATH=/home/wuliu/code/rtabmap/install/rtabmap_conversions:/home/wuliu/code/rtabmap/install/rtabmap_msgs:${AMENT_PREFIX_PATH} CMAKE_PREFIX_PATH=/home/wuliu/code/rtabmap/install/rtabmap_conversions:/home/wuliu/code/rtabmap/install/rtabmap_msgs:/home/wuliu/code/rtabmap/install/rtabmap:/opt/ros/humble LD_LIBRARY_PATH=/home/wuliu/code/rtabmap/install/rtabmap_conversions/lib:/home/wuliu/code/rtabmap/install/rtabmap_msgs/lib:/home/wuliu/code/rtabmap/install/rtabmap/lib:${LD_LIBRARY_PATH} PATH=/home/wuliu/code/rtabmap/install/rtabmap/bin:${PATH} PKG_CONFIG_PATH=/home/wuliu/code/rtabmap/install/rtabmap/lib/x86_64-linux-gnu/pkgconfig:/home/wuliu/code/rtabmap/install/rtabmap/lib/pkgconfig PYTHONPATH=/home/wuliu/code/rtabmap/install/rtabmap_msgs/local/lib/python3.10/dist-packages:${PYTHONPATH} /usr/bin/cmake --build /home/wuliu/code/rtabmap/build/rtabmap_sync
[99.787s] Invoking command in '/home/wuliu/code/rtabmap/build/rtabmap_sync': AMENT_PREFIX_PATH=/home/wuliu/code/rtabmap/install/rtabmap_conversions:/home/wuliu/code/rtabmap/install/rtabmap_msgs:${AMENT_PREFIX_PATH} CMAKE_PREFIX_PATH=/home/wuliu/code/rtabmap/install/rtabmap_conversions:/home/wuliu/code/rtabmap/install/rtabmap_msgs:/home/wuliu/code/rtabmap/install/rtabmap:/opt/ros/humble LD_LIBRARY_PATH=/home/wuliu/code/rtabmap/install/rtabmap_conversions/lib:/home/wuliu/code/rtabmap/install/rtabmap_msgs/lib:/home/wuliu/code/rtabmap/install/rtabmap/lib:${LD_LIBRARY_PATH} PATH=/home/wuliu/code/rtabmap/install/rtabmap/bin:${PATH} PKG_CONFIG_PATH=/home/wuliu/code/rtabmap/install/rtabmap/lib/x86_64-linux-gnu/pkgconfig:/home/wuliu/code/rtabmap/install/rtabmap/lib/pkgconfig PYTHONPATH=/home/wuliu/code/rtabmap/install/rtabmap_msgs/local/lib/python3.10/dist-packages:${PYTHONPATH} /usr/bin/cmake --install /home/wuliu/code/rtabmap/build/rtabmap_sync
[99.792s] -- Install configuration: "Release"
[99.792s] -- Execute custom install script
[99.793s] -- Symlinking: /home/wuliu/code/rtabmap/install/rtabmap_sync/share/rtabmap_sync/environment/library_path.sh
[99.801s] -- Symlinking: /home/wuliu/code/rtabmap/install/rtabmap_sync/share/rtabmap_sync/environment/library_path.dsv
[99.808s] -- Symlinking: /home/wuliu/code/rtabmap/install/rtabmap_sync/lib/rtabmap_sync/rgbd_sync
[99.816s] -- Symlinking: /home/wuliu/code/rtabmap/install/rtabmap_sync/lib/rtabmap_sync/rgbdx_sync
[99.824s] -- Symlinking: /home/wuliu/code/rtabmap/install/rtabmap_sync/lib/rtabmap_sync/stereo_sync
[99.830s] -- Symlinking: /home/wuliu/code/rtabmap/install/rtabmap_sync/lib/rtabmap_sync/rgb_sync
[99.838s] -- Symlinking: /home/wuliu/code/rtabmap/install/rtabmap_sync/share/ament_index/resource_index/package_run_dependencies/rtabmap_sync
[99.845s] -- Symlinking: /home/wuliu/code/rtabmap/install/rtabmap_sync/share/ament_index/resource_index/parent_prefix_path/rtabmap_sync
[99.852s] -- Symlinking: /home/wuliu/code/rtabmap/install/rtabmap_sync/share/rtabmap_sync/environment/ament_prefix_path.sh
[99.859s] -- Symlinking: /home/wuliu/code/rtabmap/install/rtabmap_sync/share/rtabmap_sync/environment/ament_prefix_path.dsv
[99.866s] -- Symlinking: /home/wuliu/code/rtabmap/install/rtabmap_sync/share/rtabmap_sync/environment/path.sh
[99.873s] -- Symlinking: /home/wuliu/code/rtabmap/install/rtabmap_sync/share/rtabmap_sync/environment/path.dsv
[99.879s] -- Symlinking: /home/wuliu/code/rtabmap/install/rtabmap_sync/share/rtabmap_sync/local_setup.bash
[99.887s] -- Symlinking: /home/wuliu/code/rtabmap/install/rtabmap_sync/share/rtabmap_sync/local_setup.sh
[99.893s] -- Symlinking: /home/wuliu/code/rtabmap/install/rtabmap_sync/share/rtabmap_sync/local_setup.zsh
[99.900s] -- Symlinking: /home/wuliu/code/rtabmap/install/rtabmap_sync/share/rtabmap_sync/local_setup.dsv
[99.907s] -- Symlinking: /home/wuliu/code/rtabmap/install/rtabmap_sync/share/rtabmap_sync/package.dsv
[99.914s] -- Symlinking: /home/wuliu/code/rtabmap/install/rtabmap_sync/share/ament_index/resource_index/packages/rtabmap_sync
[99.921s] -- Symlinking: /home/wuliu/code/rtabmap/install/rtabmap_sync/share/ament_index/resource_index/rclcpp_components/rtabmap_sync
[99.929s] -- Symlinking: /home/wuliu/code/rtabmap/install/rtabmap_sync/share/rtabmap_sync/cmake/extra_configs.cmake
[99.936s] -- Symlinking: /home/wuliu/code/rtabmap/install/rtabmap_sync/share/rtabmap_sync/cmake/ament_cmake_export_dependencies-extras.cmake
[99.943s] -- Symlinking: /home/wuliu/code/rtabmap/install/rtabmap_sync/share/rtabmap_sync/cmake/ament_cmake_export_include_directories-extras.cmake
[99.950s] -- Symlinking: /home/wuliu/code/rtabmap/install/rtabmap_sync/share/rtabmap_sync/cmake/ament_cmake_export_targets-extras.cmake
[99.957s] -- Symlinking: /home/wuliu/code/rtabmap/install/rtabmap_sync/share/rtabmap_sync/cmake/ament_cmake_export_libraries-extras.cmake
[99.965s] -- Symlinking: /home/wuliu/code/rtabmap/install/rtabmap_sync/share/rtabmap_sync/cmake/rtabmap_syncConfig.cmake
[99.972s] -- Symlinking: /home/wuliu/code/rtabmap/install/rtabmap_sync/share/rtabmap_sync/cmake/rtabmap_syncConfig-version.cmake
[99.987s] -- Symlinking: /home/wuliu/code/rtabmap/install/rtabmap_sync/share/rtabmap_sync/package.xml
[99.994s] -- Installing: /home/wuliu/code/rtabmap/install/rtabmap_sync/lib/librtabmap_sync.so
[100.015s] -- Set runtime path of "/home/wuliu/code/rtabmap/install/rtabmap_sync/lib/librtabmap_sync.so" to ""
[100.015s] -- Installing: /home/wuliu/code/rtabmap/install/rtabmap_sync/lib/librtabmap_sync_plugins.so
[100.021s] -- Set runtime path of "/home/wuliu/code/rtabmap/install/rtabmap_sync/lib/librtabmap_sync_plugins.so" to ""
[100.021s] -- Installing: /home/wuliu/code/rtabmap/install/rtabmap_sync/include
[100.021s] -- Installing: /home/wuliu/code/rtabmap/install/rtabmap_sync/include/rtabmap_sync
[100.021s] -- Installing: /home/wuliu/code/rtabmap/install/rtabmap_sync/include/rtabmap_sync/SyncDiagnostic.h
[100.021s] -- Installing: /home/wuliu/code/rtabmap/install/rtabmap_sync/include/rtabmap_sync/CommonDataSubscriber.h
[100.021s] -- Installing: /home/wuliu/code/rtabmap/install/rtabmap_sync/include/rtabmap_sync/GetTopicName.h
[100.021s] -- Installing: /home/wuliu/code/rtabmap/install/rtabmap_sync/include/rtabmap_sync/visibility.h
[100.021s] -- Installing: /home/wuliu/code/rtabmap/install/rtabmap_sync/include/rtabmap_sync/CommonDataSubscriberDefines.h
[100.021s] -- Installing: /home/wuliu/code/rtabmap/install/rtabmap_sync/share/rtabmap_sync/cmake/rtabmap_syncExport.cmake
[100.022s] -- Installing: /home/wuliu/code/rtabmap/install/rtabmap_sync/share/rtabmap_sync/cmake/rtabmap_syncExport-release.cmake
[100.030s] Invoked command in '/home/wuliu/code/rtabmap/build/rtabmap_sync' returned '0': AMENT_PREFIX_PATH=/home/wuliu/code/rtabmap/install/rtabmap_conversions:/home/wuliu/code/rtabmap/install/rtabmap_msgs:${AMENT_PREFIX_PATH} CMAKE_PREFIX_PATH=/home/wuliu/code/rtabmap/install/rtabmap_conversions:/home/wuliu/code/rtabmap/install/rtabmap_msgs:/home/wuliu/code/rtabmap/install/rtabmap:/opt/ros/humble LD_LIBRARY_PATH=/home/wuliu/code/rtabmap/install/rtabmap_conversions/lib:/home/wuliu/code/rtabmap/install/rtabmap_msgs/lib:/home/wuliu/code/rtabmap/install/rtabmap/lib:${LD_LIBRARY_PATH} PATH=/home/wuliu/code/rtabmap/install/rtabmap/bin:${PATH} PKG_CONFIG_PATH=/home/wuliu/code/rtabmap/install/rtabmap/lib/x86_64-linux-gnu/pkgconfig:/home/wuliu/code/rtabmap/install/rtabmap/lib/pkgconfig PYTHONPATH=/home/wuliu/code/rtabmap/install/rtabmap_msgs/local/lib/python3.10/dist-packages:${PYTHONPATH} /usr/bin/cmake --install /home/wuliu/code/rtabmap/build/rtabmap_sync
