[0.016s] Invoking command in '/home/wuliu/code/rtabmap/build/rtabmap_slam': AMENT_PREFIX_PATH=/home/wuliu/code/rtabmap/install/rtabmap_util:/home/wuliu/code/rtabmap/install/rtabmap_sync:/home/wuliu/code/rtabmap/install/rtabmap_conversions:/home/wuliu/code/rtabmap/install/rtabmap_msgs:${AMENT_PREFIX_PATH} CMAKE_PREFIX_PATH=/home/wuliu/code/rtabmap/install/rtabmap_util:/home/wuliu/code/rtabmap/install/rtabmap_sync:/home/wuliu/code/rtabmap/install/rtabmap_conversions:/home/wuliu/code/rtabmap/install/rtabmap_msgs:/home/wuliu/code/rtabmap/install/rtabmap:/opt/ros/humble LD_LIBRARY_PATH=/home/wuliu/code/rtabmap/install/rtabmap_util/lib:/home/wuliu/code/rtabmap/install/rtabmap_sync/lib:/home/wuliu/code/rtabmap/install/rtabmap_conversions/lib:/home/wuliu/code/rtabmap/install/rtabmap_msgs/lib:/home/wuliu/code/rtabmap/install/rtabmap/lib:${LD_LIBRARY_PATH} PATH=/home/wuliu/code/rtabmap/install/rtabmap/bin:${PATH} PKG_CONFIG_PATH=/home/wuliu/code/rtabmap/install/rtabmap/lib/x86_64-linux-gnu/pkgconfig:/home/wuliu/code/rtabmap/install/rtabmap/lib/pkgconfig PYTHONPATH=/home/wuliu/code/rtabmap/install/rtabmap_msgs/local/lib/python3.10/dist-packages:${PYTHONPATH} /usr/bin/cmake /home/wuliu/code/rtabmap/src/rtabmap_ros/rtabmap_slam -DCMAKE_BUILD_TYPE=Release -DAMENT_CMAKE_SYMLINK_INSTALL=1 -DCMAKE_INSTALL_PREFIX=/home/wuliu/code/rtabmap/install/rtabmap_slam
[0.064s] -- The C compiler identification is GNU 11.4.0
[0.109s] -- The CXX compiler identification is GNU 11.4.0
[0.115s] -- Detecting C compiler ABI info
[0.175s] -- Detecting C compiler ABI info - done
[0.180s] -- Check for working C compiler: /usr/bin/cc - skipped
[0.180s] -- Detecting C compile features
[0.180s] -- Detecting C compile features - done
[0.182s] -- Detecting CXX compiler ABI info
[0.252s] -- Detecting CXX compiler ABI info - done
[0.257s] -- Check for working CXX compiler: /usr/bin/c++ - skipped
[0.257s] -- Detecting CXX compile features
[0.258s] -- Detecting CXX compile features - done
[0.260s] -- Found ament_cmake: 1.3.11 (/opt/ros/humble/share/ament_cmake/cmake)
[0.366s] -- Found Python3: /usr/bin/python3 (found version "3.10.12") found components: Interpreter 
[0.408s] -- Override CMake install command with custom implementation using symlinks instead of copying resources
[0.435s] -- Found cv_bridge: 3.2.1 (/opt/ros/humble/share/cv_bridge/cmake)
[0.472s] -- Found rosidl_generator_c: 3.1.6 (/opt/ros/humble/share/rosidl_generator_c/cmake)
[0.477s] -- Found rosidl_adapter: 3.1.6 (/opt/ros/humble/share/rosidl_adapter/cmake)
[0.483s] -- Found rosidl_generator_cpp: 3.1.6 (/opt/ros/humble/share/rosidl_generator_cpp/cmake)
[0.492s] -- Using all available rosidl_typesupport_c: rosidl_typesupport_fastrtps_c;rosidl_typesupport_introspection_c
[0.504s] -- Using all available rosidl_typesupport_cpp: rosidl_typesupport_fastrtps_cpp;rosidl_typesupport_introspection_cpp
[0.546s] -- Found nav_msgs: 4.2.4 (/opt/ros/humble/share/nav_msgs/cmake)
[0.558s] -- Found pluginlib: 5.1.0 (/opt/ros/humble/share/pluginlib/cmake)
[0.583s] -- Found rclcpp: 16.0.11 (/opt/ros/humble/share/rclcpp/cmake)
[0.611s] -- Found rmw_implementation_cmake: 6.1.2 (/opt/ros/humble/share/rmw_implementation_cmake/cmake)
[0.613s] -- Found rmw_cyclonedds_cpp: 1.3.4 (/opt/ros/humble/share/rmw_cyclonedds_cpp/cmake)
[0.630s] -- Using RMW implementation 'rmw_cyclonedds_cpp' as default
[0.637s] -- Looking for pthread.h
[0.703s] -- Looking for pthread.h - found
[0.703s] -- Performing Test CMAKE_HAVE_LIBC_PTHREAD
[0.767s] -- Performing Test CMAKE_HAVE_LIBC_PTHREAD - Success
[0.768s] -- Found Threads: TRUE  
[0.797s] -- Found rclcpp_components: 16.0.11 (/opt/ros/humble/share/rclcpp_components/cmake)
[0.810s] -- Found std_srvs: 4.2.4 (/opt/ros/humble/share/std_srvs/cmake)
[0.818s] -- Found tf2: 0.25.12 (/opt/ros/humble/share/tf2/cmake)
[0.821s] -- Found tf2_ros: 0.25.12 (/opt/ros/humble/share/tf2_ros/cmake)
[0.869s] -- Found visualization_msgs: 4.2.4 (/opt/ros/humble/share/visualization_msgs/cmake)
[0.881s] -- Found rtabmap_msgs: 0.21.10 (/home/wuliu/code/rtabmap/install/rtabmap_msgs/share/rtabmap_msgs/cmake)
[0.895s] -- Found rtabmap_util: 0.21.10 (/home/wuliu/code/rtabmap/install/rtabmap_util/share/rtabmap_util/cmake)
[0.995s] -- Found eigen3_cmake_module: 0.1.1 (/opt/ros/humble/share/eigen3_cmake_module/cmake)
[0.996s] -- Found Eigen3: TRUE (found version "3.4.0") 
[0.996s] -- Ensuring Eigen3 include directory is part of orocos-kdl CMake target
[1.030s] -- Checking for module 'eigen3'
[1.043s] --   Found eigen3, version 3.4.0
[1.079s] -- Found Eigen: /usr/include/eigen3 (Required is at least version "3.1") 
[1.079s] -- Eigen found (include: /usr/include/eigen3, version: 3.4.0)
[1.112s] -- Checking for module 'flann'
[1.126s] --   Found flann, version 1.9.1
[1.170s] -- Found FLANN: /usr/lib/x86_64-linux-gnu/libflann_cpp.so  
[1.170s] -- FLANN found (include: /usr/include, lib: /usr/lib/x86_64-linux-gnu/libflann_cpp.so)
[1.994s] -- Checking for module 'libusb-1.0'
[2.010s] --   Found libusb-1.0, version 1.0.25
[2.052s] -- Found libusb: /usr/lib/x86_64-linux-gnu/libusb-1.0.so  
[2.052s] -- OpenNI found (version: 1.5.4.0, include: /usr/include/ni, lib: /usr/lib/libOpenNI.so;libusb::libusb)
[2.114s] -- OpenNI2 found (version: 2.2.0.33, include: /usr/include/openni2, lib: /usr/lib/x86_64-linux-gnu/libOpenNI2.so;libusb::libusb)
[2.225s] -- Eigen found (include: /usr/include/eigen3, version: 3.4.0)
[2.231s] -- OpenNI found (version: 1.5.4.0, include: /usr/include/ni, lib: /usr/lib/libOpenNI.so;libusb::libusb)
[2.236s] -- OpenNI2 found (version: 2.2.0.33, include: /usr/include/openni2, lib: /usr/lib/x86_64-linux-gnu/libOpenNI2.so;libusb::libusb)
[2.342s] -- Found Qhull version 8.0.2
[2.451s] -- OpenNI found (version: 1.5.4.0, include: /usr/include/ni, lib: /usr/lib/libOpenNI.so;libusb::libusb)
[2.554s] -- Found PCL_COMMON: /usr/lib/x86_64-linux-gnu/libpcl_common.so  
[2.555s] -- Found PCL_KDTREE: /usr/lib/x86_64-linux-gnu/libpcl_kdtree.so  
[2.556s] -- Found PCL_OCTREE: /usr/lib/x86_64-linux-gnu/libpcl_octree.so  
[2.556s] -- Found PCL_SEARCH: /usr/lib/x86_64-linux-gnu/libpcl_search.so  
[2.557s] -- Found PCL_SAMPLE_CONSENSUS: /usr/lib/x86_64-linux-gnu/libpcl_sample_consensus.so  
[2.558s] -- Found PCL_FILTERS: /usr/lib/x86_64-linux-gnu/libpcl_filters.so  
[2.558s] -- Found PCL_2D: /usr/include/pcl-1.12  
[2.558s] -- Found PCL_GEOMETRY: /usr/include/pcl-1.12  
[2.559s] -- Found PCL_IO: /usr/lib/x86_64-linux-gnu/libpcl_io.so  
[2.560s] -- Found PCL_FEATURES: /usr/lib/x86_64-linux-gnu/libpcl_features.so  
[2.560s] -- Found PCL_ML: /usr/lib/x86_64-linux-gnu/libpcl_ml.so  
[2.561s] -- Found PCL_SEGMENTATION: /usr/lib/x86_64-linux-gnu/libpcl_segmentation.so  
[2.562s] -- Found PCL_VISUALIZATION: /usr/lib/x86_64-linux-gnu/libpcl_visualization.so  
[2.563s] -- Found PCL_SURFACE: /usr/lib/x86_64-linux-gnu/libpcl_surface.so  
[2.563s] -- Found PCL_REGISTRATION: /usr/lib/x86_64-linux-gnu/libpcl_registration.so  
[2.564s] -- Found PCL_KEYPOINTS: /usr/lib/x86_64-linux-gnu/libpcl_keypoints.so  
[2.565s] -- Found PCL_TRACKING: /usr/lib/x86_64-linux-gnu/libpcl_tracking.so  
[2.565s] -- Found PCL_RECOGNITION: /usr/lib/x86_64-linux-gnu/libpcl_recognition.so  
[2.566s] -- Found PCL_STEREO: /usr/lib/x86_64-linux-gnu/libpcl_stereo.so  
[2.567s] -- Found PCL_APPS: /usr/lib/x86_64-linux-gnu/libpcl_apps.so  
[2.567s] -- Found PCL_IN_HAND_SCANNER: /usr/include/pcl-1.12  
[2.568s] -- Found PCL_MODELER: /usr/include/pcl-1.12  
[2.568s] -- Found PCL_POINT_CLOUD_EDITOR: /usr/include/pcl-1.12  
[2.569s] -- Found PCL_OUTOFCORE: /usr/lib/x86_64-linux-gnu/libpcl_outofcore.so  
[2.569s] -- Found PCL_PEOPLE: /usr/lib/x86_64-linux-gnu/libpcl_people.so  
[2.617s] -- Found rtabmap_sync: 0.21.10 (/home/wuliu/code/rtabmap/install/rtabmap_sync/share/rtabmap_sync/cmake)
[2.639s] -- Found apriltag_msgs: 2.0.1 (/opt/ros/humble/share/apriltag_msgs/cmake)
[2.649s] -- WITH apriltag_msgs
[2.649s] -- WITH nav2_msgs
[2.707s] -- Configuring done
[2.802s] -- Generating done
[2.818s] -- Build files have been written to: /home/wuliu/code/rtabmap/build/rtabmap_slam
[2.835s] Invoked command in '/home/wuliu/code/rtabmap/build/rtabmap_slam' returned '0': AMENT_PREFIX_PATH=/home/wuliu/code/rtabmap/install/rtabmap_util:/home/wuliu/code/rtabmap/install/rtabmap_sync:/home/wuliu/code/rtabmap/install/rtabmap_conversions:/home/wuliu/code/rtabmap/install/rtabmap_msgs:${AMENT_PREFIX_PATH} CMAKE_PREFIX_PATH=/home/wuliu/code/rtabmap/install/rtabmap_util:/home/wuliu/code/rtabmap/install/rtabmap_sync:/home/wuliu/code/rtabmap/install/rtabmap_conversions:/home/wuliu/code/rtabmap/install/rtabmap_msgs:/home/wuliu/code/rtabmap/install/rtabmap:/opt/ros/humble LD_LIBRARY_PATH=/home/wuliu/code/rtabmap/install/rtabmap_util/lib:/home/wuliu/code/rtabmap/install/rtabmap_sync/lib:/home/wuliu/code/rtabmap/install/rtabmap_conversions/lib:/home/wuliu/code/rtabmap/install/rtabmap_msgs/lib:/home/wuliu/code/rtabmap/install/rtabmap/lib:${LD_LIBRARY_PATH} PATH=/home/wuliu/code/rtabmap/install/rtabmap/bin:${PATH} PKG_CONFIG_PATH=/home/wuliu/code/rtabmap/install/rtabmap/lib/x86_64-linux-gnu/pkgconfig:/home/wuliu/code/rtabmap/install/rtabmap/lib/pkgconfig PYTHONPATH=/home/wuliu/code/rtabmap/install/rtabmap_msgs/local/lib/python3.10/dist-packages:${PYTHONPATH} /usr/bin/cmake /home/wuliu/code/rtabmap/src/rtabmap_ros/rtabmap_slam -DCMAKE_BUILD_TYPE=Release -DAMENT_CMAKE_SYMLINK_INSTALL=1 -DCMAKE_INSTALL_PREFIX=/home/wuliu/code/rtabmap/install/rtabmap_slam
[2.836s] Invoking command in '/home/wuliu/code/rtabmap/build/rtabmap_slam': AMENT_PREFIX_PATH=/home/wuliu/code/rtabmap/install/rtabmap_util:/home/wuliu/code/rtabmap/install/rtabmap_sync:/home/wuliu/code/rtabmap/install/rtabmap_conversions:/home/wuliu/code/rtabmap/install/rtabmap_msgs:${AMENT_PREFIX_PATH} CMAKE_PREFIX_PATH=/home/wuliu/code/rtabmap/install/rtabmap_util:/home/wuliu/code/rtabmap/install/rtabmap_sync:/home/wuliu/code/rtabmap/install/rtabmap_conversions:/home/wuliu/code/rtabmap/install/rtabmap_msgs:/home/wuliu/code/rtabmap/install/rtabmap:/opt/ros/humble LD_LIBRARY_PATH=/home/wuliu/code/rtabmap/install/rtabmap_util/lib:/home/wuliu/code/rtabmap/install/rtabmap_sync/lib:/home/wuliu/code/rtabmap/install/rtabmap_conversions/lib:/home/wuliu/code/rtabmap/install/rtabmap_msgs/lib:/home/wuliu/code/rtabmap/install/rtabmap/lib:${LD_LIBRARY_PATH} PATH=/home/wuliu/code/rtabmap/install/rtabmap/bin:${PATH} PKG_CONFIG_PATH=/home/wuliu/code/rtabmap/install/rtabmap/lib/x86_64-linux-gnu/pkgconfig:/home/wuliu/code/rtabmap/install/rtabmap/lib/pkgconfig PYTHONPATH=/home/wuliu/code/rtabmap/install/rtabmap_msgs/local/lib/python3.10/dist-packages:${PYTHONPATH} /usr/bin/cmake --build /home/wuliu/code/rtabmap/build/rtabmap_slam
[2.887s] [ 25%] [32mBuilding CXX object CMakeFiles/rtabmap_slam_plugins.dir/src/CoreWrapper.cpp.o[0m
[72.859s] [ 50%] [32m[1mLinking CXX shared library librtabmap_slam_plugins.so[0m
[74.686s] [ 50%] Built target rtabmap_slam_plugins
[74.708s] [ 75%] [32mBuilding CXX object CMakeFiles/rtabmap_node.dir/src/CoreNode.cpp.o[0m
[83.873s] [100%] [32m[1mLinking CXX executable rtabmap[0m
[85.271s] [100%] Built target rtabmap_node
[85.282s] Invoked command in '/home/wuliu/code/rtabmap/build/rtabmap_slam' returned '0': AMENT_PREFIX_PATH=/home/wuliu/code/rtabmap/install/rtabmap_util:/home/wuliu/code/rtabmap/install/rtabmap_sync:/home/wuliu/code/rtabmap/install/rtabmap_conversions:/home/wuliu/code/rtabmap/install/rtabmap_msgs:${AMENT_PREFIX_PATH} CMAKE_PREFIX_PATH=/home/wuliu/code/rtabmap/install/rtabmap_util:/home/wuliu/code/rtabmap/install/rtabmap_sync:/home/wuliu/code/rtabmap/install/rtabmap_conversions:/home/wuliu/code/rtabmap/install/rtabmap_msgs:/home/wuliu/code/rtabmap/install/rtabmap:/opt/ros/humble LD_LIBRARY_PATH=/home/wuliu/code/rtabmap/install/rtabmap_util/lib:/home/wuliu/code/rtabmap/install/rtabmap_sync/lib:/home/wuliu/code/rtabmap/install/rtabmap_conversions/lib:/home/wuliu/code/rtabmap/install/rtabmap_msgs/lib:/home/wuliu/code/rtabmap/install/rtabmap/lib:${LD_LIBRARY_PATH} PATH=/home/wuliu/code/rtabmap/install/rtabmap/bin:${PATH} PKG_CONFIG_PATH=/home/wuliu/code/rtabmap/install/rtabmap/lib/x86_64-linux-gnu/pkgconfig:/home/wuliu/code/rtabmap/install/rtabmap/lib/pkgconfig PYTHONPATH=/home/wuliu/code/rtabmap/install/rtabmap_msgs/local/lib/python3.10/dist-packages:${PYTHONPATH} /usr/bin/cmake --build /home/wuliu/code/rtabmap/build/rtabmap_slam
[85.283s] Invoking command in '/home/wuliu/code/rtabmap/build/rtabmap_slam': AMENT_PREFIX_PATH=/home/wuliu/code/rtabmap/install/rtabmap_util:/home/wuliu/code/rtabmap/install/rtabmap_sync:/home/wuliu/code/rtabmap/install/rtabmap_conversions:/home/wuliu/code/rtabmap/install/rtabmap_msgs:${AMENT_PREFIX_PATH} CMAKE_PREFIX_PATH=/home/wuliu/code/rtabmap/install/rtabmap_util:/home/wuliu/code/rtabmap/install/rtabmap_sync:/home/wuliu/code/rtabmap/install/rtabmap_conversions:/home/wuliu/code/rtabmap/install/rtabmap_msgs:/home/wuliu/code/rtabmap/install/rtabmap:/opt/ros/humble LD_LIBRARY_PATH=/home/wuliu/code/rtabmap/install/rtabmap_util/lib:/home/wuliu/code/rtabmap/install/rtabmap_sync/lib:/home/wuliu/code/rtabmap/install/rtabmap_conversions/lib:/home/wuliu/code/rtabmap/install/rtabmap_msgs/lib:/home/wuliu/code/rtabmap/install/rtabmap/lib:${LD_LIBRARY_PATH} PATH=/home/wuliu/code/rtabmap/install/rtabmap/bin:${PATH} PKG_CONFIG_PATH=/home/wuliu/code/rtabmap/install/rtabmap/lib/x86_64-linux-gnu/pkgconfig:/home/wuliu/code/rtabmap/install/rtabmap/lib/pkgconfig PYTHONPATH=/home/wuliu/code/rtabmap/install/rtabmap_msgs/local/lib/python3.10/dist-packages:${PYTHONPATH} /usr/bin/cmake --install /home/wuliu/code/rtabmap/build/rtabmap_slam
[85.290s] -- Install configuration: "Release"
[85.290s] -- Execute custom install script
[85.290s] -- Symlinking: /home/wuliu/code/rtabmap/install/rtabmap_slam/share/rtabmap_slam/environment/library_path.sh
[85.298s] -- Symlinking: /home/wuliu/code/rtabmap/install/rtabmap_slam/share/rtabmap_slam/environment/library_path.dsv
[85.307s] -- Symlinking: /home/wuliu/code/rtabmap/install/rtabmap_slam/lib/rtabmap_slam/rtabmap
[85.315s] -- Symlinking: /home/wuliu/code/rtabmap/install/rtabmap_slam/share/ament_index/resource_index/package_run_dependencies/rtabmap_slam
[85.323s] -- Symlinking: /home/wuliu/code/rtabmap/install/rtabmap_slam/share/ament_index/resource_index/parent_prefix_path/rtabmap_slam
[85.330s] -- Symlinking: /home/wuliu/code/rtabmap/install/rtabmap_slam/share/rtabmap_slam/environment/ament_prefix_path.sh
[85.337s] -- Symlinking: /home/wuliu/code/rtabmap/install/rtabmap_slam/share/rtabmap_slam/environment/ament_prefix_path.dsv
[85.345s] -- Symlinking: /home/wuliu/code/rtabmap/install/rtabmap_slam/share/rtabmap_slam/environment/path.sh
[85.352s] -- Symlinking: /home/wuliu/code/rtabmap/install/rtabmap_slam/share/rtabmap_slam/environment/path.dsv
[85.359s] -- Symlinking: /home/wuliu/code/rtabmap/install/rtabmap_slam/share/rtabmap_slam/local_setup.bash
[85.366s] -- Symlinking: /home/wuliu/code/rtabmap/install/rtabmap_slam/share/rtabmap_slam/local_setup.sh
[85.374s] -- Symlinking: /home/wuliu/code/rtabmap/install/rtabmap_slam/share/rtabmap_slam/local_setup.zsh
[85.381s] -- Symlinking: /home/wuliu/code/rtabmap/install/rtabmap_slam/share/rtabmap_slam/local_setup.dsv
[85.389s] -- Symlinking: /home/wuliu/code/rtabmap/install/rtabmap_slam/share/rtabmap_slam/package.dsv
[85.396s] -- Symlinking: /home/wuliu/code/rtabmap/install/rtabmap_slam/share/ament_index/resource_index/packages/rtabmap_slam
[85.404s] -- Symlinking: /home/wuliu/code/rtabmap/install/rtabmap_slam/share/ament_index/resource_index/rclcpp_components/rtabmap_slam
[85.411s] -- Symlinking: /home/wuliu/code/rtabmap/install/rtabmap_slam/share/rtabmap_slam/cmake/ament_cmake_export_dependencies-extras.cmake
[85.419s] -- Symlinking: /home/wuliu/code/rtabmap/install/rtabmap_slam/share/rtabmap_slam/cmake/ament_cmake_export_include_directories-extras.cmake
[85.426s] -- Symlinking: /home/wuliu/code/rtabmap/install/rtabmap_slam/share/rtabmap_slam/cmake/ament_cmake_export_targets-extras.cmake
[85.434s] -- Symlinking: /home/wuliu/code/rtabmap/install/rtabmap_slam/share/rtabmap_slam/cmake/ament_cmake_export_libraries-extras.cmake
[85.440s] -- Symlinking: /home/wuliu/code/rtabmap/install/rtabmap_slam/share/rtabmap_slam/cmake/rtabmap_slamConfig.cmake
[85.447s] -- Symlinking: /home/wuliu/code/rtabmap/install/rtabmap_slam/share/rtabmap_slam/cmake/rtabmap_slamConfig-version.cmake
[85.455s] -- Symlinking: /home/wuliu/code/rtabmap/install/rtabmap_slam/share/rtabmap_slam/package.xml
[85.462s] -- Installing: /home/wuliu/code/rtabmap/install/rtabmap_slam/lib/librtabmap_slam_plugins.so
[85.472s] -- Set runtime path of "/home/wuliu/code/rtabmap/install/rtabmap_slam/lib/librtabmap_slam_plugins.so" to ""
[85.472s] -- Installing: /home/wuliu/code/rtabmap/install/rtabmap_slam/include
[85.472s] -- Installing: /home/wuliu/code/rtabmap/install/rtabmap_slam/include/rtabmap_slam
[85.472s] -- Installing: /home/wuliu/code/rtabmap/install/rtabmap_slam/include/rtabmap_slam/visibility.h
[85.472s] -- Installing: /home/wuliu/code/rtabmap/install/rtabmap_slam/include/rtabmap_slam/CoreWrapper.h
[85.472s] -- Installing: /home/wuliu/code/rtabmap/install/rtabmap_slam/share/rtabmap_slam/cmake/rtabmap_slamExport.cmake
[85.472s] -- Installing: /home/wuliu/code/rtabmap/install/rtabmap_slam/share/rtabmap_slam/cmake/rtabmap_slamExport-release.cmake
[85.475s] Invoked command in '/home/wuliu/code/rtabmap/build/rtabmap_slam' returned '0': AMENT_PREFIX_PATH=/home/wuliu/code/rtabmap/install/rtabmap_util:/home/wuliu/code/rtabmap/install/rtabmap_sync:/home/wuliu/code/rtabmap/install/rtabmap_conversions:/home/wuliu/code/rtabmap/install/rtabmap_msgs:${AMENT_PREFIX_PATH} CMAKE_PREFIX_PATH=/home/wuliu/code/rtabmap/install/rtabmap_util:/home/wuliu/code/rtabmap/install/rtabmap_sync:/home/wuliu/code/rtabmap/install/rtabmap_conversions:/home/wuliu/code/rtabmap/install/rtabmap_msgs:/home/wuliu/code/rtabmap/install/rtabmap:/opt/ros/humble LD_LIBRARY_PATH=/home/wuliu/code/rtabmap/install/rtabmap_util/lib:/home/wuliu/code/rtabmap/install/rtabmap_sync/lib:/home/wuliu/code/rtabmap/install/rtabmap_conversions/lib:/home/wuliu/code/rtabmap/install/rtabmap_msgs/lib:/home/wuliu/code/rtabmap/install/rtabmap/lib:${LD_LIBRARY_PATH} PATH=/home/wuliu/code/rtabmap/install/rtabmap/bin:${PATH} PKG_CONFIG_PATH=/home/wuliu/code/rtabmap/install/rtabmap/lib/x86_64-linux-gnu/pkgconfig:/home/wuliu/code/rtabmap/install/rtabmap/lib/pkgconfig PYTHONPATH=/home/wuliu/code/rtabmap/install/rtabmap_msgs/local/lib/python3.10/dist-packages:${PYTHONPATH} /usr/bin/cmake --install /home/wuliu/code/rtabmap/build/rtabmap_slam
