[0.017s] Invoking command in '/home/wuliu/code/rtabmap/build/rtabmap_viz': AMENT_PREFIX_PATH=/home/wuliu/code/rtabmap/install/rtabmap_sync:/home/wuliu/code/rtabmap/install/rtabmap_conversions:/home/wuliu/code/rtabmap/install/rtabmap_msgs:${AMENT_PREFIX_PATH} CMAKE_PREFIX_PATH=/home/wuliu/code/rtabmap/install/rtabmap_sync:/home/wuliu/code/rtabmap/install/rtabmap_conversions:/home/wuliu/code/rtabmap/install/rtabmap_msgs:/home/wuliu/code/rtabmap/install/rtabmap:/opt/ros/humble LD_LIBRARY_PATH=/home/wuliu/code/rtabmap/install/rtabmap_sync/lib:/home/wuliu/code/rtabmap/install/rtabmap_conversions/lib:/home/wuliu/code/rtabmap/install/rtabmap_msgs/lib:/home/wuliu/code/rtabmap/install/rtabmap/lib:${LD_LIBRARY_PATH} PATH=/home/wuliu/code/rtabmap/install/rtabmap/bin:${PATH} PKG_CONFIG_PATH=/home/wuliu/code/rtabmap/install/rtabmap/lib/x86_64-linux-gnu/pkgconfig:/home/wuliu/code/rtabmap/install/rtabmap/lib/pkgconfig PYTHONPATH=/home/wuliu/code/rtabmap/install/rtabmap_msgs/local/lib/python3.10/dist-packages:${PYTHONPATH} /usr/bin/cmake /home/wuliu/code/rtabmap/src/rtabmap_ros/rtabmap_viz -DCMAKE_BUILD_TYPE=Release -DAMENT_CMAKE_SYMLINK_INSTALL=1 -DCMAKE_INSTALL_PREFIX=/home/wuliu/code/rtabmap/install/rtabmap_viz
[0.063s] -- The C compiler identification is GNU 11.4.0
[0.106s] -- The CXX compiler identification is GNU 11.4.0
[0.112s] -- Detecting C compiler ABI info
[0.173s] -- Detecting C compiler ABI info - done
[0.177s] -- Check for working C compiler: /usr/bin/cc - skipped
[0.177s] -- Detecting C compile features
[0.178s] -- Detecting C compile features - done
[0.180s] -- Detecting CXX compiler ABI info
[0.247s] -- Detecting CXX compiler ABI info - done
[0.252s] -- Check for working CXX compiler: /usr/bin/c++ - skipped
[0.252s] -- Detecting CXX compile features
[0.252s] -- Detecting CXX compile features - done
[0.254s] -- Found ament_cmake: 1.3.11 (/opt/ros/humble/share/ament_cmake/cmake)
[0.361s] -- Found Python3: /usr/bin/python3 (found version "3.10.12") found components: Interpreter 
[0.402s] -- Override CMake install command with custom implementation using symlinks instead of copying resources
[0.428s] -- Found cv_bridge: 3.2.1 (/opt/ros/humble/share/cv_bridge/cmake)
[0.465s] -- Found rosidl_generator_c: 3.1.6 (/opt/ros/humble/share/rosidl_generator_c/cmake)
[0.469s] -- Found rosidl_adapter: 3.1.6 (/opt/ros/humble/share/rosidl_adapter/cmake)
[0.475s] -- Found rosidl_generator_cpp: 3.1.6 (/opt/ros/humble/share/rosidl_generator_cpp/cmake)
[0.484s] -- Using all available rosidl_typesupport_c: rosidl_typesupport_fastrtps_c;rosidl_typesupport_introspection_c
[0.496s] -- Using all available rosidl_typesupport_cpp: rosidl_typesupport_fastrtps_cpp;rosidl_typesupport_introspection_cpp
[0.538s] -- Found rclcpp: 16.0.11 (/opt/ros/humble/share/rclcpp/cmake)
[0.567s] -- Found rmw_implementation_cmake: 6.1.2 (/opt/ros/humble/share/rmw_implementation_cmake/cmake)
[0.569s] -- Found rmw_cyclonedds_cpp: 1.3.4 (/opt/ros/humble/share/rmw_cyclonedds_cpp/cmake)
[0.586s] -- Using RMW implementation 'rmw_cyclonedds_cpp' as default
[0.592s] -- Looking for pthread.h
[0.656s] -- Looking for pthread.h - found
[0.656s] -- Performing Test CMAKE_HAVE_LIBC_PTHREAD
[0.719s] -- Performing Test CMAKE_HAVE_LIBC_PTHREAD - Success
[0.719s] -- Found Threads: TRUE  
[0.747s] -- Found std_srvs: 4.2.4 (/opt/ros/humble/share/std_srvs/cmake)
[0.754s] -- Found nav_msgs: 4.2.4 (/opt/ros/humble/share/nav_msgs/cmake)
[0.765s] -- Found rtabmap_msgs: 0.21.10 (/home/wuliu/code/rtabmap/install/rtabmap_msgs/share/rtabmap_msgs/cmake)
[0.779s] -- Found rtabmap_sync: 0.21.10 (/home/wuliu/code/rtabmap/install/rtabmap_sync/share/rtabmap_sync/cmake)
[0.872s] -- Checking for module 'eigen3'
[0.885s] --   Found eigen3, version 3.4.0
[0.917s] -- Found Eigen: /usr/include/eigen3 (Required is at least version "3.1") 
[0.917s] -- Eigen found (include: /usr/include/eigen3, version: 3.4.0)
[0.948s] -- Checking for module 'flann'
[0.962s] --   Found flann, version 1.9.1
[1.004s] -- Found FLANN: /usr/lib/x86_64-linux-gnu/libflann_cpp.so  
[1.004s] -- FLANN found (include: /usr/include, lib: /usr/lib/x86_64-linux-gnu/libflann_cpp.so)
[1.812s] -- Checking for module 'libusb-1.0'
[1.827s] --   Found libusb-1.0, version 1.0.25
[1.865s] -- Found libusb: /usr/lib/x86_64-linux-gnu/libusb-1.0.so  
[1.866s] -- OpenNI found (version: 1.5.4.0, include: /usr/include/ni, lib: /usr/lib/libOpenNI.so;libusb::libusb)
[1.925s] -- OpenNI2 found (version: 2.2.0.33, include: /usr/include/openni2, lib: /usr/lib/x86_64-linux-gnu/libOpenNI2.so;libusb::libusb)
[2.033s] -- Eigen found (include: /usr/include/eigen3, version: 3.4.0)
[2.038s] -- OpenNI found (version: 1.5.4.0, include: /usr/include/ni, lib: /usr/lib/libOpenNI.so;libusb::libusb)
[2.044s] -- OpenNI2 found (version: 2.2.0.33, include: /usr/include/openni2, lib: /usr/lib/x86_64-linux-gnu/libOpenNI2.so;libusb::libusb)
[2.146s] -- Found Qhull version 8.0.2
[2.252s] -- OpenNI found (version: 1.5.4.0, include: /usr/include/ni, lib: /usr/lib/libOpenNI.so;libusb::libusb)
[2.354s] -- Found PCL_COMMON: /usr/lib/x86_64-linux-gnu/libpcl_common.so  
[2.354s] -- Found PCL_KDTREE: /usr/lib/x86_64-linux-gnu/libpcl_kdtree.so  
[2.354s] -- Found PCL_OCTREE: /usr/lib/x86_64-linux-gnu/libpcl_octree.so  
[2.355s] -- Found PCL_SEARCH: /usr/lib/x86_64-linux-gnu/libpcl_search.so  
[2.355s] -- Found PCL_SAMPLE_CONSENSUS: /usr/lib/x86_64-linux-gnu/libpcl_sample_consensus.so  
[2.356s] -- Found PCL_FILTERS: /usr/lib/x86_64-linux-gnu/libpcl_filters.so  
[2.356s] -- Found PCL_2D: /usr/include/pcl-1.12  
[2.356s] -- Found PCL_GEOMETRY: /usr/include/pcl-1.12  
[2.357s] -- Found PCL_IO: /usr/lib/x86_64-linux-gnu/libpcl_io.so  
[2.358s] -- Found PCL_FEATURES: /usr/lib/x86_64-linux-gnu/libpcl_features.so  
[2.358s] -- Found PCL_ML: /usr/lib/x86_64-linux-gnu/libpcl_ml.so  
[2.359s] -- Found PCL_SEGMENTATION: /usr/lib/x86_64-linux-gnu/libpcl_segmentation.so  
[2.360s] -- Found PCL_VISUALIZATION: /usr/lib/x86_64-linux-gnu/libpcl_visualization.so  
[2.360s] -- Found PCL_SURFACE: /usr/lib/x86_64-linux-gnu/libpcl_surface.so  
[2.361s] -- Found PCL_REGISTRATION: /usr/lib/x86_64-linux-gnu/libpcl_registration.so  
[2.361s] -- Found PCL_KEYPOINTS: /usr/lib/x86_64-linux-gnu/libpcl_keypoints.so  
[2.362s] -- Found PCL_TRACKING: /usr/lib/x86_64-linux-gnu/libpcl_tracking.so  
[2.363s] -- Found PCL_RECOGNITION: /usr/lib/x86_64-linux-gnu/libpcl_recognition.so  
[2.363s] -- Found PCL_STEREO: /usr/lib/x86_64-linux-gnu/libpcl_stereo.so  
[2.364s] -- Found PCL_APPS: /usr/lib/x86_64-linux-gnu/libpcl_apps.so  
[2.364s] -- Found PCL_IN_HAND_SCANNER: /usr/include/pcl-1.12  
[2.365s] -- Found PCL_MODELER: /usr/include/pcl-1.12  
[2.365s] -- Found PCL_POINT_CLOUD_EDITOR: /usr/include/pcl-1.12  
[2.365s] -- Found PCL_OUTOFCORE: /usr/lib/x86_64-linux-gnu/libpcl_outofcore.so  
[2.366s] -- Found PCL_PEOPLE: /usr/lib/x86_64-linux-gnu/libpcl_people.so  
[2.429s] -- Found Eigen3: TRUE (found version "3.4.0") 
[2.429s] -- Ensuring Eigen3 include directory is part of orocos-kdl CMake target
[2.432s] [33mCMake Warning (dev) at /usr/share/cmake-3.22/Modules/CMakeFindDependencyMacro.cmake:47 (find_package):
[2.432s]   Policy CMP0074 is not set: find_package uses <PackageName>_ROOT variables.
[2.432s]   Run "cmake --help-policy CMP0074" for policy details.  Use the cmake_policy
[2.432s]   command to set the policy and suppress this warning.
[2.432s] 
[2.432s]   CMake variable PCL_ROOT is set to:
[2.432s] 
[2.432s]     /usr
[2.432s] 
[2.432s]   For compatibility, CMake is ignoring the variable.
[2.432s] Call Stack (most recent call first):
[2.433s]   /home/wuliu/code/rtabmap/install/rtabmap/lib/rtabmap-0.21/RTABMapConfig.cmake:7 (find_dependency)
[2.433s]   /home/wuliu/code/rtabmap/install/rtabmap_conversions/share/rtabmap_conversions/cmake/ament_cmake_export_dependencies-extras.cmake:21 (find_package)
[2.433s]   /home/wuliu/code/rtabmap/install/rtabmap_conversions/share/rtabmap_conversions/cmake/rtabmap_conversionsConfig.cmake:41 (include)
[2.433s]   /home/wuliu/code/rtabmap/install/rtabmap_sync/share/rtabmap_sync/cmake/ament_cmake_export_dependencies-extras.cmake:21 (find_package)
[2.433s]   /home/wuliu/code/rtabmap/install/rtabmap_sync/share/rtabmap_sync/cmake/rtabmap_syncConfig.cmake:41 (include)
[2.433s]   CMakeLists.txt:16 (find_package)
[2.433s] This warning is for project developers.  Use -Wno-dev to suppress it.
[2.433s] [0m
[2.468s] -- Found OpenCV: /usr (found version "4.5.4") found components: core calib3d imgproc highgui stitching photo video aruco objdetect missing components: xfeatures2d nonfree gpu cudafeatures2d
[2.531s] -- Configuring done
[2.569s] -- Generating done
[2.577s] -- Build files have been written to: /home/wuliu/code/rtabmap/build/rtabmap_viz
[2.592s] Invoked command in '/home/wuliu/code/rtabmap/build/rtabmap_viz' returned '0': AMENT_PREFIX_PATH=/home/wuliu/code/rtabmap/install/rtabmap_sync:/home/wuliu/code/rtabmap/install/rtabmap_conversions:/home/wuliu/code/rtabmap/install/rtabmap_msgs:${AMENT_PREFIX_PATH} CMAKE_PREFIX_PATH=/home/wuliu/code/rtabmap/install/rtabmap_sync:/home/wuliu/code/rtabmap/install/rtabmap_conversions:/home/wuliu/code/rtabmap/install/rtabmap_msgs:/home/wuliu/code/rtabmap/install/rtabmap:/opt/ros/humble LD_LIBRARY_PATH=/home/wuliu/code/rtabmap/install/rtabmap_sync/lib:/home/wuliu/code/rtabmap/install/rtabmap_conversions/lib:/home/wuliu/code/rtabmap/install/rtabmap_msgs/lib:/home/wuliu/code/rtabmap/install/rtabmap/lib:${LD_LIBRARY_PATH} PATH=/home/wuliu/code/rtabmap/install/rtabmap/bin:${PATH} PKG_CONFIG_PATH=/home/wuliu/code/rtabmap/install/rtabmap/lib/x86_64-linux-gnu/pkgconfig:/home/wuliu/code/rtabmap/install/rtabmap/lib/pkgconfig PYTHONPATH=/home/wuliu/code/rtabmap/install/rtabmap_msgs/local/lib/python3.10/dist-packages:${PYTHONPATH} /usr/bin/cmake /home/wuliu/code/rtabmap/src/rtabmap_ros/rtabmap_viz -DCMAKE_BUILD_TYPE=Release -DAMENT_CMAKE_SYMLINK_INSTALL=1 -DCMAKE_INSTALL_PREFIX=/home/wuliu/code/rtabmap/install/rtabmap_viz
[2.594s] Invoking command in '/home/wuliu/code/rtabmap/build/rtabmap_viz': AMENT_PREFIX_PATH=/home/wuliu/code/rtabmap/install/rtabmap_sync:/home/wuliu/code/rtabmap/install/rtabmap_conversions:/home/wuliu/code/rtabmap/install/rtabmap_msgs:${AMENT_PREFIX_PATH} CMAKE_PREFIX_PATH=/home/wuliu/code/rtabmap/install/rtabmap_sync:/home/wuliu/code/rtabmap/install/rtabmap_conversions:/home/wuliu/code/rtabmap/install/rtabmap_msgs:/home/wuliu/code/rtabmap/install/rtabmap:/opt/ros/humble LD_LIBRARY_PATH=/home/wuliu/code/rtabmap/install/rtabmap_sync/lib:/home/wuliu/code/rtabmap/install/rtabmap_conversions/lib:/home/wuliu/code/rtabmap/install/rtabmap_msgs/lib:/home/wuliu/code/rtabmap/install/rtabmap/lib:${LD_LIBRARY_PATH} PATH=/home/wuliu/code/rtabmap/install/rtabmap/bin:${PATH} PKG_CONFIG_PATH=/home/wuliu/code/rtabmap/install/rtabmap/lib/x86_64-linux-gnu/pkgconfig:/home/wuliu/code/rtabmap/install/rtabmap/lib/pkgconfig PYTHONPATH=/home/wuliu/code/rtabmap/install/rtabmap_msgs/local/lib/python3.10/dist-packages:${PYTHONPATH} /usr/bin/cmake --build /home/wuliu/code/rtabmap/build/rtabmap_viz
[2.645s] [ 75%] [32mBuilding CXX object CMakeFiles/rtabmap_viz.dir/src/PreferencesDialogROS.cpp.o[0m
[2.645s] [ 75%] [32mBuilding CXX object CMakeFiles/rtabmap_viz.dir/src/GuiNode.cpp.o[0m
[2.645s] [ 75%] [32mBuilding CXX object CMakeFiles/rtabmap_viz.dir/src/GuiWrapper.cpp.o[0m
[34.151s] [100%] [32m[1mLinking CXX executable rtabmap_viz[0m
[36.623s] [100%] Built target rtabmap_viz
[36.633s] Invoked command in '/home/wuliu/code/rtabmap/build/rtabmap_viz' returned '0': AMENT_PREFIX_PATH=/home/wuliu/code/rtabmap/install/rtabmap_sync:/home/wuliu/code/rtabmap/install/rtabmap_conversions:/home/wuliu/code/rtabmap/install/rtabmap_msgs:${AMENT_PREFIX_PATH} CMAKE_PREFIX_PATH=/home/wuliu/code/rtabmap/install/rtabmap_sync:/home/wuliu/code/rtabmap/install/rtabmap_conversions:/home/wuliu/code/rtabmap/install/rtabmap_msgs:/home/wuliu/code/rtabmap/install/rtabmap:/opt/ros/humble LD_LIBRARY_PATH=/home/wuliu/code/rtabmap/install/rtabmap_sync/lib:/home/wuliu/code/rtabmap/install/rtabmap_conversions/lib:/home/wuliu/code/rtabmap/install/rtabmap_msgs/lib:/home/wuliu/code/rtabmap/install/rtabmap/lib:${LD_LIBRARY_PATH} PATH=/home/wuliu/code/rtabmap/install/rtabmap/bin:${PATH} PKG_CONFIG_PATH=/home/wuliu/code/rtabmap/install/rtabmap/lib/x86_64-linux-gnu/pkgconfig:/home/wuliu/code/rtabmap/install/rtabmap/lib/pkgconfig PYTHONPATH=/home/wuliu/code/rtabmap/install/rtabmap_msgs/local/lib/python3.10/dist-packages:${PYTHONPATH} /usr/bin/cmake --build /home/wuliu/code/rtabmap/build/rtabmap_viz
[36.635s] Invoking command in '/home/wuliu/code/rtabmap/build/rtabmap_viz': AMENT_PREFIX_PATH=/home/wuliu/code/rtabmap/install/rtabmap_sync:/home/wuliu/code/rtabmap/install/rtabmap_conversions:/home/wuliu/code/rtabmap/install/rtabmap_msgs:${AMENT_PREFIX_PATH} CMAKE_PREFIX_PATH=/home/wuliu/code/rtabmap/install/rtabmap_sync:/home/wuliu/code/rtabmap/install/rtabmap_conversions:/home/wuliu/code/rtabmap/install/rtabmap_msgs:/home/wuliu/code/rtabmap/install/rtabmap:/opt/ros/humble LD_LIBRARY_PATH=/home/wuliu/code/rtabmap/install/rtabmap_sync/lib:/home/wuliu/code/rtabmap/install/rtabmap_conversions/lib:/home/wuliu/code/rtabmap/install/rtabmap_msgs/lib:/home/wuliu/code/rtabmap/install/rtabmap/lib:${LD_LIBRARY_PATH} PATH=/home/wuliu/code/rtabmap/install/rtabmap/bin:${PATH} PKG_CONFIG_PATH=/home/wuliu/code/rtabmap/install/rtabmap/lib/x86_64-linux-gnu/pkgconfig:/home/wuliu/code/rtabmap/install/rtabmap/lib/pkgconfig PYTHONPATH=/home/wuliu/code/rtabmap/install/rtabmap_msgs/local/lib/python3.10/dist-packages:${PYTHONPATH} /usr/bin/cmake --install /home/wuliu/code/rtabmap/build/rtabmap_viz
[36.641s] -- Install configuration: "Release"
[36.642s] -- Execute custom install script
[36.642s] -- Symlinking: /home/wuliu/code/rtabmap/install/rtabmap_viz/lib/rtabmap_viz/rtabmap_viz
[36.650s] -- Symlinking: /home/wuliu/code/rtabmap/install/rtabmap_viz/share/ament_index/resource_index/package_run_dependencies/rtabmap_viz
[36.657s] -- Symlinking: /home/wuliu/code/rtabmap/install/rtabmap_viz/share/ament_index/resource_index/parent_prefix_path/rtabmap_viz
[36.665s] -- Symlinking: /home/wuliu/code/rtabmap/install/rtabmap_viz/share/rtabmap_viz/environment/ament_prefix_path.sh
[36.674s] -- Symlinking: /home/wuliu/code/rtabmap/install/rtabmap_viz/share/rtabmap_viz/environment/ament_prefix_path.dsv
[36.681s] -- Symlinking: /home/wuliu/code/rtabmap/install/rtabmap_viz/share/rtabmap_viz/environment/path.sh
[36.689s] -- Symlinking: /home/wuliu/code/rtabmap/install/rtabmap_viz/share/rtabmap_viz/environment/path.dsv
[36.696s] -- Symlinking: /home/wuliu/code/rtabmap/install/rtabmap_viz/share/rtabmap_viz/local_setup.bash
[36.703s] -- Symlinking: /home/wuliu/code/rtabmap/install/rtabmap_viz/share/rtabmap_viz/local_setup.sh
[36.711s] -- Symlinking: /home/wuliu/code/rtabmap/install/rtabmap_viz/share/rtabmap_viz/local_setup.zsh
[36.718s] -- Symlinking: /home/wuliu/code/rtabmap/install/rtabmap_viz/share/rtabmap_viz/local_setup.dsv
[36.726s] -- Symlinking: /home/wuliu/code/rtabmap/install/rtabmap_viz/share/rtabmap_viz/package.dsv
[36.733s] -- Symlinking: /home/wuliu/code/rtabmap/install/rtabmap_viz/share/ament_index/resource_index/packages/rtabmap_viz
[36.740s] -- Symlinking: /home/wuliu/code/rtabmap/install/rtabmap_viz/share/rtabmap_viz/cmake/rtabmap_vizConfig.cmake
[36.748s] -- Symlinking: /home/wuliu/code/rtabmap/install/rtabmap_viz/share/rtabmap_viz/cmake/rtabmap_vizConfig-version.cmake
[36.754s] -- Symlinking: /home/wuliu/code/rtabmap/install/rtabmap_viz/share/rtabmap_viz/package.xml
[36.764s] Invoked command in '/home/wuliu/code/rtabmap/build/rtabmap_viz' returned '0': AMENT_PREFIX_PATH=/home/wuliu/code/rtabmap/install/rtabmap_sync:/home/wuliu/code/rtabmap/install/rtabmap_conversions:/home/wuliu/code/rtabmap/install/rtabmap_msgs:${AMENT_PREFIX_PATH} CMAKE_PREFIX_PATH=/home/wuliu/code/rtabmap/install/rtabmap_sync:/home/wuliu/code/rtabmap/install/rtabmap_conversions:/home/wuliu/code/rtabmap/install/rtabmap_msgs:/home/wuliu/code/rtabmap/install/rtabmap:/opt/ros/humble LD_LIBRARY_PATH=/home/wuliu/code/rtabmap/install/rtabmap_sync/lib:/home/wuliu/code/rtabmap/install/rtabmap_conversions/lib:/home/wuliu/code/rtabmap/install/rtabmap_msgs/lib:/home/wuliu/code/rtabmap/install/rtabmap/lib:${LD_LIBRARY_PATH} PATH=/home/wuliu/code/rtabmap/install/rtabmap/bin:${PATH} PKG_CONFIG_PATH=/home/wuliu/code/rtabmap/install/rtabmap/lib/x86_64-linux-gnu/pkgconfig:/home/wuliu/code/rtabmap/install/rtabmap/lib/pkgconfig PYTHONPATH=/home/wuliu/code/rtabmap/install/rtabmap_msgs/local/lib/python3.10/dist-packages:${PYTHONPATH} /usr/bin/cmake --install /home/wuliu/code/rtabmap/build/rtabmap_viz
