[0.024s] Invoking command in '/home/wuliu/code/rtabmap/build/rtabmap_demos': AMENT_PREFIX_PATH=/home/wuliu/code/rtabmap/install/rtabmap_viz:/home/wuliu/code/rtabmap/install/rtabmap_slam:/home/wuliu/code/rtabmap/install/rtabmap_odom:/home/wuliu/code/rtabmap/install/rtabmap_util:/home/wuliu/code/rtabmap/install/rtabmap_sync:/home/wuliu/code/rtabmap/install/rtabmap_rviz_plugins:/home/wuliu/code/rtabmap/install/rtabmap_conversions:/home/wuliu/code/rtabmap/install/rtabmap_msgs:${AMENT_PREFIX_PATH} CMAKE_PREFIX_PATH=/home/wuliu/code/rtabmap/install/rtabmap_viz:/home/wuliu/code/rtabmap/install/rtabmap_slam:/home/wuliu/code/rtabmap/install/rtabmap_odom:/home/wuliu/code/rtabmap/install/rtabmap_util:/home/wuliu/code/rtabmap/install/rtabmap_sync:/home/wuliu/code/rtabmap/install/rtabmap_rviz_plugins:/home/wuliu/code/rtabmap/install/rtabmap_conversions:/home/wuliu/code/rtabmap/install/rtabmap_msgs:/home/wuliu/code/rtabmap/install/rtabmap:/opt/ros/humble LD_LIBRARY_PATH=/home/wuliu/code/rtabmap/install/rtabmap_slam/lib:/home/wuliu/code/rtabmap/install/rtabmap_odom/lib:/home/wuliu/code/rtabmap/install/rtabmap_util/lib:/home/wuliu/code/rtabmap/install/rtabmap_sync/lib:/home/wuliu/code/rtabmap/install/rtabmap_rviz_plugins/lib:/home/wuliu/code/rtabmap/install/rtabmap_conversions/lib:/home/wuliu/code/rtabmap/install/rtabmap_msgs/lib:/home/wuliu/code/rtabmap/install/rtabmap/lib:${LD_LIBRARY_PATH} PATH=/home/wuliu/code/rtabmap/install/rtabmap/bin:${PATH} PKG_CONFIG_PATH=/home/wuliu/code/rtabmap/install/rtabmap/lib/x86_64-linux-gnu/pkgconfig:/home/wuliu/code/rtabmap/install/rtabmap/lib/pkgconfig PYTHONPATH=/home/wuliu/code/rtabmap/install/rtabmap_msgs/local/lib/python3.10/dist-packages:${PYTHONPATH} /usr/bin/cmake /home/wuliu/code/rtabmap/src/rtabmap_ros/rtabmap_demos -DCMAKE_BUILD_TYPE=Release -DAMENT_CMAKE_SYMLINK_INSTALL=1 -DCMAKE_INSTALL_PREFIX=/home/wuliu/code/rtabmap/install/rtabmap_demos
[0.073s] -- The C compiler identification is GNU 11.4.0
[0.118s] -- The CXX compiler identification is GNU 11.4.0
[0.124s] -- Detecting C compiler ABI info
[0.188s] -- Detecting C compiler ABI info - done
[0.193s] -- Check for working C compiler: /usr/bin/cc - skipped
[0.193s] -- Detecting C compile features
[0.193s] -- Detecting C compile features - done
[0.195s] -- Detecting CXX compiler ABI info
[0.266s] -- Detecting CXX compiler ABI info - done
[0.271s] -- Check for working CXX compiler: /usr/bin/c++ - skipped
[0.271s] -- Detecting CXX compile features
[0.271s] -- Detecting CXX compile features - done
[0.274s] -- Found ament_cmake: 1.3.11 (/opt/ros/humble/share/ament_cmake/cmake)
[0.382s] -- Found Python3: /usr/bin/python3 (found version "3.10.12") found components: Interpreter 
[0.424s] -- Override CMake install command with custom implementation using symlinks instead of copying resources
[0.501s] -- Configuring done
[0.503s] -- Generating done
[0.504s] -- Build files have been written to: /home/wuliu/code/rtabmap/build/rtabmap_demos
[0.508s] Invoked command in '/home/wuliu/code/rtabmap/build/rtabmap_demos' returned '0': AMENT_PREFIX_PATH=/home/wuliu/code/rtabmap/install/rtabmap_viz:/home/wuliu/code/rtabmap/install/rtabmap_slam:/home/wuliu/code/rtabmap/install/rtabmap_odom:/home/wuliu/code/rtabmap/install/rtabmap_util:/home/wuliu/code/rtabmap/install/rtabmap_sync:/home/wuliu/code/rtabmap/install/rtabmap_rviz_plugins:/home/wuliu/code/rtabmap/install/rtabmap_conversions:/home/wuliu/code/rtabmap/install/rtabmap_msgs:${AMENT_PREFIX_PATH} CMAKE_PREFIX_PATH=/home/wuliu/code/rtabmap/install/rtabmap_viz:/home/wuliu/code/rtabmap/install/rtabmap_slam:/home/wuliu/code/rtabmap/install/rtabmap_odom:/home/wuliu/code/rtabmap/install/rtabmap_util:/home/wuliu/code/rtabmap/install/rtabmap_sync:/home/wuliu/code/rtabmap/install/rtabmap_rviz_plugins:/home/wuliu/code/rtabmap/install/rtabmap_conversions:/home/wuliu/code/rtabmap/install/rtabmap_msgs:/home/wuliu/code/rtabmap/install/rtabmap:/opt/ros/humble LD_LIBRARY_PATH=/home/wuliu/code/rtabmap/install/rtabmap_slam/lib:/home/wuliu/code/rtabmap/install/rtabmap_odom/lib:/home/wuliu/code/rtabmap/install/rtabmap_util/lib:/home/wuliu/code/rtabmap/install/rtabmap_sync/lib:/home/wuliu/code/rtabmap/install/rtabmap_rviz_plugins/lib:/home/wuliu/code/rtabmap/install/rtabmap_conversions/lib:/home/wuliu/code/rtabmap/install/rtabmap_msgs/lib:/home/wuliu/code/rtabmap/install/rtabmap/lib:${LD_LIBRARY_PATH} PATH=/home/wuliu/code/rtabmap/install/rtabmap/bin:${PATH} PKG_CONFIG_PATH=/home/wuliu/code/rtabmap/install/rtabmap/lib/x86_64-linux-gnu/pkgconfig:/home/wuliu/code/rtabmap/install/rtabmap/lib/pkgconfig PYTHONPATH=/home/wuliu/code/rtabmap/install/rtabmap_msgs/local/lib/python3.10/dist-packages:${PYTHONPATH} /usr/bin/cmake /home/wuliu/code/rtabmap/src/rtabmap_ros/rtabmap_demos -DCMAKE_BUILD_TYPE=Release -DAMENT_CMAKE_SYMLINK_INSTALL=1 -DCMAKE_INSTALL_PREFIX=/home/wuliu/code/rtabmap/install/rtabmap_demos
[0.509s] Invoking command in '/home/wuliu/code/rtabmap/build/rtabmap_demos': AMENT_PREFIX_PATH=/home/wuliu/code/rtabmap/install/rtabmap_viz:/home/wuliu/code/rtabmap/install/rtabmap_slam:/home/wuliu/code/rtabmap/install/rtabmap_odom:/home/wuliu/code/rtabmap/install/rtabmap_util:/home/wuliu/code/rtabmap/install/rtabmap_sync:/home/wuliu/code/rtabmap/install/rtabmap_rviz_plugins:/home/wuliu/code/rtabmap/install/rtabmap_conversions:/home/wuliu/code/rtabmap/install/rtabmap_msgs:${AMENT_PREFIX_PATH} CMAKE_PREFIX_PATH=/home/wuliu/code/rtabmap/install/rtabmap_viz:/home/wuliu/code/rtabmap/install/rtabmap_slam:/home/wuliu/code/rtabmap/install/rtabmap_odom:/home/wuliu/code/rtabmap/install/rtabmap_util:/home/wuliu/code/rtabmap/install/rtabmap_sync:/home/wuliu/code/rtabmap/install/rtabmap_rviz_plugins:/home/wuliu/code/rtabmap/install/rtabmap_conversions:/home/wuliu/code/rtabmap/install/rtabmap_msgs:/home/wuliu/code/rtabmap/install/rtabmap:/opt/ros/humble LD_LIBRARY_PATH=/home/wuliu/code/rtabmap/install/rtabmap_slam/lib:/home/wuliu/code/rtabmap/install/rtabmap_odom/lib:/home/wuliu/code/rtabmap/install/rtabmap_util/lib:/home/wuliu/code/rtabmap/install/rtabmap_sync/lib:/home/wuliu/code/rtabmap/install/rtabmap_rviz_plugins/lib:/home/wuliu/code/rtabmap/install/rtabmap_conversions/lib:/home/wuliu/code/rtabmap/install/rtabmap_msgs/lib:/home/wuliu/code/rtabmap/install/rtabmap/lib:${LD_LIBRARY_PATH} PATH=/home/wuliu/code/rtabmap/install/rtabmap/bin:${PATH} PKG_CONFIG_PATH=/home/wuliu/code/rtabmap/install/rtabmap/lib/x86_64-linux-gnu/pkgconfig:/home/wuliu/code/rtabmap/install/rtabmap/lib/pkgconfig PYTHONPATH=/home/wuliu/code/rtabmap/install/rtabmap_msgs/local/lib/python3.10/dist-packages:${PYTHONPATH} /usr/bin/cmake --build /home/wuliu/code/rtabmap/build/rtabmap_demos
[0.546s] Invoked command in '/home/wuliu/code/rtabmap/build/rtabmap_demos' returned '0': AMENT_PREFIX_PATH=/home/wuliu/code/rtabmap/install/rtabmap_viz:/home/wuliu/code/rtabmap/install/rtabmap_slam:/home/wuliu/code/rtabmap/install/rtabmap_odom:/home/wuliu/code/rtabmap/install/rtabmap_util:/home/wuliu/code/rtabmap/install/rtabmap_sync:/home/wuliu/code/rtabmap/install/rtabmap_rviz_plugins:/home/wuliu/code/rtabmap/install/rtabmap_conversions:/home/wuliu/code/rtabmap/install/rtabmap_msgs:${AMENT_PREFIX_PATH} CMAKE_PREFIX_PATH=/home/wuliu/code/rtabmap/install/rtabmap_viz:/home/wuliu/code/rtabmap/install/rtabmap_slam:/home/wuliu/code/rtabmap/install/rtabmap_odom:/home/wuliu/code/rtabmap/install/rtabmap_util:/home/wuliu/code/rtabmap/install/rtabmap_sync:/home/wuliu/code/rtabmap/install/rtabmap_rviz_plugins:/home/wuliu/code/rtabmap/install/rtabmap_conversions:/home/wuliu/code/rtabmap/install/rtabmap_msgs:/home/wuliu/code/rtabmap/install/rtabmap:/opt/ros/humble LD_LIBRARY_PATH=/home/wuliu/code/rtabmap/install/rtabmap_slam/lib:/home/wuliu/code/rtabmap/install/rtabmap_odom/lib:/home/wuliu/code/rtabmap/install/rtabmap_util/lib:/home/wuliu/code/rtabmap/install/rtabmap_sync/lib:/home/wuliu/code/rtabmap/install/rtabmap_rviz_plugins/lib:/home/wuliu/code/rtabmap/install/rtabmap_conversions/lib:/home/wuliu/code/rtabmap/install/rtabmap_msgs/lib:/home/wuliu/code/rtabmap/install/rtabmap/lib:${LD_LIBRARY_PATH} PATH=/home/wuliu/code/rtabmap/install/rtabmap/bin:${PATH} PKG_CONFIG_PATH=/home/wuliu/code/rtabmap/install/rtabmap/lib/x86_64-linux-gnu/pkgconfig:/home/wuliu/code/rtabmap/install/rtabmap/lib/pkgconfig PYTHONPATH=/home/wuliu/code/rtabmap/install/rtabmap_msgs/local/lib/python3.10/dist-packages:${PYTHONPATH} /usr/bin/cmake --build /home/wuliu/code/rtabmap/build/rtabmap_demos
[0.549s] Invoking command in '/home/wuliu/code/rtabmap/build/rtabmap_demos': AMENT_PREFIX_PATH=/home/wuliu/code/rtabmap/install/rtabmap_viz:/home/wuliu/code/rtabmap/install/rtabmap_slam:/home/wuliu/code/rtabmap/install/rtabmap_odom:/home/wuliu/code/rtabmap/install/rtabmap_util:/home/wuliu/code/rtabmap/install/rtabmap_sync:/home/wuliu/code/rtabmap/install/rtabmap_rviz_plugins:/home/wuliu/code/rtabmap/install/rtabmap_conversions:/home/wuliu/code/rtabmap/install/rtabmap_msgs:${AMENT_PREFIX_PATH} CMAKE_PREFIX_PATH=/home/wuliu/code/rtabmap/install/rtabmap_viz:/home/wuliu/code/rtabmap/install/rtabmap_slam:/home/wuliu/code/rtabmap/install/rtabmap_odom:/home/wuliu/code/rtabmap/install/rtabmap_util:/home/wuliu/code/rtabmap/install/rtabmap_sync:/home/wuliu/code/rtabmap/install/rtabmap_rviz_plugins:/home/wuliu/code/rtabmap/install/rtabmap_conversions:/home/wuliu/code/rtabmap/install/rtabmap_msgs:/home/wuliu/code/rtabmap/install/rtabmap:/opt/ros/humble LD_LIBRARY_PATH=/home/wuliu/code/rtabmap/install/rtabmap_slam/lib:/home/wuliu/code/rtabmap/install/rtabmap_odom/lib:/home/wuliu/code/rtabmap/install/rtabmap_util/lib:/home/wuliu/code/rtabmap/install/rtabmap_sync/lib:/home/wuliu/code/rtabmap/install/rtabmap_rviz_plugins/lib:/home/wuliu/code/rtabmap/install/rtabmap_conversions/lib:/home/wuliu/code/rtabmap/install/rtabmap_msgs/lib:/home/wuliu/code/rtabmap/install/rtabmap/lib:${LD_LIBRARY_PATH} PATH=/home/wuliu/code/rtabmap/install/rtabmap/bin:${PATH} PKG_CONFIG_PATH=/home/wuliu/code/rtabmap/install/rtabmap/lib/x86_64-linux-gnu/pkgconfig:/home/wuliu/code/rtabmap/install/rtabmap/lib/pkgconfig PYTHONPATH=/home/wuliu/code/rtabmap/install/rtabmap_msgs/local/lib/python3.10/dist-packages:${PYTHONPATH} /usr/bin/cmake --install /home/wuliu/code/rtabmap/build/rtabmap_demos
[0.556s] -- Install configuration: "Release"
[0.556s] -- Execute custom install script
[0.557s] -- Symlinking: /home/wuliu/code/rtabmap/install/rtabmap_demos/share/rtabmap_demos/launch/champ/champ_sim_vslam.launch.py
[0.565s] -- Symlinking: /home/wuliu/code/rtabmap/install/rtabmap_demos/share/rtabmap_demos/launch/champ/champ_vslam.launch.py
[0.573s] -- Symlinking: /home/wuliu/code/rtabmap/install/rtabmap_demos/share/rtabmap_demos/launch/find_object_demo.launch.py
[0.580s] -- Symlinking: /home/wuliu/code/rtabmap/install/rtabmap_demos/share/rtabmap_demos/launch/husky/husky_sim_scan2d_demo.launch.py
[0.588s] -- Symlinking: /home/wuliu/code/rtabmap/install/rtabmap_demos/share/rtabmap_demos/launch/husky/husky_sim_scan3d_assemble_demo.launch.py
[0.595s] -- Symlinking: /home/wuliu/code/rtabmap/install/rtabmap_demos/share/rtabmap_demos/launch/husky/husky_sim_scan3d_demo.launch.py
[0.602s] -- Symlinking: /home/wuliu/code/rtabmap/install/rtabmap_demos/share/rtabmap_demos/launch/husky/husky_slam2d.launch.py
[0.610s] -- Symlinking: /home/wuliu/code/rtabmap/install/rtabmap_demos/share/rtabmap_demos/launch/husky/husky_slam3d.launch.py
[0.617s] -- Symlinking: /home/wuliu/code/rtabmap/install/rtabmap_demos/share/rtabmap_demos/launch/husky/husky_slam3d_assemble.launch.py
[0.625s] -- Symlinking: /home/wuliu/code/rtabmap/install/rtabmap_demos/share/rtabmap_demos/launch/isaac/isaac_sim_vslam_demo.launch.py
[0.632s] -- Symlinking: /home/wuliu/code/rtabmap/install/rtabmap_demos/share/rtabmap_demos/launch/isaac/isaac_vslam.launch.py
[0.640s] -- Symlinking: /home/wuliu/code/rtabmap/install/rtabmap_demos/share/rtabmap_demos/launch/multisession_mapping_demo.launch.py
[0.647s] -- Symlinking: /home/wuliu/code/rtabmap/install/rtabmap_demos/share/rtabmap_demos/launch/robot_mapping_demo.launch.py
[0.655s] -- Symlinking: /home/wuliu/code/rtabmap/install/rtabmap_demos/share/rtabmap_demos/launch/stereo_outdoor_demo.launch.py
[0.662s] -- Symlinking: /home/wuliu/code/rtabmap/install/rtabmap_demos/share/rtabmap_demos/launch/turtlebot3/turtlebot3_rgbd.launch.py
[0.669s] -- Symlinking: /home/wuliu/code/rtabmap/install/rtabmap_demos/share/rtabmap_demos/launch/turtlebot3/turtlebot3_rgbd_scan.launch.py
[0.677s] -- Symlinking: /home/wuliu/code/rtabmap/install/rtabmap_demos/share/rtabmap_demos/launch/turtlebot3/turtlebot3_scan.launch.py
[0.685s] -- Symlinking: /home/wuliu/code/rtabmap/install/rtabmap_demos/share/rtabmap_demos/launch/turtlebot3/turtlebot3_sim_rgbd_demo.launch.py
[0.693s] -- Symlinking: /home/wuliu/code/rtabmap/install/rtabmap_demos/share/rtabmap_demos/launch/turtlebot3/turtlebot3_sim_rgbd_scan_demo.launch.py
[0.700s] -- Symlinking: /home/wuliu/code/rtabmap/install/rtabmap_demos/share/rtabmap_demos/launch/turtlebot3/turtlebot3_sim_scan_demo.launch.py
[0.708s] -- Symlinking: /home/wuliu/code/rtabmap/install/rtabmap_demos/share/rtabmap_demos/launch/turtlebot4/turtlebot4_sim_demo.launch.py
[0.716s] -- Symlinking: /home/wuliu/code/rtabmap/install/rtabmap_demos/share/rtabmap_demos/launch/turtlebot4/turtlebot4_slam.launch.py
[0.732s] -- Symlinking: /home/wuliu/code/rtabmap/install/rtabmap_demos/share/rtabmap_demos/config/demo_robot_mapping.rviz
[0.740s] -- Symlinking: /home/wuliu/code/rtabmap/install/rtabmap_demos/share/rtabmap_demos/config/find_object.ini
[0.749s] -- Symlinking: /home/wuliu/code/rtabmap/install/rtabmap_demos/share/rtabmap_demos/params/champ_nav2_params.yaml
[0.757s] -- Symlinking: /home/wuliu/code/rtabmap/install/rtabmap_demos/share/rtabmap_demos/params/isaac_nav2_params.yaml
[0.765s] -- Symlinking: /home/wuliu/code/rtabmap/install/rtabmap_demos/share/rtabmap_demos/params/isaac_vslam_nav2_params.yaml
[0.772s] -- Symlinking: /home/wuliu/code/rtabmap/install/rtabmap_demos/share/rtabmap_demos/params/turtlebot3_rgbd_nav2_params.yaml
[0.779s] -- Symlinking: /home/wuliu/code/rtabmap/install/rtabmap_demos/share/rtabmap_demos/params/turtlebot3_rgbd_scan_nav2_params.yaml
[0.787s] -- Symlinking: /home/wuliu/code/rtabmap/install/rtabmap_demos/share/rtabmap_demos/params/turtlebot3_scan_nav2_params.yaml
[0.796s] -- Symlinking: /home/wuliu/code/rtabmap/install/rtabmap_demos/share/rtabmap_demos/data/books/4.png
[0.804s] -- Symlinking: /home/wuliu/code/rtabmap/install/rtabmap_demos/share/rtabmap_demos/data/books/5.png
[0.811s] -- Symlinking: /home/wuliu/code/rtabmap/install/rtabmap_demos/share/rtabmap_demos/data/books/6.png
[0.818s] -- Symlinking: /home/wuliu/code/rtabmap/install/rtabmap_demos/share/rtabmap_demos/data/books/7.png
[0.826s] -- Symlinking: /home/wuliu/code/rtabmap/install/rtabmap_demos/share/rtabmap_demos/data/books/8.png
[0.835s] -- Symlinking: /home/wuliu/code/rtabmap/install/rtabmap_demos/share/ament_index/resource_index/package_run_dependencies/rtabmap_demos
[0.843s] -- Symlinking: /home/wuliu/code/rtabmap/install/rtabmap_demos/share/ament_index/resource_index/parent_prefix_path/rtabmap_demos
[0.851s] -- Symlinking: /home/wuliu/code/rtabmap/install/rtabmap_demos/share/rtabmap_demos/environment/ament_prefix_path.sh
[0.859s] -- Symlinking: /home/wuliu/code/rtabmap/install/rtabmap_demos/share/rtabmap_demos/environment/ament_prefix_path.dsv
[0.866s] -- Symlinking: /home/wuliu/code/rtabmap/install/rtabmap_demos/share/rtabmap_demos/environment/path.sh
[0.874s] -- Symlinking: /home/wuliu/code/rtabmap/install/rtabmap_demos/share/rtabmap_demos/environment/path.dsv
[0.881s] -- Symlinking: /home/wuliu/code/rtabmap/install/rtabmap_demos/share/rtabmap_demos/local_setup.bash
[0.888s] -- Symlinking: /home/wuliu/code/rtabmap/install/rtabmap_demos/share/rtabmap_demos/local_setup.sh
[0.896s] -- Symlinking: /home/wuliu/code/rtabmap/install/rtabmap_demos/share/rtabmap_demos/local_setup.zsh
[0.903s] -- Symlinking: /home/wuliu/code/rtabmap/install/rtabmap_demos/share/rtabmap_demos/local_setup.dsv
[0.911s] -- Symlinking: /home/wuliu/code/rtabmap/install/rtabmap_demos/share/rtabmap_demos/package.dsv
[0.918s] -- Symlinking: /home/wuliu/code/rtabmap/install/rtabmap_demos/share/ament_index/resource_index/packages/rtabmap_demos
[0.926s] -- Symlinking: /home/wuliu/code/rtabmap/install/rtabmap_demos/share/rtabmap_demos/cmake/rtabmap_demosConfig.cmake
[0.934s] -- Symlinking: /home/wuliu/code/rtabmap/install/rtabmap_demos/share/rtabmap_demos/cmake/rtabmap_demosConfig-version.cmake
[0.942s] -- Symlinking: /home/wuliu/code/rtabmap/install/rtabmap_demos/share/rtabmap_demos/package.xml
[0.951s] Invoked command in '/home/wuliu/code/rtabmap/build/rtabmap_demos' returned '0': AMENT_PREFIX_PATH=/home/wuliu/code/rtabmap/install/rtabmap_viz:/home/wuliu/code/rtabmap/install/rtabmap_slam:/home/wuliu/code/rtabmap/install/rtabmap_odom:/home/wuliu/code/rtabmap/install/rtabmap_util:/home/wuliu/code/rtabmap/install/rtabmap_sync:/home/wuliu/code/rtabmap/install/rtabmap_rviz_plugins:/home/wuliu/code/rtabmap/install/rtabmap_conversions:/home/wuliu/code/rtabmap/install/rtabmap_msgs:${AMENT_PREFIX_PATH} CMAKE_PREFIX_PATH=/home/wuliu/code/rtabmap/install/rtabmap_viz:/home/wuliu/code/rtabmap/install/rtabmap_slam:/home/wuliu/code/rtabmap/install/rtabmap_odom:/home/wuliu/code/rtabmap/install/rtabmap_util:/home/wuliu/code/rtabmap/install/rtabmap_sync:/home/wuliu/code/rtabmap/install/rtabmap_rviz_plugins:/home/wuliu/code/rtabmap/install/rtabmap_conversions:/home/wuliu/code/rtabmap/install/rtabmap_msgs:/home/wuliu/code/rtabmap/install/rtabmap:/opt/ros/humble LD_LIBRARY_PATH=/home/wuliu/code/rtabmap/install/rtabmap_slam/lib:/home/wuliu/code/rtabmap/install/rtabmap_odom/lib:/home/wuliu/code/rtabmap/install/rtabmap_util/lib:/home/wuliu/code/rtabmap/install/rtabmap_sync/lib:/home/wuliu/code/rtabmap/install/rtabmap_rviz_plugins/lib:/home/wuliu/code/rtabmap/install/rtabmap_conversions/lib:/home/wuliu/code/rtabmap/install/rtabmap_msgs/lib:/home/wuliu/code/rtabmap/install/rtabmap/lib:${LD_LIBRARY_PATH} PATH=/home/wuliu/code/rtabmap/install/rtabmap/bin:${PATH} PKG_CONFIG_PATH=/home/wuliu/code/rtabmap/install/rtabmap/lib/x86_64-linux-gnu/pkgconfig:/home/wuliu/code/rtabmap/install/rtabmap/lib/pkgconfig PYTHONPATH=/home/wuliu/code/rtabmap/install/rtabmap_msgs/local/lib/python3.10/dist-packages:${PYTHONPATH} /usr/bin/cmake --install /home/wuliu/code/rtabmap/build/rtabmap_demos
