-- The C compiler identification is GNU 11.4.0
-- The CXX compiler identification is GNU 11.4.0
-- Detecting C compiler ABI info
-- Detecting C compiler ABI info - done
-- Check for working C compiler: /usr/bin/cc - skipped
-- Detecting C compile features
-- Detecting C compile features - done
-- Detecting CXX compiler ABI info
-- Detecting CXX compiler ABI info - done
-- Check for working CXX compiler: /usr/bin/c++ - skipped
-- Detecting CXX compile features
-- Detecting CXX compile features - done
-- Found ament_cmake: 1.3.11 (/opt/ros/humble/share/ament_cmake/cmake)
-- Found Python3: /usr/bin/python3 (found version "3.10.12") found components: Interpreter 
-- Override CMake install command with custom implementation using symlinks instead of copying resources
-- Configuring done
-- Generating done
-- Build files have been written to: /home/wuliu/code/rtabmap/build/rtabmap_launch
-- Install configuration: "Release"
-- Execute custom install script
-- Symlinking: /home/wuliu/code/rtabmap/install/rtabmap_launch/share/rtabmap_launch/launch/config/rgbd.rviz
-- Symlinking: /home/wuliu/code/rtabmap/install/rtabmap_launch/share/rtabmap_launch/launch/rtabmap.launch.py
-- Symlinking: /home/wuliu/code/rtabmap/install/rtabmap_launch/share/ament_index/resource_index/package_run_dependencies/rtabmap_launch
-- Symlinking: /home/wuliu/code/rtabmap/install/rtabmap_launch/share/ament_index/resource_index/parent_prefix_path/rtabmap_launch
-- Symlinking: /home/wuliu/code/rtabmap/install/rtabmap_launch/share/rtabmap_launch/environment/ament_prefix_path.sh
-- Symlinking: /home/wuliu/code/rtabmap/install/rtabmap_launch/share/rtabmap_launch/environment/ament_prefix_path.dsv
-- Symlinking: /home/wuliu/code/rtabmap/install/rtabmap_launch/share/rtabmap_launch/environment/path.sh
-- Symlinking: /home/wuliu/code/rtabmap/install/rtabmap_launch/share/rtabmap_launch/environment/path.dsv
-- Symlinking: /home/wuliu/code/rtabmap/install/rtabmap_launch/share/rtabmap_launch/local_setup.bash
-- Symlinking: /home/wuliu/code/rtabmap/install/rtabmap_launch/share/rtabmap_launch/local_setup.sh
-- Symlinking: /home/wuliu/code/rtabmap/install/rtabmap_launch/share/rtabmap_launch/local_setup.zsh
-- Symlinking: /home/wuliu/code/rtabmap/install/rtabmap_launch/share/rtabmap_launch/local_setup.dsv
-- Symlinking: /home/wuliu/code/rtabmap/install/rtabmap_launch/share/rtabmap_launch/package.dsv
-- Symlinking: /home/wuliu/code/rtabmap/install/rtabmap_launch/share/ament_index/resource_index/packages/rtabmap_launch
-- Symlinking: /home/wuliu/code/rtabmap/install/rtabmap_launch/share/rtabmap_launch/cmake/rtabmap_launchConfig.cmake
-- Symlinking: /home/wuliu/code/rtabmap/install/rtabmap_launch/share/rtabmap_launch/cmake/rtabmap_launchConfig-version.cmake
-- Symlinking: /home/wuliu/code/rtabmap/install/rtabmap_launch/share/rtabmap_launch/package.xml
