[0.024s] Invoking command in '/home/wuliu/code/rtabmap/build/rtabmap_examples': AMENT_PREFIX_PATH=/home/wuliu/code/rtabmap/install/rtabmap_viz:/home/wuliu/code/rtabmap/install/rtabmap_slam:/home/wuliu/code/rtabmap/install/rtabmap_odom:/home/wuliu/code/rtabmap/install/rtabmap_util:/home/wuliu/code/rtabmap/install/rtabmap_sync:/home/wuliu/code/rtabmap/install/rtabmap_rviz_plugins:/home/wuliu/code/rtabmap/install/rtabmap_conversions:/home/wuliu/code/rtabmap/install/rtabmap_msgs:${AMENT_PREFIX_PATH} CMAKE_PREFIX_PATH=/home/wuliu/code/rtabmap/install/rtabmap_viz:/home/wuliu/code/rtabmap/install/rtabmap_slam:/home/wuliu/code/rtabmap/install/rtabmap_odom:/home/wuliu/code/rtabmap/install/rtabmap_util:/home/wuliu/code/rtabmap/install/rtabmap_sync:/home/wuliu/code/rtabmap/install/rtabmap_rviz_plugins:/home/wuliu/code/rtabmap/install/rtabmap_conversions:/home/wuliu/code/rtabmap/install/rtabmap_msgs:/home/wuliu/code/rtabmap/install/rtabmap:/opt/ros/humble LD_LIBRARY_PATH=/home/wuliu/code/rtabmap/install/rtabmap_slam/lib:/home/wuliu/code/rtabmap/install/rtabmap_odom/lib:/home/wuliu/code/rtabmap/install/rtabmap_util/lib:/home/wuliu/code/rtabmap/install/rtabmap_sync/lib:/home/wuliu/code/rtabmap/install/rtabmap_rviz_plugins/lib:/home/wuliu/code/rtabmap/install/rtabmap_conversions/lib:/home/wuliu/code/rtabmap/install/rtabmap_msgs/lib:/home/wuliu/code/rtabmap/install/rtabmap/lib:${LD_LIBRARY_PATH} PATH=/home/wuliu/code/rtabmap/install/rtabmap/bin:${PATH} PKG_CONFIG_PATH=/home/wuliu/code/rtabmap/install/rtabmap/lib/x86_64-linux-gnu/pkgconfig:/home/wuliu/code/rtabmap/install/rtabmap/lib/pkgconfig PYTHONPATH=/home/wuliu/code/rtabmap/install/rtabmap_msgs/local/lib/python3.10/dist-packages:${PYTHONPATH} /usr/bin/cmake /home/wuliu/code/rtabmap/src/rtabmap_ros/rtabmap_examples -DCMAKE_BUILD_TYPE=Release -DAMENT_CMAKE_SYMLINK_INSTALL=1 -DCMAKE_INSTALL_PREFIX=/home/wuliu/code/rtabmap/install/rtabmap_examples
[0.073s] -- The C compiler identification is GNU 11.4.0
[0.119s] -- The CXX compiler identification is GNU 11.4.0
[0.125s] -- Detecting C compiler ABI info
[0.187s] -- Detecting C compiler ABI info - done
[0.192s] -- Check for working C compiler: /usr/bin/cc - skipped
[0.192s] -- Detecting C compile features
[0.192s] -- Detecting C compile features - done
[0.194s] -- Detecting CXX compiler ABI info
[0.265s] -- Detecting CXX compiler ABI info - done
[0.270s] -- Check for working CXX compiler: /usr/bin/c++ - skipped
[0.270s] -- Detecting CXX compile features
[0.270s] -- Detecting CXX compile features - done
[0.273s] -- Found ament_cmake: 1.3.11 (/opt/ros/humble/share/ament_cmake/cmake)
[0.380s] -- Found Python3: /usr/bin/python3 (found version "3.10.12") found components: Interpreter 
[0.422s] -- Override CMake install command with custom implementation using symlinks instead of copying resources
[0.505s] -- Configuring done
[0.507s] -- Generating done
[0.508s] -- Build files have been written to: /home/wuliu/code/rtabmap/build/rtabmap_examples
[0.512s] Invoked command in '/home/wuliu/code/rtabmap/build/rtabmap_examples' returned '0': AMENT_PREFIX_PATH=/home/wuliu/code/rtabmap/install/rtabmap_viz:/home/wuliu/code/rtabmap/install/rtabmap_slam:/home/wuliu/code/rtabmap/install/rtabmap_odom:/home/wuliu/code/rtabmap/install/rtabmap_util:/home/wuliu/code/rtabmap/install/rtabmap_sync:/home/wuliu/code/rtabmap/install/rtabmap_rviz_plugins:/home/wuliu/code/rtabmap/install/rtabmap_conversions:/home/wuliu/code/rtabmap/install/rtabmap_msgs:${AMENT_PREFIX_PATH} CMAKE_PREFIX_PATH=/home/wuliu/code/rtabmap/install/rtabmap_viz:/home/wuliu/code/rtabmap/install/rtabmap_slam:/home/wuliu/code/rtabmap/install/rtabmap_odom:/home/wuliu/code/rtabmap/install/rtabmap_util:/home/wuliu/code/rtabmap/install/rtabmap_sync:/home/wuliu/code/rtabmap/install/rtabmap_rviz_plugins:/home/wuliu/code/rtabmap/install/rtabmap_conversions:/home/wuliu/code/rtabmap/install/rtabmap_msgs:/home/wuliu/code/rtabmap/install/rtabmap:/opt/ros/humble LD_LIBRARY_PATH=/home/wuliu/code/rtabmap/install/rtabmap_slam/lib:/home/wuliu/code/rtabmap/install/rtabmap_odom/lib:/home/wuliu/code/rtabmap/install/rtabmap_util/lib:/home/wuliu/code/rtabmap/install/rtabmap_sync/lib:/home/wuliu/code/rtabmap/install/rtabmap_rviz_plugins/lib:/home/wuliu/code/rtabmap/install/rtabmap_conversions/lib:/home/wuliu/code/rtabmap/install/rtabmap_msgs/lib:/home/wuliu/code/rtabmap/install/rtabmap/lib:${LD_LIBRARY_PATH} PATH=/home/wuliu/code/rtabmap/install/rtabmap/bin:${PATH} PKG_CONFIG_PATH=/home/wuliu/code/rtabmap/install/rtabmap/lib/x86_64-linux-gnu/pkgconfig:/home/wuliu/code/rtabmap/install/rtabmap/lib/pkgconfig PYTHONPATH=/home/wuliu/code/rtabmap/install/rtabmap_msgs/local/lib/python3.10/dist-packages:${PYTHONPATH} /usr/bin/cmake /home/wuliu/code/rtabmap/src/rtabmap_ros/rtabmap_examples -DCMAKE_BUILD_TYPE=Release -DAMENT_CMAKE_SYMLINK_INSTALL=1 -DCMAKE_INSTALL_PREFIX=/home/wuliu/code/rtabmap/install/rtabmap_examples
[0.513s] Invoking command in '/home/wuliu/code/rtabmap/build/rtabmap_examples': AMENT_PREFIX_PATH=/home/wuliu/code/rtabmap/install/rtabmap_viz:/home/wuliu/code/rtabmap/install/rtabmap_slam:/home/wuliu/code/rtabmap/install/rtabmap_odom:/home/wuliu/code/rtabmap/install/rtabmap_util:/home/wuliu/code/rtabmap/install/rtabmap_sync:/home/wuliu/code/rtabmap/install/rtabmap_rviz_plugins:/home/wuliu/code/rtabmap/install/rtabmap_conversions:/home/wuliu/code/rtabmap/install/rtabmap_msgs:${AMENT_PREFIX_PATH} CMAKE_PREFIX_PATH=/home/wuliu/code/rtabmap/install/rtabmap_viz:/home/wuliu/code/rtabmap/install/rtabmap_slam:/home/wuliu/code/rtabmap/install/rtabmap_odom:/home/wuliu/code/rtabmap/install/rtabmap_util:/home/wuliu/code/rtabmap/install/rtabmap_sync:/home/wuliu/code/rtabmap/install/rtabmap_rviz_plugins:/home/wuliu/code/rtabmap/install/rtabmap_conversions:/home/wuliu/code/rtabmap/install/rtabmap_msgs:/home/wuliu/code/rtabmap/install/rtabmap:/opt/ros/humble LD_LIBRARY_PATH=/home/wuliu/code/rtabmap/install/rtabmap_slam/lib:/home/wuliu/code/rtabmap/install/rtabmap_odom/lib:/home/wuliu/code/rtabmap/install/rtabmap_util/lib:/home/wuliu/code/rtabmap/install/rtabmap_sync/lib:/home/wuliu/code/rtabmap/install/rtabmap_rviz_plugins/lib:/home/wuliu/code/rtabmap/install/rtabmap_conversions/lib:/home/wuliu/code/rtabmap/install/rtabmap_msgs/lib:/home/wuliu/code/rtabmap/install/rtabmap/lib:${LD_LIBRARY_PATH} PATH=/home/wuliu/code/rtabmap/install/rtabmap/bin:${PATH} PKG_CONFIG_PATH=/home/wuliu/code/rtabmap/install/rtabmap/lib/x86_64-linux-gnu/pkgconfig:/home/wuliu/code/rtabmap/install/rtabmap/lib/pkgconfig PYTHONPATH=/home/wuliu/code/rtabmap/install/rtabmap_msgs/local/lib/python3.10/dist-packages:${PYTHONPATH} /usr/bin/cmake --build /home/wuliu/code/rtabmap/build/rtabmap_examples
[0.548s] Invoked command in '/home/wuliu/code/rtabmap/build/rtabmap_examples' returned '0': AMENT_PREFIX_PATH=/home/wuliu/code/rtabmap/install/rtabmap_viz:/home/wuliu/code/rtabmap/install/rtabmap_slam:/home/wuliu/code/rtabmap/install/rtabmap_odom:/home/wuliu/code/rtabmap/install/rtabmap_util:/home/wuliu/code/rtabmap/install/rtabmap_sync:/home/wuliu/code/rtabmap/install/rtabmap_rviz_plugins:/home/wuliu/code/rtabmap/install/rtabmap_conversions:/home/wuliu/code/rtabmap/install/rtabmap_msgs:${AMENT_PREFIX_PATH} CMAKE_PREFIX_PATH=/home/wuliu/code/rtabmap/install/rtabmap_viz:/home/wuliu/code/rtabmap/install/rtabmap_slam:/home/wuliu/code/rtabmap/install/rtabmap_odom:/home/wuliu/code/rtabmap/install/rtabmap_util:/home/wuliu/code/rtabmap/install/rtabmap_sync:/home/wuliu/code/rtabmap/install/rtabmap_rviz_plugins:/home/wuliu/code/rtabmap/install/rtabmap_conversions:/home/wuliu/code/rtabmap/install/rtabmap_msgs:/home/wuliu/code/rtabmap/install/rtabmap:/opt/ros/humble LD_LIBRARY_PATH=/home/wuliu/code/rtabmap/install/rtabmap_slam/lib:/home/wuliu/code/rtabmap/install/rtabmap_odom/lib:/home/wuliu/code/rtabmap/install/rtabmap_util/lib:/home/wuliu/code/rtabmap/install/rtabmap_sync/lib:/home/wuliu/code/rtabmap/install/rtabmap_rviz_plugins/lib:/home/wuliu/code/rtabmap/install/rtabmap_conversions/lib:/home/wuliu/code/rtabmap/install/rtabmap_msgs/lib:/home/wuliu/code/rtabmap/install/rtabmap/lib:${LD_LIBRARY_PATH} PATH=/home/wuliu/code/rtabmap/install/rtabmap/bin:${PATH} PKG_CONFIG_PATH=/home/wuliu/code/rtabmap/install/rtabmap/lib/x86_64-linux-gnu/pkgconfig:/home/wuliu/code/rtabmap/install/rtabmap/lib/pkgconfig PYTHONPATH=/home/wuliu/code/rtabmap/install/rtabmap_msgs/local/lib/python3.10/dist-packages:${PYTHONPATH} /usr/bin/cmake --build /home/wuliu/code/rtabmap/build/rtabmap_examples
[0.549s] Invoking command in '/home/wuliu/code/rtabmap/build/rtabmap_examples': AMENT_PREFIX_PATH=/home/wuliu/code/rtabmap/install/rtabmap_viz:/home/wuliu/code/rtabmap/install/rtabmap_slam:/home/wuliu/code/rtabmap/install/rtabmap_odom:/home/wuliu/code/rtabmap/install/rtabmap_util:/home/wuliu/code/rtabmap/install/rtabmap_sync:/home/wuliu/code/rtabmap/install/rtabmap_rviz_plugins:/home/wuliu/code/rtabmap/install/rtabmap_conversions:/home/wuliu/code/rtabmap/install/rtabmap_msgs:${AMENT_PREFIX_PATH} CMAKE_PREFIX_PATH=/home/wuliu/code/rtabmap/install/rtabmap_viz:/home/wuliu/code/rtabmap/install/rtabmap_slam:/home/wuliu/code/rtabmap/install/rtabmap_odom:/home/wuliu/code/rtabmap/install/rtabmap_util:/home/wuliu/code/rtabmap/install/rtabmap_sync:/home/wuliu/code/rtabmap/install/rtabmap_rviz_plugins:/home/wuliu/code/rtabmap/install/rtabmap_conversions:/home/wuliu/code/rtabmap/install/rtabmap_msgs:/home/wuliu/code/rtabmap/install/rtabmap:/opt/ros/humble LD_LIBRARY_PATH=/home/wuliu/code/rtabmap/install/rtabmap_slam/lib:/home/wuliu/code/rtabmap/install/rtabmap_odom/lib:/home/wuliu/code/rtabmap/install/rtabmap_util/lib:/home/wuliu/code/rtabmap/install/rtabmap_sync/lib:/home/wuliu/code/rtabmap/install/rtabmap_rviz_plugins/lib:/home/wuliu/code/rtabmap/install/rtabmap_conversions/lib:/home/wuliu/code/rtabmap/install/rtabmap_msgs/lib:/home/wuliu/code/rtabmap/install/rtabmap/lib:${LD_LIBRARY_PATH} PATH=/home/wuliu/code/rtabmap/install/rtabmap/bin:${PATH} PKG_CONFIG_PATH=/home/wuliu/code/rtabmap/install/rtabmap/lib/x86_64-linux-gnu/pkgconfig:/home/wuliu/code/rtabmap/install/rtabmap/lib/pkgconfig PYTHONPATH=/home/wuliu/code/rtabmap/install/rtabmap_msgs/local/lib/python3.10/dist-packages:${PYTHONPATH} /usr/bin/cmake --install /home/wuliu/code/rtabmap/build/rtabmap_examples
[0.556s] -- Install configuration: "Release"
[0.556s] -- Execute custom install script
[0.558s] -- Symlinking: /home/wuliu/code/rtabmap/install/rtabmap_examples/share/rtabmap_examples/launch/depthai.launch.py
[0.566s] -- Symlinking: /home/wuliu/code/rtabmap/install/rtabmap_examples/share/rtabmap_examples/launch/euroc_datasets.launch.py
[0.574s] -- Symlinking: /home/wuliu/code/rtabmap/install/rtabmap_examples/share/rtabmap_examples/launch/k4a.launch.py
[0.581s] -- Symlinking: /home/wuliu/code/rtabmap/install/rtabmap_examples/share/rtabmap_examples/launch/kinect_xbox_360.launch.py
[0.588s] -- Symlinking: /home/wuliu/code/rtabmap/install/rtabmap_examples/share/rtabmap_examples/launch/lidar3d.launch.py
[0.597s] -- Symlinking: /home/wuliu/code/rtabmap/install/rtabmap_examples/share/rtabmap_examples/launch/lidar3d_assemble.launch.py
[0.605s] -- Symlinking: /home/wuliu/code/rtabmap/install/rtabmap_examples/share/rtabmap_examples/launch/realsense_d400.launch.py
[0.613s] -- Symlinking: /home/wuliu/code/rtabmap/install/rtabmap_examples/share/rtabmap_examples/launch/realsense_d435i_color.launch.py
[0.621s] -- Symlinking: /home/wuliu/code/rtabmap/install/rtabmap_examples/share/rtabmap_examples/launch/realsense_d435i_infra.launch.py
[0.629s] -- Symlinking: /home/wuliu/code/rtabmap/install/rtabmap_examples/share/rtabmap_examples/launch/realsense_d435i_stereo.launch.py
[0.636s] -- Symlinking: /home/wuliu/code/rtabmap/install/rtabmap_examples/share/rtabmap_examples/launch/rgbdslam_datasets.launch.py
[0.643s] -- Symlinking: /home/wuliu/code/rtabmap/install/rtabmap_examples/share/rtabmap_examples/launch/rtabmap_D405x2.launch.py
[0.651s] -- Symlinking: /home/wuliu/code/rtabmap/install/rtabmap_examples/share/rtabmap_examples/launch/rtabmap_D405x3.launch.py
[0.659s] -- Symlinking: /home/wuliu/code/rtabmap/install/rtabmap_examples/share/rtabmap_examples/launch/vlp16_zed.launch.py
[0.667s] -- Symlinking: /home/wuliu/code/rtabmap/install/rtabmap_examples/share/rtabmap_examples/launch/zed.launch.py
[0.683s] -- Symlinking: /home/wuliu/code/rtabmap/install/rtabmap_examples/share/rtabmap_examples/config/euroc_left.yaml
[0.691s] -- Symlinking: /home/wuliu/code/rtabmap/install/rtabmap_examples/share/rtabmap_examples/config/euroc_right.yaml
[0.699s] -- Symlinking: /home/wuliu/code/rtabmap/install/rtabmap_examples/share/rtabmap_examples/config/slam_D405x2_config.rviz
[0.706s] -- Symlinking: /home/wuliu/code/rtabmap/install/rtabmap_examples/share/rtabmap_examples/config/slam_D405x3_config.rviz
[0.714s] -- Symlinking: /home/wuliu/code/rtabmap/install/rtabmap_examples/share/ament_index/resource_index/package_run_dependencies/rtabmap_examples
[0.722s] -- Symlinking: /home/wuliu/code/rtabmap/install/rtabmap_examples/share/ament_index/resource_index/parent_prefix_path/rtabmap_examples
[0.730s] -- Symlinking: /home/wuliu/code/rtabmap/install/rtabmap_examples/share/rtabmap_examples/environment/ament_prefix_path.sh
[0.737s] -- Symlinking: /home/wuliu/code/rtabmap/install/rtabmap_examples/share/rtabmap_examples/environment/ament_prefix_path.dsv
[0.745s] -- Symlinking: /home/wuliu/code/rtabmap/install/rtabmap_examples/share/rtabmap_examples/environment/path.sh
[0.753s] -- Symlinking: /home/wuliu/code/rtabmap/install/rtabmap_examples/share/rtabmap_examples/environment/path.dsv
[0.761s] -- Symlinking: /home/wuliu/code/rtabmap/install/rtabmap_examples/share/rtabmap_examples/local_setup.bash
[0.769s] -- Symlinking: /home/wuliu/code/rtabmap/install/rtabmap_examples/share/rtabmap_examples/local_setup.sh
[0.776s] -- Symlinking: /home/wuliu/code/rtabmap/install/rtabmap_examples/share/rtabmap_examples/local_setup.zsh
[0.783s] -- Symlinking: /home/wuliu/code/rtabmap/install/rtabmap_examples/share/rtabmap_examples/local_setup.dsv
[0.792s] -- Symlinking: /home/wuliu/code/rtabmap/install/rtabmap_examples/share/rtabmap_examples/package.dsv
[0.800s] -- Symlinking: /home/wuliu/code/rtabmap/install/rtabmap_examples/share/ament_index/resource_index/packages/rtabmap_examples
[0.808s] -- Symlinking: /home/wuliu/code/rtabmap/install/rtabmap_examples/share/rtabmap_examples/cmake/rtabmap_examplesConfig.cmake
[0.814s] -- Symlinking: /home/wuliu/code/rtabmap/install/rtabmap_examples/share/rtabmap_examples/cmake/rtabmap_examplesConfig-version.cmake
[0.823s] -- Symlinking: /home/wuliu/code/rtabmap/install/rtabmap_examples/share/rtabmap_examples/package.xml
[0.833s] Invoked command in '/home/wuliu/code/rtabmap/build/rtabmap_examples' returned '0': AMENT_PREFIX_PATH=/home/wuliu/code/rtabmap/install/rtabmap_viz:/home/wuliu/code/rtabmap/install/rtabmap_slam:/home/wuliu/code/rtabmap/install/rtabmap_odom:/home/wuliu/code/rtabmap/install/rtabmap_util:/home/wuliu/code/rtabmap/install/rtabmap_sync:/home/wuliu/code/rtabmap/install/rtabmap_rviz_plugins:/home/wuliu/code/rtabmap/install/rtabmap_conversions:/home/wuliu/code/rtabmap/install/rtabmap_msgs:${AMENT_PREFIX_PATH} CMAKE_PREFIX_PATH=/home/wuliu/code/rtabmap/install/rtabmap_viz:/home/wuliu/code/rtabmap/install/rtabmap_slam:/home/wuliu/code/rtabmap/install/rtabmap_odom:/home/wuliu/code/rtabmap/install/rtabmap_util:/home/wuliu/code/rtabmap/install/rtabmap_sync:/home/wuliu/code/rtabmap/install/rtabmap_rviz_plugins:/home/wuliu/code/rtabmap/install/rtabmap_conversions:/home/wuliu/code/rtabmap/install/rtabmap_msgs:/home/wuliu/code/rtabmap/install/rtabmap:/opt/ros/humble LD_LIBRARY_PATH=/home/wuliu/code/rtabmap/install/rtabmap_slam/lib:/home/wuliu/code/rtabmap/install/rtabmap_odom/lib:/home/wuliu/code/rtabmap/install/rtabmap_util/lib:/home/wuliu/code/rtabmap/install/rtabmap_sync/lib:/home/wuliu/code/rtabmap/install/rtabmap_rviz_plugins/lib:/home/wuliu/code/rtabmap/install/rtabmap_conversions/lib:/home/wuliu/code/rtabmap/install/rtabmap_msgs/lib:/home/wuliu/code/rtabmap/install/rtabmap/lib:${LD_LIBRARY_PATH} PATH=/home/wuliu/code/rtabmap/install/rtabmap/bin:${PATH} PKG_CONFIG_PATH=/home/wuliu/code/rtabmap/install/rtabmap/lib/x86_64-linux-gnu/pkgconfig:/home/wuliu/code/rtabmap/install/rtabmap/lib/pkgconfig PYTHONPATH=/home/wuliu/code/rtabmap/install/rtabmap_msgs/local/lib/python3.10/dist-packages:${PYTHONPATH} /usr/bin/cmake --install /home/wuliu/code/rtabmap/build/rtabmap_examples
