[0.021s] Invoking command in '/home/wuliu/code/rtabmap/build/rtabmap_util': AMENT_PREFIX_PATH=/home/wuliu/code/rtabmap/install/rtabmap_conversions:/home/wuliu/code/rtabmap/install/rtabmap_msgs:${AMENT_PREFIX_PATH} CMAKE_PREFIX_PATH=/home/wuliu/code/rtabmap/install/rtabmap_conversions:/home/wuliu/code/rtabmap/install/rtabmap_msgs:/home/wuliu/code/rtabmap/install/rtabmap:/opt/ros/humble LD_LIBRARY_PATH=/home/wuliu/code/rtabmap/install/rtabmap_conversions/lib:/home/wuliu/code/rtabmap/install/rtabmap_msgs/lib:/home/wuliu/code/rtabmap/install/rtabmap/lib:${LD_LIBRARY_PATH} PATH=/home/wuliu/code/rtabmap/install/rtabmap/bin:${PATH} PKG_CONFIG_PATH=/home/wuliu/code/rtabmap/install/rtabmap/lib/x86_64-linux-gnu/pkgconfig:/home/wuliu/code/rtabmap/install/rtabmap/lib/pkgconfig PYTHONPATH=/home/wuliu/code/rtabmap/install/rtabmap_msgs/local/lib/python3.10/dist-packages:${PYTHONPATH} /usr/bin/cmake /home/wuliu/code/rtabmap/src/rtabmap_ros/rtabmap_util -DCMAKE_BUILD_TYPE=Release -DAMENT_CMAKE_SYMLINK_INSTALL=1 -DCMAKE_INSTALL_PREFIX=/home/wuliu/code/rtabmap/install/rtabmap_util
[0.075s] -- The C compiler identification is GNU 11.4.0
[0.121s] -- The CXX compiler identification is GNU 11.4.0
[0.130s] -- Detecting C compiler ABI info
[0.190s] -- Detecting C compiler ABI info - done
[0.195s] -- Check for working C compiler: /usr/bin/cc - skipped
[0.195s] -- Detecting C compile features
[0.195s] -- Detecting C compile features - done
[0.197s] -- Detecting CXX compiler ABI info
[0.267s] -- Detecting CXX compiler ABI info - done
[0.271s] -- Check for working CXX compiler: /usr/bin/c++ - skipped
[0.272s] -- Detecting CXX compile features
[0.272s] -- Detecting CXX compile features - done
[0.281s] -- Found OpenCV: /usr (found version "4.5.4") found components: core calib3d imgproc highgui stitching photo video aruco objdetect missing components: xfeatures2d nonfree gpu cudafeatures2d
[0.296s] -- Checking for module 'eigen3'
[0.309s] --   Found eigen3, version 3.4.0
[0.341s] -- Found Eigen: /usr/include/eigen3 (Required is at least version "3.1") 
[0.341s] -- Eigen found (include: /usr/include/eigen3, version: 3.4.0)
[0.363s] -- Found Boost: /usr/lib/x86_64-linux-gnu/cmake/Boost-1.74.0/BoostConfig.cmake (found suitable version "1.74.0", minimum required is "1.65.0") found components: system filesystem date_time iostreams serialization 
[0.416s] -- Checking for module 'libusb-1.0'
[0.429s] --   Found libusb-1.0, version 1.0.25
[0.470s] -- Found libusb: /usr/lib/x86_64-linux-gnu/libusb-1.0.so  
[0.471s] -- Found OpenNI: /usr/lib/libOpenNI.so;libusb::libusb (found version "1.5.4.0") 
[0.471s] -- OpenNI found (version: 1.5.4.0, include: /usr/include/ni, lib: /usr/lib/libOpenNI.so;libusb::libusb)
[0.524s] -- Found OpenNI2: /usr/lib/x86_64-linux-gnu/libOpenNI2.so;libusb::libusb (found version "2.2.0.33") 
[0.524s] -- OpenNI2 found (version: 2.2.0.33, include: /usr/include/openni2, lib: /usr/lib/x86_64-linux-gnu/libOpenNI2.so;libusb::libusb)
[0.524s] [0m** WARNING ** io features related to pcap will be disabled[0m
[0.524s] [0m** WARNING ** io features related to png will be disabled[0m
[0.548s] -- Looking for pthread.h
[0.612s] -- Looking for pthread.h - found
[0.612s] -- Performing Test CMAKE_HAVE_LIBC_PTHREAD
[0.678s] -- Performing Test CMAKE_HAVE_LIBC_PTHREAD - Success
[0.679s] -- Found Threads: TRUE  
[0.683s] -- Found GLEW: /usr/lib/x86_64-linux-gnu/libGLEW.so  
[0.691s] -- Found OpenGL: /usr/lib/x86_64-linux-gnu/libOpenGL.so  found components: OpenGL GLX 
[0.815s] -- Found MPI_C: /usr/lib/x86_64-linux-gnu/libmpi.so (found version "3.1") 
[0.815s] -- Found MPI: TRUE (found version "3.1") found components: C 
[0.817s] -- Found JsonCpp: /usr/lib/x86_64-linux-gnu/libjsoncpp.so (found suitable version "1.9.5", minimum required is "0.7.0") 
[0.824s] -- Found ZLIB: /usr/lib/x86_64-linux-gnu/libz.so (found version "1.2.11") 
[0.836s] -- Found PNG: /usr/lib/x86_64-linux-gnu/libpng.so (found version "1.6.37") 
[0.848s] -- Found Eigen3: /usr/include/eigen3 (found version "3.4.0") 
[0.930s] -- Found X11: /usr/include   
[0.930s] -- Looking for XOpenDisplay in /usr/lib/x86_64-linux-gnu/libX11.so;/usr/lib/x86_64-linux-gnu/libXext.so
[0.992s] -- Looking for XOpenDisplay in /usr/lib/x86_64-linux-gnu/libX11.so;/usr/lib/x86_64-linux-gnu/libXext.so - found
[0.992s] -- Looking for gethostbyname
[1.052s] -- Looking for gethostbyname - found
[1.052s] -- Looking for connect
[1.112s] -- Looking for connect - found
[1.112s] -- Looking for remove
[1.172s] -- Looking for remove - found
[1.172s] -- Looking for shmat
[1.234s] -- Looking for shmat - found
[1.234s] -- Looking for IceConnectionNumber in ICE
[1.297s] -- Looking for IceConnectionNumber in ICE - found
[1.369s] -- Found EXPAT: /usr/lib/x86_64-linux-gnu/libexpat.so (found version "2.4.7") 
[1.370s] -- Found double-conversion: /usr/lib/x86_64-linux-gnu/libdouble-conversion.so  
[1.372s] -- Found LZ4: /usr/lib/x86_64-linux-gnu/liblz4.so (found version "1.9.3") 
[1.373s] -- Found LZMA: /usr/lib/x86_64-linux-gnu/liblzma.so (found version "5.2.5") 
[1.405s] -- Found JPEG: /usr/lib/x86_64-linux-gnu/libjpeg.so (found version "80") 
[1.409s] -- Found TIFF: /usr/lib/x86_64-linux-gnu/libtiff.so (found version "4.3.0")  
[1.412s] -- Found Freetype: /usr/lib/x86_64-linux-gnu/libfreetype.so (found version "2.11.1") 
[1.416s] -- Found utf8cpp: /usr/include/utf8cpp  
[1.442s] -- Eigen found (include: /usr/include/eigen3, version: 3.4.0)
[1.457s] -- Checking for module 'flann'
[1.472s] --   Found flann, version 1.9.1
[1.512s] -- Found FLANN: /usr/lib/x86_64-linux-gnu/libflann_cpp.so  
[1.513s] -- FLANN found (include: /usr/include, lib: /usr/lib/x86_64-linux-gnu/libflann_cpp.so)
[1.516s] -- Found Qhull version 8.0.2
[1.818s] -- OpenNI found (version: 1.5.4.0, include: /usr/include/ni, lib: /usr/lib/libOpenNI.so;libusb::libusb)
[1.824s] -- OpenNI2 found (version: 2.2.0.33, include: /usr/include/openni2, lib: /usr/lib/x86_64-linux-gnu/libOpenNI2.so;libusb::libusb)
[1.925s] -- looking for PCL_COMMON
[1.933s] -- Found PCL_COMMON: /usr/lib/x86_64-linux-gnu/libpcl_common.so  
[1.933s] -- looking for PCL_OCTREE
[1.934s] -- Found PCL_OCTREE: /usr/lib/x86_64-linux-gnu/libpcl_octree.so  
[1.934s] -- looking for PCL_IO
[1.934s] -- Found PCL_IO: /usr/lib/x86_64-linux-gnu/libpcl_io.so  
[1.934s] -- looking for PCL_KDTREE
[1.935s] -- Found PCL_KDTREE: /usr/lib/x86_64-linux-gnu/libpcl_kdtree.so  
[1.935s] -- looking for PCL_SEARCH
[1.936s] -- Found PCL_SEARCH: /usr/lib/x86_64-linux-gnu/libpcl_search.so  
[1.936s] -- looking for PCL_SURFACE
[1.936s] -- Found PCL_SURFACE: /usr/lib/x86_64-linux-gnu/libpcl_surface.so  
[1.936s] -- looking for PCL_FILTERS
[1.937s] -- Found PCL_FILTERS: /usr/lib/x86_64-linux-gnu/libpcl_filters.so  
[1.937s] -- looking for PCL_2D
[1.937s] -- Found PCL_2D: /usr/include/pcl-1.12  
[1.937s] -- looking for PCL_FEATURES
[1.938s] -- Found PCL_FEATURES: /usr/lib/x86_64-linux-gnu/libpcl_features.so  
[1.938s] -- looking for PCL_REGISTRATION
[1.938s] -- Found PCL_REGISTRATION: /usr/lib/x86_64-linux-gnu/libpcl_registration.so  
[1.938s] -- looking for PCL_SAMPLE_CONSENSUS
[1.939s] -- Found PCL_SAMPLE_CONSENSUS: /usr/lib/x86_64-linux-gnu/libpcl_sample_consensus.so  
[1.939s] -- looking for PCL_GEOMETRY
[1.939s] -- Found PCL_GEOMETRY: /usr/include/pcl-1.12  
[1.940s] -- looking for PCL_ML
[1.940s] -- Found PCL_ML: /usr/lib/x86_64-linux-gnu/libpcl_ml.so  
[1.940s] -- looking for PCL_SEGMENTATION
[1.941s] -- Found PCL_SEGMENTATION: /usr/lib/x86_64-linux-gnu/libpcl_segmentation.so  
[1.941s] -- looking for PCL_VISUALIZATION
[1.942s] -- Found PCL_VISUALIZATION: /usr/lib/x86_64-linux-gnu/libpcl_visualization.so  
[1.942s] -- Found PCL: pcl_common;pcl_octree;pcl_io;pcl_kdtree;pcl_search;pcl_surface;pcl_filters;pcl_features;pcl_registration;pcl_sample_consensus;pcl_ml;pcl_segmentation;pcl_visualization;Boost::system;Boost::filesystem;Boost::date_time;Boost::iostreams;Boost::serialization;/usr/lib/libOpenNI.so;libusb::libusb;/usr/lib/x86_64-linux-gnu/libOpenNI2.so;libusb::libusb;VTK::ChartsCore;VTK::CommonColor;VTK::CommonComputationalGeometry;VTK::CommonCore;VTK::CommonDataModel;VTK::CommonExecutionModel;VTK::CommonMath;VTK::CommonMisc;VTK::CommonTransforms;VTK::FiltersCore;VTK::FiltersExtraction;VTK::FiltersGeneral;VTK::FiltersGeometry;VTK::FiltersModeling;VTK::FiltersSources;VTK::ImagingCore;VTK::ImagingSources;VTK::InteractionImage;VTK::InteractionStyle;VTK::InteractionWidgets;VTK::IOCore;VTK::IOGeometry;VTK::IOImage;VTK::IOLegacy;VTK::IOPLY;VTK::RenderingAnnotation;VTK::RenderingCore;VTK::RenderingContext2D;VTK::RenderingLOD;VTK::RenderingFreeType;VTK::ViewsCore;VTK::ViewsContext2D;VTK::RenderingOpenGL2;VTK::GUISupportQt;FLANN::FLANN;QHULL::QHULL (Required is at least version "1.7") 
[1.951s] -- RTABMap=rtabmap::utilite;rtabmap::core;rtabmap::gui
[1.956s] -- Found ament_cmake: 1.3.11 (/opt/ros/humble/share/ament_cmake/cmake)
[2.081s] -- Found Python3: /usr/bin/python3 (found version "3.10.12") found components: Interpreter 
[2.132s] -- Override CMake install command with custom implementation using symlinks instead of copying resources
[2.162s] -- Found cv_bridge: 3.2.1 (/opt/ros/humble/share/cv_bridge/cmake)
[2.195s] -- Found rosidl_generator_c: 3.1.6 (/opt/ros/humble/share/rosidl_generator_c/cmake)
[2.200s] -- Found rosidl_adapter: 3.1.6 (/opt/ros/humble/share/rosidl_adapter/cmake)
[2.209s] -- Found rosidl_generator_cpp: 3.1.6 (/opt/ros/humble/share/rosidl_generator_cpp/cmake)
[2.221s] -- Using all available rosidl_typesupport_c: rosidl_typesupport_fastrtps_c;rosidl_typesupport_introspection_c
[2.236s] -- Using all available rosidl_typesupport_cpp: rosidl_typesupport_fastrtps_cpp;rosidl_typesupport_introspection_cpp
[2.287s] -- Found image_transport: 3.1.10 (/opt/ros/humble/share/image_transport/cmake)
[2.330s] -- Found rmw_implementation_cmake: 6.1.2 (/opt/ros/humble/share/rmw_implementation_cmake/cmake)
[2.333s] -- Found rmw_cyclonedds_cpp: 1.3.4 (/opt/ros/humble/share/rmw_cyclonedds_cpp/cmake)
[2.354s] -- Using RMW implementation 'rmw_cyclonedds_cpp' as default
[2.421s] -- Found rclcpp_components: 16.0.11 (/opt/ros/humble/share/rclcpp_components/cmake)
[2.438s] -- Found stereo_msgs: 4.2.4 (/opt/ros/humble/share/stereo_msgs/cmake)
[2.451s] -- Found nav_msgs: 4.2.4 (/opt/ros/humble/share/nav_msgs/cmake)
[2.467s] -- Found tf2: 0.25.12 (/opt/ros/humble/share/tf2/cmake)
[2.471s] -- Found tf2_geometry_msgs: 0.25.12 (/opt/ros/humble/share/tf2_geometry_msgs/cmake)
[2.485s] -- Found eigen3_cmake_module: 0.1.1 (/opt/ros/humble/share/eigen3_cmake_module/cmake)
[2.486s] -- Found Eigen3: TRUE (found version "3.4.0") 
[2.486s] -- Ensuring Eigen3 include directory is part of orocos-kdl CMake target
[2.541s] -- Found laser_geometry: 2.4.0 (/opt/ros/humble/share/laser_geometry/cmake)
[2.546s] -- Found pcl_conversions: 2.4.5 (/opt/ros/humble/share/pcl_conversions/cmake)
[2.564s] -- Found pcl_ros: 2.4.5 (/opt/ros/humble/share/pcl_ros/cmake)
[2.572s] -- Found rtabmap_msgs: 0.21.10 (/home/wuliu/code/rtabmap/install/rtabmap_msgs/share/rtabmap_msgs/cmake)
[2.593s] -- Found rtabmap_conversions: 0.21.10 (/home/wuliu/code/rtabmap/install/rtabmap_conversions/share/rtabmap_conversions/cmake)
[2.609s] -- Found octomap_msgs: 2.0.1 (/opt/ros/humble/share/octomap_msgs/cmake)
[2.622s] -- Found grid_map_ros: 2.0.1 (/opt/ros/humble/share/grid_map_ros/cmake)
[2.697s] -- WITH octomap_msgs
[2.698s] -- WITH grid_map_ros
[2.971s] -- Configuring done
[3.516s] -- Generating done
[3.579s] -- Build files have been written to: /home/wuliu/code/rtabmap/build/rtabmap_util
[3.602s] Invoked command in '/home/wuliu/code/rtabmap/build/rtabmap_util' returned '0': AMENT_PREFIX_PATH=/home/wuliu/code/rtabmap/install/rtabmap_conversions:/home/wuliu/code/rtabmap/install/rtabmap_msgs:${AMENT_PREFIX_PATH} CMAKE_PREFIX_PATH=/home/wuliu/code/rtabmap/install/rtabmap_conversions:/home/wuliu/code/rtabmap/install/rtabmap_msgs:/home/wuliu/code/rtabmap/install/rtabmap:/opt/ros/humble LD_LIBRARY_PATH=/home/wuliu/code/rtabmap/install/rtabmap_conversions/lib:/home/wuliu/code/rtabmap/install/rtabmap_msgs/lib:/home/wuliu/code/rtabmap/install/rtabmap/lib:${LD_LIBRARY_PATH} PATH=/home/wuliu/code/rtabmap/install/rtabmap/bin:${PATH} PKG_CONFIG_PATH=/home/wuliu/code/rtabmap/install/rtabmap/lib/x86_64-linux-gnu/pkgconfig:/home/wuliu/code/rtabmap/install/rtabmap/lib/pkgconfig PYTHONPATH=/home/wuliu/code/rtabmap/install/rtabmap_msgs/local/lib/python3.10/dist-packages:${PYTHONPATH} /usr/bin/cmake /home/wuliu/code/rtabmap/src/rtabmap_ros/rtabmap_util -DCMAKE_BUILD_TYPE=Release -DAMENT_CMAKE_SYMLINK_INSTALL=1 -DCMAKE_INSTALL_PREFIX=/home/wuliu/code/rtabmap/install/rtabmap_util
[3.604s] Invoking command in '/home/wuliu/code/rtabmap/build/rtabmap_util': AMENT_PREFIX_PATH=/home/wuliu/code/rtabmap/install/rtabmap_conversions:/home/wuliu/code/rtabmap/install/rtabmap_msgs:${AMENT_PREFIX_PATH} CMAKE_PREFIX_PATH=/home/wuliu/code/rtabmap/install/rtabmap_conversions:/home/wuliu/code/rtabmap/install/rtabmap_msgs:/home/wuliu/code/rtabmap/install/rtabmap:/opt/ros/humble LD_LIBRARY_PATH=/home/wuliu/code/rtabmap/install/rtabmap_conversions/lib:/home/wuliu/code/rtabmap/install/rtabmap_msgs/lib:/home/wuliu/code/rtabmap/install/rtabmap/lib:${LD_LIBRARY_PATH} PATH=/home/wuliu/code/rtabmap/install/rtabmap/bin:${PATH} PKG_CONFIG_PATH=/home/wuliu/code/rtabmap/install/rtabmap/lib/x86_64-linux-gnu/pkgconfig:/home/wuliu/code/rtabmap/install/rtabmap/lib/pkgconfig PYTHONPATH=/home/wuliu/code/rtabmap/install/rtabmap_msgs/local/lib/python3.10/dist-packages:${PYTHONPATH} /usr/bin/cmake --build /home/wuliu/code/rtabmap/build/rtabmap_util
[3.657s] [ 15%] [32mBuilding CXX object CMakeFiles/rtabmap_util_plugins.dir/src/nodelets/obstacles_detection.cpp.o[0m
[3.657s] [ 15%] [32mBuilding CXX object CMakeFiles/rtabmap_util_plugins.dir/src/nodelets/pointcloud_to_depthimage.cpp.o[0m
[3.657s] [ 15%] [32mBuilding CXX object CMakeFiles/rtabmap_util_plugins.dir/src/nodelets/point_cloud_xyz.cpp.o[0m
[3.657s] [ 15%] [32mBuilding CXX object CMakeFiles/rtabmap_util_plugins.dir/src/MapsManager.cpp.o[0m
[3.658s] [ 15%] [32mBuilding CXX object CMakeFiles/rtabmap_util_plugins.dir/src/nodelets/disparity_to_depth.cpp.o[0m
[3.658s] [ 15%] [32mBuilding CXX object CMakeFiles/rtabmap_util_plugins.dir/src/nodelets/point_cloud_xyzrgb.cpp.o[0m
[12.024s] [ 18%] [32mBuilding CXX object CMakeFiles/rtabmap_util_plugins.dir/src/nodelets/point_cloud_aggregator.cpp.o[0m
[18.211s] [ 21%] [32mBuilding CXX object CMakeFiles/rtabmap_util_plugins.dir/src/nodelets/point_cloud_assembler.cpp.o[0m
[20.543s] [ 23%] [32mBuilding CXX object CMakeFiles/rtabmap_util_plugins.dir/src/nodelets/imu_to_tf.cpp.o[0m
[25.789s] [ 26%] [32mBuilding CXX object CMakeFiles/rtabmap_util_plugins.dir/src/nodelets/lidar_deskewing.cpp.o[0m
[28.163s] [ 28%] [32mBuilding CXX object CMakeFiles/rtabmap_util_plugins.dir/src/nodelets/rgbd_relay.cpp.o[0m
[32.474s] [ 31%] [32mBuilding CXX object CMakeFiles/rtabmap_util_plugins.dir/src/nodelets/rgbd_split.cpp.o[0m
[32.500s] [ 34%] [32mBuilding CXX object CMakeFiles/rtabmap_util_plugins.dir/src/nodelets/map_assembler.cpp.o[0m
[48.932s] [ 36%] [32m[1mLinking CXX shared library librtabmap_util_plugins.so[0m
[50.437s] [ 36%] Built target rtabmap_util_plugins
[50.457s] [ 50%] [32mBuilding CXX object CMakeFiles/rtabmap_imu_to_tf.dir/src/ImuToTFNode.cpp.o[0m
[50.457s] [ 50%] [32mBuilding CXX object CMakeFiles/rtabmap_rgbd_relay.dir/src/RGBDRelayNode.cpp.o[0m
[50.457s] [ 50%] [32mBuilding CXX object CMakeFiles/rtabmap_rgbd_split.dir/src/RGBDSplitNode.cpp.o[0m
[50.457s] [ 50%] [32mBuilding CXX object CMakeFiles/rtabmap_disparity_to_depth.dir/src/DisparityToDepthNode.cpp.o[0m
[50.457s] [ 50%] [32mBuilding CXX object CMakeFiles/rtabmap_map_assembler.dir/src/MapAssemblerNode.cpp.o[0m
[50.457s] [ 52%] [32mBuilding CXX object CMakeFiles/rtabmap_lidar_deskewing.dir/src/LidarDeskewingNode.cpp.o[0m
[53.085s] [ 55%] [32m[1mLinking CXX executable disparity_to_depth[0m
[53.114s] [ 57%] [32m[1mLinking CXX executable rgbd_relay[0m
[53.138s] [ 60%] [32m[1mLinking CXX executable rgbd_split[0m
[53.186s] [ 63%] [32m[1mLinking CXX executable imu_to_tf[0m
[53.297s] [ 65%] [32m[1mLinking CXX executable lidar_deskewing[0m
[54.767s] [ 65%] Built target rtabmap_rgbd_split
[54.769s] [ 65%] Built target rtabmap_disparity_to_depth
[54.790s] [ 71%] [32mBuilding CXX object CMakeFiles/rtabmap_point_cloud_xyz.dir/src/PointCloudXYZNode.cpp.o[0m
[54.790s] [ 71%] [32mBuilding CXX object CMakeFiles/rtabmap_point_cloud_xyzrgb.dir/src/PointCloudXYZRGBNode.cpp.o[0m
[54.819s] [ 71%] Built target rtabmap_rgbd_relay
[54.841s] [ 73%] [32mBuilding CXX object CMakeFiles/rtabmap_pointcloud_to_depthimage.dir/src/PointCloudToDepthImageNode.cpp.o[0m
[54.875s] [ 73%] Built target rtabmap_imu_to_tf
[54.897s] [ 76%] [32mBuilding CXX object CMakeFiles/rtabmap_obstacles_detection.dir/src/ObstaclesDetectionNode.cpp.o[0m
[54.920s] [ 76%] Built target rtabmap_lidar_deskewing
[54.943s] [ 78%] [32mBuilding CXX object CMakeFiles/rtabmap_point_cloud_aggregator.dir/src/PointCloudAggregatorNode.cpp.o[0m
[57.717s] [ 81%] [32m[1mLinking CXX executable point_cloud_aggregator[0m
[57.726s] [ 84%] [32m[1mLinking CXX executable pointcloud_to_depthimage[0m
[58.560s] [ 86%] [32m[1mLinking CXX executable map_assembler[0m
[59.128s] [ 86%] Built target rtabmap_point_cloud_aggregator
[59.154s] [ 89%] [32mBuilding CXX object CMakeFiles/rtabmap_point_cloud_assembler.dir/src/PointCloudAssemblerNode.cpp.o[0m
[59.217s] [ 89%] Built target rtabmap_pointcloud_to_depthimage
[59.474s] [ 92%] [32m[1mLinking CXX executable point_cloud_xyz[0m
[60.469s] [ 92%] Built target rtabmap_map_assembler
[60.768s] [ 92%] Built target rtabmap_point_cloud_xyz
[60.892s] [ 94%] [32m[1mLinking CXX executable point_cloud_xyzrgb[0m
[62.066s] [ 94%] Built target rtabmap_point_cloud_xyzrgb
[62.966s] [ 97%] [32m[1mLinking CXX executable obstacles_detection[0m
[64.526s] [ 97%] Built target rtabmap_obstacles_detection
[66.739s] [100%] [32m[1mLinking CXX executable point_cloud_assembler[0m
[67.849s] [100%] Built target rtabmap_point_cloud_assembler
[67.860s] Invoked command in '/home/wuliu/code/rtabmap/build/rtabmap_util' returned '0': AMENT_PREFIX_PATH=/home/wuliu/code/rtabmap/install/rtabmap_conversions:/home/wuliu/code/rtabmap/install/rtabmap_msgs:${AMENT_PREFIX_PATH} CMAKE_PREFIX_PATH=/home/wuliu/code/rtabmap/install/rtabmap_conversions:/home/wuliu/code/rtabmap/install/rtabmap_msgs:/home/wuliu/code/rtabmap/install/rtabmap:/opt/ros/humble LD_LIBRARY_PATH=/home/wuliu/code/rtabmap/install/rtabmap_conversions/lib:/home/wuliu/code/rtabmap/install/rtabmap_msgs/lib:/home/wuliu/code/rtabmap/install/rtabmap/lib:${LD_LIBRARY_PATH} PATH=/home/wuliu/code/rtabmap/install/rtabmap/bin:${PATH} PKG_CONFIG_PATH=/home/wuliu/code/rtabmap/install/rtabmap/lib/x86_64-linux-gnu/pkgconfig:/home/wuliu/code/rtabmap/install/rtabmap/lib/pkgconfig PYTHONPATH=/home/wuliu/code/rtabmap/install/rtabmap_msgs/local/lib/python3.10/dist-packages:${PYTHONPATH} /usr/bin/cmake --build /home/wuliu/code/rtabmap/build/rtabmap_util
[67.863s] Invoking command in '/home/wuliu/code/rtabmap/build/rtabmap_util': AMENT_PREFIX_PATH=/home/wuliu/code/rtabmap/install/rtabmap_conversions:/home/wuliu/code/rtabmap/install/rtabmap_msgs:${AMENT_PREFIX_PATH} CMAKE_PREFIX_PATH=/home/wuliu/code/rtabmap/install/rtabmap_conversions:/home/wuliu/code/rtabmap/install/rtabmap_msgs:/home/wuliu/code/rtabmap/install/rtabmap:/opt/ros/humble LD_LIBRARY_PATH=/home/wuliu/code/rtabmap/install/rtabmap_conversions/lib:/home/wuliu/code/rtabmap/install/rtabmap_msgs/lib:/home/wuliu/code/rtabmap/install/rtabmap/lib:${LD_LIBRARY_PATH} PATH=/home/wuliu/code/rtabmap/install/rtabmap/bin:${PATH} PKG_CONFIG_PATH=/home/wuliu/code/rtabmap/install/rtabmap/lib/x86_64-linux-gnu/pkgconfig:/home/wuliu/code/rtabmap/install/rtabmap/lib/pkgconfig PYTHONPATH=/home/wuliu/code/rtabmap/install/rtabmap_msgs/local/lib/python3.10/dist-packages:${PYTHONPATH} /usr/bin/cmake --install /home/wuliu/code/rtabmap/build/rtabmap_util
[67.868s] -- Install configuration: "Release"
[67.869s] -- Execute custom install script
[67.869s] -- Symlinking: /home/wuliu/code/rtabmap/install/rtabmap_util/share/rtabmap_util/environment/library_path.sh
[67.876s] -- Symlinking: /home/wuliu/code/rtabmap/install/rtabmap_util/share/rtabmap_util/environment/library_path.dsv
[67.884s] -- Symlinking: /home/wuliu/code/rtabmap/install/rtabmap_util/lib/rtabmap_util/transform_to_tf.py
[67.891s] -- Symlinking: /home/wuliu/code/rtabmap/install/rtabmap_util/lib/rtabmap_util/yaml_to_camera_info.py
[67.898s] -- Symlinking: /home/wuliu/code/rtabmap/install/rtabmap_util/lib/rtabmap_util/republish_tf_static.py
[67.906s] -- Symlinking: /home/wuliu/code/rtabmap/install/rtabmap_util/lib/rtabmap_util/imu_to_tf
[67.914s] -- Symlinking: /home/wuliu/code/rtabmap/install/rtabmap_util/lib/rtabmap_util/disparity_to_depth
[67.921s] -- Symlinking: /home/wuliu/code/rtabmap/install/rtabmap_util/lib/rtabmap_util/rgbd_relay
[67.929s] -- Symlinking: /home/wuliu/code/rtabmap/install/rtabmap_util/lib/rtabmap_util/rgbd_split
[67.935s] -- Symlinking: /home/wuliu/code/rtabmap/install/rtabmap_util/lib/rtabmap_util/lidar_deskewing
[67.942s] -- Symlinking: /home/wuliu/code/rtabmap/install/rtabmap_util/lib/rtabmap_util/point_cloud_xyz
[67.949s] -- Symlinking: /home/wuliu/code/rtabmap/install/rtabmap_util/lib/rtabmap_util/point_cloud_xyzrgb
[67.957s] -- Symlinking: /home/wuliu/code/rtabmap/install/rtabmap_util/lib/rtabmap_util/pointcloud_to_depthimage
[67.965s] -- Symlinking: /home/wuliu/code/rtabmap/install/rtabmap_util/lib/rtabmap_util/obstacles_detection
[67.972s] -- Symlinking: /home/wuliu/code/rtabmap/install/rtabmap_util/lib/rtabmap_util/point_cloud_aggregator
[67.978s] -- Symlinking: /home/wuliu/code/rtabmap/install/rtabmap_util/lib/rtabmap_util/point_cloud_assembler
[67.985s] -- Symlinking: /home/wuliu/code/rtabmap/install/rtabmap_util/lib/rtabmap_util/map_assembler
[67.994s] -- Symlinking: /home/wuliu/code/rtabmap/install/rtabmap_util/share/ament_index/resource_index/package_run_dependencies/rtabmap_util
[68.001s] -- Symlinking: /home/wuliu/code/rtabmap/install/rtabmap_util/share/ament_index/resource_index/parent_prefix_path/rtabmap_util
[68.009s] -- Symlinking: /home/wuliu/code/rtabmap/install/rtabmap_util/share/rtabmap_util/environment/ament_prefix_path.sh
[68.017s] -- Symlinking: /home/wuliu/code/rtabmap/install/rtabmap_util/share/rtabmap_util/environment/ament_prefix_path.dsv
[68.025s] -- Symlinking: /home/wuliu/code/rtabmap/install/rtabmap_util/share/rtabmap_util/environment/path.sh
[68.031s] -- Symlinking: /home/wuliu/code/rtabmap/install/rtabmap_util/share/rtabmap_util/environment/path.dsv
[68.038s] -- Symlinking: /home/wuliu/code/rtabmap/install/rtabmap_util/share/rtabmap_util/local_setup.bash
[68.045s] -- Symlinking: /home/wuliu/code/rtabmap/install/rtabmap_util/share/rtabmap_util/local_setup.sh
[68.052s] -- Symlinking: /home/wuliu/code/rtabmap/install/rtabmap_util/share/rtabmap_util/local_setup.zsh
[68.059s] -- Symlinking: /home/wuliu/code/rtabmap/install/rtabmap_util/share/rtabmap_util/local_setup.dsv
[68.066s] -- Symlinking: /home/wuliu/code/rtabmap/install/rtabmap_util/share/rtabmap_util/package.dsv
[68.073s] -- Symlinking: /home/wuliu/code/rtabmap/install/rtabmap_util/share/ament_index/resource_index/packages/rtabmap_util
[68.080s] -- Symlinking: /home/wuliu/code/rtabmap/install/rtabmap_util/share/ament_index/resource_index/rclcpp_components/rtabmap_util
[68.087s] -- Symlinking: /home/wuliu/code/rtabmap/install/rtabmap_util/share/rtabmap_util/cmake/ament_cmake_export_dependencies-extras.cmake
[68.094s] -- Symlinking: /home/wuliu/code/rtabmap/install/rtabmap_util/share/rtabmap_util/cmake/ament_cmake_export_include_directories-extras.cmake
[68.101s] -- Symlinking: /home/wuliu/code/rtabmap/install/rtabmap_util/share/rtabmap_util/cmake/ament_cmake_export_targets-extras.cmake
[68.109s] -- Symlinking: /home/wuliu/code/rtabmap/install/rtabmap_util/share/rtabmap_util/cmake/ament_cmake_export_libraries-extras.cmake
[68.115s] -- Symlinking: /home/wuliu/code/rtabmap/install/rtabmap_util/share/rtabmap_util/cmake/rtabmap_utilConfig.cmake
[68.123s] -- Symlinking: /home/wuliu/code/rtabmap/install/rtabmap_util/share/rtabmap_util/cmake/rtabmap_utilConfig-version.cmake
[68.130s] -- Symlinking: /home/wuliu/code/rtabmap/install/rtabmap_util/share/rtabmap_util/package.xml
[68.138s] -- Installing: /home/wuliu/code/rtabmap/install/rtabmap_util/lib/librtabmap_util_plugins.so
[68.147s] -- Set runtime path of "/home/wuliu/code/rtabmap/install/rtabmap_util/lib/librtabmap_util_plugins.so" to ""
[68.147s] -- Installing: /home/wuliu/code/rtabmap/install/rtabmap_util/include
[68.147s] -- Installing: /home/wuliu/code/rtabmap/install/rtabmap_util/include/rtabmap_util
[68.147s] -- Installing: /home/wuliu/code/rtabmap/install/rtabmap_util/include/rtabmap_util/visibility.h
[68.147s] -- Installing: /home/wuliu/code/rtabmap/install/rtabmap_util/include/rtabmap_util/MapsManager.h
[68.147s] -- Installing: /home/wuliu/code/rtabmap/install/rtabmap_util/include/rtabmap_util/ULogToRosout.h
[68.154s] -- Installing: /home/wuliu/code/rtabmap/install/rtabmap_util/share/rtabmap_util/cmake/rtabmap_utilExport.cmake
[68.155s] -- Installing: /home/wuliu/code/rtabmap/install/rtabmap_util/share/rtabmap_util/cmake/rtabmap_utilExport-release.cmake
[68.158s] Invoked command in '/home/wuliu/code/rtabmap/build/rtabmap_util' returned '0': AMENT_PREFIX_PATH=/home/wuliu/code/rtabmap/install/rtabmap_conversions:/home/wuliu/code/rtabmap/install/rtabmap_msgs:${AMENT_PREFIX_PATH} CMAKE_PREFIX_PATH=/home/wuliu/code/rtabmap/install/rtabmap_conversions:/home/wuliu/code/rtabmap/install/rtabmap_msgs:/home/wuliu/code/rtabmap/install/rtabmap:/opt/ros/humble LD_LIBRARY_PATH=/home/wuliu/code/rtabmap/install/rtabmap_conversions/lib:/home/wuliu/code/rtabmap/install/rtabmap_msgs/lib:/home/wuliu/code/rtabmap/install/rtabmap/lib:${LD_LIBRARY_PATH} PATH=/home/wuliu/code/rtabmap/install/rtabmap/bin:${PATH} PKG_CONFIG_PATH=/home/wuliu/code/rtabmap/install/rtabmap/lib/x86_64-linux-gnu/pkgconfig:/home/wuliu/code/rtabmap/install/rtabmap/lib/pkgconfig PYTHONPATH=/home/wuliu/code/rtabmap/install/rtabmap_msgs/local/lib/python3.10/dist-packages:${PYTHONPATH} /usr/bin/cmake --install /home/wuliu/code/rtabmap/build/rtabmap_util
